RUN	uk.gov.hmcts.reform.cmc.performance.simulations.CreateDefendantSimulation		createdefendantsimulation	1527613204143	 	2.0
USER	Create Defendant Response	1	START	1527613204829	1527613204829
REQUEST	Create Defendant Response	1		TX01_CMC_Def_LandingPage_Get	1527613204863	1527613205045	OK	 
REQUEST	Create Defendant Response	1		TX01_CMC_Def_LandingPage_Post	1527613208088	1527613208165	OK	 
REQUEST	Create Defendant Response	1		TX01_CMC_Def_LandingPage_Post Redirect 1	1527613208171	1527613208206	OK	 
REQUEST	Create Defendant Response	1		TX02_CMC_Def_Login_ClaimNumber	1527613211191	1527613211405	OK	 
REQUEST	Create Defendant Response	1		TX02_CMC_Def_Login_ClaimNumber Redirect 1	1527613211408	1527613211435	OK	 
REQUEST	Create Defendant Response	1		TX02_CMC_Def_Login_ClaimNumber Redirect 2	1527613211437	1527613211490	OK	 
REQUEST	Create Defendant Response	1		TX02_CMC_Def_Login_ClaimNumber Redirect 3	1527613211494	1527613212001	KO	regex(Please enter your security code to continue).find.exists, found nothing
GROUP	Failed to build request TX03_CMC_Def_Login_LoginPage: No attribute named 'redireUri' is defined 	1527613215010
REQUEST	Create Defendant Response	1		TX04_CMC_Def_FirstContact_ClaimSummary	1527613218022	1527613218303	OK	 
REQUEST	Create Defendant Response	1		TX05_CMC_Def_Login_Receiver	1527613221310	1527613221373	KO	css((.form-group>input[name='pinnumber'],Some(value))).find.exists, found nothing
REQUEST	Create Defendant Response	1		TX06_CMC_Def_Login_As_Defendant	1527613224365	1527613224503	OK	 
REQUEST	Create Defendant Response	1		TX07_CMC_Def_Response_dashBoard	1527613227529	1527613227655	KO	regex(Your money claims account).find.exists, found nothing
REQUEST	Create Defendant Response	1		TX08_CMC_Def_Response_Case_TaskList_Get	1527613230632	1527613230721	KO	regex(Respond to a money claim).find.exists, found nothing
REQUEST	Create Defendant Response	1		Response_YourDetails_Get	1527613233753	1527613233883	OK	 
REQUEST	Create Defendant Response	1		Response_YourDetails_Post	1527613236880	1527613236968	KO	regex(Confirm your details).find.exists, found nothing
REQUEST	Create Defendant Response	1		Response_DOB	1527613239962	1527613240010	KO	regex(Enter your date of birth).find.exists, found nothing
REQUEST	Create Defendant Response	1		Response_Mobile	1527613243017	1527613243067	KO	regex(Add a contact number).find.exists, found nothing
REQUEST	Create Defendant Response	1		Response_MoreTimeRequest_Get	1527613246052	1527613246136	OK	 
REQUEST	Create Defendant Response	1		Response_MoreTimeRequest_Post	1527613246145	1527613246198	KO	regex(Do you want more time to respond?).find.exists, found nothing
REQUEST	Create Defendant Response	1		Response_ResponseType_Get	1527613249221	1527613249297	OK	 
REQUEST	Create Defendant Response	1		Response_ResponseType_Post	1527613249300	1527613249342	KO	regex(How do you respond to the claim?).find.exists, found nothing
REQUEST	Create Defendant Response	1		Response_Reject_All_Of_Claim_Get	1527613252321	1527613252412	OK	 
REQUEST	Create Defendant Response	1		Response_Reject_All_Of_Claim_Post	1527613252415	1527613252468	KO	regex(Why do you reject the claim?).find.exists, found nothing
REQUEST	Create Defendant Response	1		Response_Your_Defence_Post_Get	1527613255460	1527613255541	OK	 
REQUEST	Create Defendant Response	1		Response_Your_Defence_Post	1527613255544	1527613255585	KO	regex(Why do you disagree with the claim?).find.exists, found nothing
REQUEST	Create Defendant Response	1		Response_TimeLine	1527613258582	1527613258628	KO	regex(Add your timeline of events).find.exists, found nothing
REQUEST	Create Defendant Response	1		Response_Evidence	1527613261643	1527613261697	KO	regex(List your evidence).find.exists, found nothing
REQUEST	Create Defendant Response	1		Response_Free_Mediation_Get	1527613264691	1527613264771	OK	 
REQUEST	Create Defendant Response	1		Response_Free_Mediation_Post	1527613264774	1527613264819	KO	regex(Free mediation).find.exists, found nothing
REQUEST	Create Defendant Response	1		Response_CheckAndSend_Get	1527613267814	1527613267890	OK	 
REQUEST	Create Defendant Response	1		Response_CheckAndSend_Post	1527613267894	1527613267937	KO	regex(Check your answers before submitting your response).find.exists, found nothing
USER	Create Defendant Response	1	END	1527613204829	1527613270948
