RUN	uk.gov.hmcts.reform.cmc.performance.simulations.CreateClaimSimulation		createclaimsimulation	1520418915649	 	2.0
USER	Create Claim	1	START	1520418916110	1520418916110
REQUEST	Create Claim	1		TX01_CMC_Login_LandingLoginPage	1520418916133	1520418916272	OK	 
REQUEST	Create Claim	1		TX01_CMC_Login_LandingLoginPage Redirect 1	1520418916302	1520418916352	OK	 
REQUEST	Create Claim	1		TX01_CMC_Login_LandingLoginPage Redirect 2	1520418916354	1520418916595	OK	 
REQUEST	Create Claim	1		TX02_CMC_Login_SubmitLogin	1520418931620	1520418932069	OK	 
REQUEST	Create Claim	1		TX02_CMC_Login_SubmitLogin Redirect 1	1520418932072	1520418932472	OK	 
REQUEST	Create Claim	1		TX02_CMC_Login_SubmitLogin Redirect 2	1520418932476	1520418933019	OK	 
REQUEST	Create Claim	1		TX03_CMC_Eligibility_MakeNewClaim	1520418948024	1520418948263	OK	 
REQUEST	Create Claim	1		TX04_CMC_Eligibility_FindoutEligibilityPage	1520418963266	1520418963396	OK	 
REQUEST	Create Claim	1		TX05_CMC_Eligibility_TotalAmountYouAreclaiming	1520418978396	1520418978675	OK	 
REQUEST	Create Claim	1		TX06_CMC_Eligibility_TotalAmountYouAreclaiming	1520418993676	1520418994329	OK	 
REQUEST	Create Claim	1		TX06_CMC_Eligibility_TotalAmountYouAreclaiming Redirect 1	1520418994331	1520418994652	OK	 
REQUEST	Create Claim	1		TX07_CMC_Eligibility_HelpWithCourtyFees	1520419009656	1520419010201	OK	 
REQUEST	Create Claim	1		TX07_CMC_Eligibility_HelpWithCourtyFees Redirect 1	1520419010203	1520419010522	OK	 
REQUEST	Create Claim	1		TX08_CMC_Eligibility_ClaimantAddress	1520419025526	1520419026073	OK	 
REQUEST	Create Claim	1		TX08_CMC_Eligibility_ClaimantAddress Redirect 1	1520419026075	1520419026401	OK	 
REQUEST	Create Claim	1		TX09_CMC_Eligibility_DefendantAddress	1520419041386	1520419041843	OK	 
REQUEST	Create Claim	1		TX09_CMC_Eligibility_DefendantAddress Redirect 1	1520419041845	1520419042164	OK	 
REQUEST	Create Claim	1		TX010_CMC_Eligibility_Over18	1520419057176	1520419058226	OK	 
REQUEST	Create Claim	1		TX010_CMC_Eligibility_Over18 Redirect 1	1520419058229	1520419058651	OK	 
REQUEST	Create Claim	1		TX011_CMC_Eligibility_SingleClaimant	1520419073656	1520419074099	OK	 
REQUEST	Create Claim	1		TX011_CMC_Eligibility_SingleClaimant Redirect 1	1520419074101	1520419074527	OK	 
REQUEST	Create Claim	1		TX012_CMC_Eligibility_SingleDefendant	1520419089524	1520419090074	OK	 
REQUEST	Create Claim	1		TX012_CMC_Eligibility_SingleDefendant Redirect 1	1520419090076	1520419090410	OK	 
REQUEST	Create Claim	1		TX013_CMC_Eligibility_GovernmentDepartment	1520419105416	1520419105944	OK	 
REQUEST	Create Claim	1		TX013_CMC_Eligibility_GovernmentDepartment Redirect 1	1520419105946	1520419106271	OK	 
REQUEST	Create Claim	1		TX014_CMC_Eligibility_TenancyDeposit	1520419121276	1520419121818	OK	 
REQUEST	Create Claim	1		TX014_CMC_Eligibility_TenancyDeposit Redirect 1	1520419121821	1520419121953	OK	 
REQUEST	Create Claim	1		Task list - GET	1520419136946	1520419137497	OK	 
REQUEST	Create Claim	1		Resolving this dispute - GET	1520419152496	1520419152860	OK	 
REQUEST	Create Claim	1		Resolving this dispute - POST	1520419167857	1520419168410	OK	 
REQUEST	Create Claim	1		Resolving this dispute - POST Redirect 1	1520419168413	1520419168735	OK	 
REQUEST	Create Claim	1		Completing claim - GET	1520419183745	1520419184195	OK	 
REQUEST	Create Claim	1		Completing claim - POST	1520419199197	1520419200768	OK	 
REQUEST	Create Claim	1		Completing claim - POST Redirect 1	1520419200770	1520419201805	OK	 
REQUEST	Create Claim	1		Party type selection - GET	1520419216806	1520419217173	OK	 
REQUEST	Create Claim	1		Party type selection - POST	1520419232176	1520419232719	OK	 
REQUEST	Create Claim	1		Party type selection - POST Redirect 1	1520419232721	1520419233081	OK	 
REQUEST	Create Claim	1		Your details - POST	1520419248074	1520419248902	OK	 
REQUEST	Create Claim	1		Your details - POST Redirect 1	1520419248904	1520419249220	OK	 
REQUEST	Create Claim	1		Date of birth - POST	1520419264215	1520419264769	OK	 
REQUEST	Create Claim	1		Date of birth - POST Redirect 1	1520419264771	1520419265094	OK	 
REQUEST	Create Claim	1		Mobile number - POST	1520419280119	1520419280507	OK	 
REQUEST	Create Claim	1		Mobile number - POST Redirect 1	1520419280509	1520419280864	OK	 
REQUEST	Create Claim	1		Party type selection - GET	1520419295866	1520419296228	OK	 
REQUEST	Create Claim	1		Party type selection - POST	1520419311225	1520419311669	OK	 
REQUEST	Create Claim	1		Party type selection - POST Redirect 1	1520419311670	1520419312002	OK	 
REQUEST	Create Claim	1		Their details - POST	1520419326996	1520419327747	OK	 
REQUEST	Create Claim	1		Their details - POST Redirect 1	1520419327748	1520419328071	OK	 
REQUEST	Create Claim	1		Email address - POST	1520419343086	1520419343723	OK	 
REQUEST	Create Claim	1		Email address - POST Redirect 1	1520419343725	1520419344043	OK	 
REQUEST	Create Claim	1		Amount - GET	1520419359046	1520419359438	OK	 
REQUEST	Create Claim	1		Amount - POST	1520419374426	1520419374954	OK	 
REQUEST	Create Claim	1		Amount - POST Redirect 1	1520419374956	1520419375290	OK	 
REQUEST	Create Claim	1		Interest - POST	1520419390294	1520419390725	OK	 
REQUEST	Create Claim	1		Interest - POST Redirect 1	1520419390727	1520419391261	OK	 
REQUEST	Create Claim	1		Fees - POST	1520419406265	1520419406598	OK	 
REQUEST	Create Claim	1		Fees - POST Redirect 1	1520419406600	1520419407126	OK	 
REQUEST	Create Claim	1		Total - POST	1520419422123	1520419422476	OK	 
REQUEST	Create Claim	1		Total - POST Redirect 1	1520419422477	1520419422892	OK	 
REQUEST	Create Claim	1		Reason - GET	1520419437896	1520419438254	OK	 
REQUEST	Create Claim	1		Reason - POST	1520419453256	1520419453701	OK	 
REQUEST	Create Claim	1		Reason - POST Redirect 1	1520419453703	1520419453972	OK	 
REQUEST	Create Claim	1		Check and send - GET	1520419468975	1520419469719	OK	 
REQUEST	Create Claim	1		request_438	1520419484715	1520419485034	OK	 
REQUEST	Create Claim	1		request_438 Redirect 1	1520419485035	1520419486366	OK	 
REQUEST	Create Claim	1		request_438 Redirect 2	1520419486369	1520419486981	OK	 
REQUEST	Create Claim	1		request_438 Redirect 3	1520419486983	1520419487199	OK	 
REQUEST	Create Claim	1		request_451	1520419502196	1520419502649	OK	 
REQUEST	Create Claim	1		request_451 Redirect 1	1520419502650	1520419502731	OK	 
REQUEST	Create Claim	1		request_462	1520419517734	1520419517916	OK	 
REQUEST	Create Claim	1		request_462 Redirect 1	1520419517918	1520419518037	OK	 
REQUEST	Create Claim	1		request_462 Redirect 2	1520419518038	1520419520057	OK	 
REQUEST	Create Claim	1		request_462 Redirect 3	1520419520059	1520419520274	OK	 
REQUEST	Create Claim	1		request_474	1520419535285	1520419535519	OK	 
REQUEST	Create Claim	1		request_474 Redirect 1	1520419535521	1520419535578	OK	 
REQUEST	Create Claim	1		request_474 Redirect 2	1520419535580	1520419535641	OK	 
REQUEST	Create Claim	1		request_474 Redirect 3	1520419535642	1520419535841	OK	 
USER	Create Claim	1	END	1520418916110	1520419550837
