RUN	uk.gov.hmcts.reform.cmc.performance.simulations.CreateClaimSimulation		createclaimsimulation	1527613001399	 	2.0
USER	Create Claim	1	START	1527613002019	1527613002019
REQUEST	Create Claim	1		TX01_CMC_Login_LandingLoginPage	1527613002053	1527613002148	OK	 
REQUEST	Create Claim	1		TX01_CMC_Login_LandingLoginPage Redirect 1	1527613002172	1527613002196	OK	 
REQUEST	Create Claim	1		TX01_CMC_Login_LandingLoginPage Redirect 2	1527613002197	1527613002455	OK	 
REQUEST	Create Claim	1		TX02_CMC_Login_SubmitLogin	1527613005499	1527613005837	OK	 
REQUEST	Create Claim	1		TX02_CMC_Login_SubmitLogin Redirect 1	1527613005839	1527613007062	OK	 
REQUEST	Create Claim	1		TX02_CMC_Login_SubmitLogin Redirect 2	1527613007066	1527613007410	KO	regex(Find out if you can make a claim using this service).find.exists, found nothing
REQUEST	Create Claim	1		TX05_CMC_Eligibility_TotalAmountYouAreclaiming_GET	1527613010411	1527613010602	OK	 
REQUEST	Create Claim	1		TX06_CMC_Eligibility_TotalAmountYouAreclaiming_POST	1527613013589	1527613013808	OK	 
REQUEST	Create Claim	1		TX06_CMC_Eligibility_TotalAmountYouAreclaiming_POST Redirect 1	1527613013810	1527613014025	OK	 
REQUEST	Create Claim	1		TX07_CMC_Eligibility_HelpWithCourtyFees	1527613017039	1527613017224	OK	 
REQUEST	Create Claim	1		TX07_CMC_Eligibility_HelpWithCourtyFees Redirect 1	1527613017227	1527613017426	OK	 
REQUEST	Create Claim	1		TX08_CMC_Eligibility_ClaimantAddress	1527613020411	1527613020632	OK	 
REQUEST	Create Claim	1		TX08_CMC_Eligibility_ClaimantAddress Redirect 1	1527613020635	1527613020900	OK	 
REQUEST	Create Claim	1		TX09_CMC_Eligibility_DefendantAddress	1527613023913	1527613024096	OK	 
REQUEST	Create Claim	1		TX09_CMC_Eligibility_DefendantAddress Redirect 1	1527613024099	1527613024271	OK	 
REQUEST	Create Claim	1		TX010_CMC_Eligibility_Over18	1527613027278	1527613027468	OK	 
REQUEST	Create Claim	1		TX010_CMC_Eligibility_Over18 Redirect 1	1527613027471	1527613027676	OK	 
REQUEST	Create Claim	1		TX010_CMC_Eligibility_DefendantAge	1527613030670	1527613030883	OK	 
REQUEST	Create Claim	1		TX010_CMC_Eligibility_DefendantAge Redirect 1	1527613030886	1527613031171	OK	 
REQUEST	Create Claim	1		TX011_CMC_Eligibility_SingleClaimant	1527613034183	1527613034487	OK	 
REQUEST	Create Claim	1		TX011_CMC_Eligibility_SingleClaimant Redirect 1	1527613034490	1527613034690	OK	 
REQUEST	Create Claim	1		TX012_CMC_Eligibility_SingleDefendant	1527613037684	1527613037904	OK	 
REQUEST	Create Claim	1		TX012_CMC_Eligibility_SingleDefendant Redirect 1	1527613037907	1527613038142	OK	 
REQUEST	Create Claim	1		TX013_CMC_Eligibility_GovernmentDepartment	1527613041151	1527613041337	OK	 
REQUEST	Create Claim	1		TX013_CMC_Eligibility_GovernmentDepartment Redirect 1	1527613041340	1527613041543	OK	 
REQUEST	Create Claim	1		TX014_CMC_Eligibility_TenancyDeposit	1527613044548	1527613044744	OK	 
REQUEST	Create Claim	1		TX014_CMC_Eligibility_TenancyDeposit Redirect 1	1527613044747	1527613044926	OK	 
REQUEST	Create Claim	1		TX015_CMC_ResolvingThisDispute_Tasklist	1527613047927	1527613048673	OK	 
REQUEST	Create Claim	1		TX016_CMC_ResolvingThisDispute_ResolvingThisDispute-GET	1527613051683	1527613052115	OK	 
REQUEST	Create Claim	1		TX017_CMC_ResolvingThisDispute_ResolvingThisDispute-POST	1527613055109	1527613055784	OK	 
REQUEST	Create Claim	1		TX017_CMC_ResolvingThisDispute_ResolvingThisDispute-POST Redirect 1	1527613055785	1527613056038	OK	 
REQUEST	Create Claim	1		TX018_CMC_Completingclaim_CompletingClaim-GET	1527613059029	1527613059326	OK	 
REQUEST	Create Claim	1		TX019_CMC_Completingclaim_CompletingClaim-POST	1527613062329	1527613062803	OK	 
REQUEST	Create Claim	1		TX019_CMC_Completingclaim_CompletingClaim-POST Redirect 1	1527613062807	1527613063042	OK	 
REQUEST	Create Claim	1		TX020_CMC_YourDetail_PartyTypeSelection-GET	1527613066033	1527613066325	OK	 
REQUEST	Create Claim	1		TX021_CMC_YourDetail_PartyTypeSelection-POST	1527613069338	1527613069935	OK	 
REQUEST	Create Claim	1		TX021_CMC_YourDetail_PartyTypeSelection-POST Redirect 1	1527613069937	1527613070231	OK	 
REQUEST	Create Claim	1		TX022_CMC_YourDetail_YourDetails-POST	1527613073230	1527613074864	OK	 
REQUEST	Create Claim	1		TX022_CMC_YourDetail_YourDetails-POST Redirect 1	1527613074866	1527613075132	OK	 
REQUEST	Create Claim	1		TX023_CMC_YourDetail_DateOfBirth-POST	1527613078120	1527613078611	OK	 
REQUEST	Create Claim	1		TX023_CMC_YourDetail_DateOfBirth-POST Redirect 1	1527613078613	1527613078864	OK	 
REQUEST	Create Claim	1		TX024_CMC_YourDetail_AddPhoneNumber-POST	1527613081886	1527613082396	OK	 
REQUEST	Create Claim	1		TX024_CMC_YourDetail_AddPhoneNumber-POST Redirect 1	1527613082398	1527613082831	OK	 
REQUEST	Create Claim	1		TX025_CMC_TheirDetail_PartyTypeSelection_GET	1527613085829	1527613086121	OK	 
REQUEST	Create Claim	1		TX026_CMC_TheirDetail_PartyTypeSelection_POST	1527613089124	1527613089703	OK	 
REQUEST	Create Claim	1		TX026_CMC_TheirDetail_PartyTypeSelection_POST Redirect 1	1527613089706	1527613090018	OK	 
REQUEST	Create Claim	1		TX027_CMC_TheirDetail_TheirDetails_POST	1527613093027	1527613093580	OK	 
REQUEST	Create Claim	1		TX027_CMC_TheirDetail_TheirDetails_POST Redirect 1	1527613093582	1527613093843	OK	 
REQUEST	Create Claim	1		TX028_CMC_TheirDetail_EmailAddress_POST	1527613096829	1527613097289	OK	 
REQUEST	Create Claim	1		TX028_CMC_TheirDetail_EmailAddress_POST Redirect 1	1527613097291	1527613097572	OK	 
REQUEST	Create Claim	1		TX029_CMC_ClaimAmout_ClaimAmount_GET	1527613100579	1527613100845	OK	 
REQUEST	Create Claim	1		TX030_CMC_ClaimAmout_ClaimAmount_POST	1527613103855	1527613104555	OK	 
REQUEST	Create Claim	1		TX030_CMC_ClaimAmout_ClaimAmount_POST Redirect 1	1527613104558	1527613104822	OK	 
REQUEST	Create Claim	1		TX031_CMC_ClaimAmout_Interest_POST	1527613107809	1527613108209	OK	 
REQUEST	Create Claim	1		TX031_CMC_ClaimAmout_Interest_POST Redirect 1	1527613108211	1527613109241	OK	 
REQUEST	Create Claim	1		TX033_CMC_ClaimAmout_TotalAmount_POST	1527613112250	1527613112530	OK	 
REQUEST	Create Claim	1		TX033_CMC_ClaimAmout_TotalAmount_POST Redirect 1	1527613112532	1527613112996	OK	 
REQUEST	Create Claim	1		TX034_CMC_ClaimDetail_Reason_GET	1527613115995	1527613116314	OK	 
REQUEST	Create Claim	1		TX035_CMC_ClaimDetail_Reason_POST	1527613119311	1527613119793	OK	 
REQUEST	Create Claim	1		TX035_CMC_ClaimDetail_Reason_POST Redirect 1	1527613119795	1527613120053	OK	 
REQUEST	Create Claim	1		TX035_CMC_ClaimDetail_Timeline_POST	1527613123058	1527613123447	OK	 
REQUEST	Create Claim	1		TX035_CMC_ClaimDetail_Timeline_POST Redirect 1	1527613123449	1527613123733	OK	 
REQUEST	Create Claim	1		TX035.1_CMC_ClaimDetail_Timeline_Evidence_POST	1527613126733	1527613127372	OK	 
REQUEST	Create Claim	1		TX035.1_CMC_ClaimDetail_Timeline_Evidence_POST Redirect 1	1527613127374	1527613127687	OK	 
REQUEST	Create Claim	1		TX036_CMC_CheckAndSend_Checkandsend_GET	1527613130689	1527613131136	OK	 
REQUEST	Create Claim	1		TX037_CMC_CheckAndSend_Checkandsend_POST	1527613134139	1527613134413	OK	 
REQUEST	Create Claim	1		TX037_CMC_CheckAndSend_Checkandsend_POST Redirect 1	1527613134415	1527613135649	OK	 
REQUEST	Create Claim	1		TX037_CMC_CheckAndSend_Checkandsend_POST Redirect 2	1527613135652	1527613137523	OK	 
REQUEST	Create Claim	1		TX037_CMC_CheckAndSend_Checkandsend_POST Redirect 3	1527613137525	1527613138220	OK	 
REQUEST	Create Claim	1		TX038_CMC_CardDetail_SubmitCardDetail	1527613141226	1527613142036	OK	 
REQUEST	Create Claim	1		TX038_CMC_CardDetail_SubmitCardDetail Redirect 1	1527613142036	1527613142155	OK	 
REQUEST	Create Claim	1		TX039_CMC_CardDetail_ConfirmCardDetail	1527613145167	1527613145543	OK	 
REQUEST	Create Claim	1		TX039_CMC_CardDetail_ConfirmCardDetail Redirect 1	1527613145545	1527613145594	OK	 
REQUEST	Create Claim	1		TX039_CMC_CardDetail_ConfirmCardDetail Redirect 2	1527613145596	1527613147799	OK	 
REQUEST	Create Claim	1		TX039_CMC_CardDetail_ConfirmCardDetail Redirect 3	1527613147801	1527613148038	OK	 
USER	Create Claim	1	END	1527613002019	1527613151024
