RUN	uk.gov.hmcts.reform.cmc.performance.simulations.CreateClaimSimulation		createclaimsimulation	1519990083107	 	2.0
USER	Create Claim	1	START	1519990083578	1519990083578
REQUEST	Create Claim	1		Trigger login	1519990083601	1519990083860	OK	 
REQUEST	Create Claim	1		Trigger login Redirect 1	1519990083891	1519990083930	OK	 
REQUEST	Create Claim	1		Trigger login Redirect 2	1519990083933	1519990084327	OK	 
REQUEST	Create Claim	1		Login - submit	1519990089358	1519990089896	KO	regex(Make a money claim).find.exists, found nothing
REQUEST	Create Claim	1		Make a new money claim	1519990099901	1519990100047	OK	 
REQUEST	Create Claim	1		Make a new money claim Redirect 1	1519990100049	1519990100210	KO	regex(Make a money claim).find.exists, found nothing
REQUEST	Create Claim	1		Eligibility start	1519990100213	1519990100250	OK	 
REQUEST	Create Claim	1		Eligibility start Redirect 1	1519990100256	1519990100399	OK	 
REQUEST	Create Claim	1		Find out if you can use this service	1519990102400	1519990102448	OK	 
REQUEST	Create Claim	1		Find out if you can use this service Redirect 1	1519990102450	1519990102582	OK	 
REQUEST	Create Claim	1		Eligibility - Total amount you’re claiming	1519990104584	1519990104726	OK	 
REQUEST	Create Claim	1		Eligibility - help with fees POST	1519990106721	1519990106851	OK	 
REQUEST	Create Claim	1		Eligibility - claimant address POST	1519990108860	1519990109017	OK	 
REQUEST	Create Claim	1		Eligibility - defendant address POST	1519990111021	1519990111141	OK	 
REQUEST	Create Claim	1		Eligibility - over 18 POST	1519990113132	1519990113255	OK	 
REQUEST	Create Claim	1		Eligibility - PERSONAL_CLAIM claimant POST	1519990115250	1519990115395	OK	 
REQUEST	Create Claim	1		Eligibility - single defendant POST	1519990117401	1519990117539	OK	 
REQUEST	Create Claim	1		Eligibility - government department POST	1519990119551	1519990119668	OK	 
REQUEST	Create Claim	1		Eligibility - tenancy deposit POST	1519990121661	1519990121782	OK	 
REQUEST	Create Claim	1		Eligible Continue	1519990123782	1519990124102	OK	 
USER	Create Claim	1	END	1519990083578	1519990126102
