RUN	uk.gov.hmcts.reform.cmc.performance.simulations.CreateClaimSimulation		createclaimsimulation	1519917901662	 	2.0
USER	Create Claim	1	START	1519917902141	1519917902141
REQUEST	Create Claim	1		Trigger login	1519917902171	1519917902322	OK	 
REQUEST	Create Claim	1		Trigger login Redirect 1	1519917902343	1519917902361	OK	 
REQUEST	Create Claim	1		Trigger login Redirect 2	1519917902362	1519917902623	OK	 
REQUEST	Create Claim	1		Login - submit	1519917903649	1519917904241	OK	 
REQUEST	Create Claim	1		Login - submit Redirect 1	1519917904242	1519917904879	OK	 
REQUEST	Create Claim	1		Login - submit Redirect 2	1519917904881	1519917905411	KO	regex(Make a money claim).find.exists, found nothing
REQUEST	Create Claim	1		Make a New Claim	1519917915412	1519917915575	OK	 
REQUEST	Create Claim	1		Eligibility start	1519917915578	1519917915678	OK	 
REQUEST	Create Claim	1		Find out if you can use this service	1519917917673	1519917917963	OK	 
REQUEST	Create Claim	1		Eligibility - Total amount you’re claiming	1519917919974	1519917920060	KO	css((input[name='_csrf'],Some(value))).find.exists, found nothing
REQUEST	Create Claim	1		Eligibility - help with fees POST	1519917922055	1519917922129	KO	css((input[name='_csrf'],Some(value))).find.exists, found nothing
REQUEST	Create Claim	1		Eligibility - claimant address POST	1519917924133	1519917924213	KO	css((input[name='_csrf'],Some(value))).find.exists, found nothing
REQUEST	Create Claim	1		Eligibility - defendant address POST	1519917926215	1519917926269	KO	css((input[name='_csrf'],Some(value))).find.exists, found nothing
REQUEST	Create Claim	1		Eligibility - over 18 POST	1519917928272	1519917928329	KO	css((input[name='_csrf'],Some(value))).find.exists, found nothing
REQUEST	Create Claim	1		Eligibility - PERSONAL_CLAIM claimant POST	1519917930332	1519917930871	KO	status.find.in(200,304,201,202,203,204,205,206,207,208,209), but actually found 403
REQUEST	Create Claim	1		Eligibility - single defendant POST	1519917932875	1519917932939	KO	css((input[name='_csrf'],Some(value))).find.exists, found nothing
REQUEST	Create Claim	1		Eligibility - government department POST	1519917934943	1519917935043	KO	status.find.in(200,304,201,202,203,204,205,206,207,208,209), but actually found 403
REQUEST	Create Claim	1		Eligibility - tenancy deposit POST	1519917937044	1519917937118	KO	css((input[name='_csrf'],Some(value))).find.exists, found nothing
REQUEST	Create Claim	1		request_174	1519917939103	1519917939467	KO	regex(You can use this service).find.exists, found nothing
REQUEST	Create Claim	1		Task list - GET	1519917941475	1519917941822	OK	 
REQUEST	Create Claim	1		Resolving this dispute - GET	1519917943834	1519917944047	OK	 
REQUEST	Create Claim	1		Resolving this dispute - POST	1519917945032	1519917945610	OK	 
REQUEST	Create Claim	1		Resolving this dispute - POST Redirect 1	1519917945611	1519917945918	OK	 
REQUEST	Create Claim	1		Completing claim - GET	1519917947922	1519917948274	OK	 
REQUEST	Create Claim	1		Completing claim - POST	1519917950284	1519917950731	OK	 
REQUEST	Create Claim	1		Completing claim - POST Redirect 1	1519917950732	1519917951040	OK	 
REQUEST	Create Claim	1		Party type selection - GET	1519917953032	1519917953393	OK	 
REQUEST	Create Claim	1		Party type selection - POST	1519917955402	1519917955951	OK	 
REQUEST	Create Claim	1		Party type selection - POST Redirect 1	1519917955953	1519917956205	OK	 
REQUEST	Create Claim	1		Your details - POST	1519917959203	1519917959653	OK	 
REQUEST	Create Claim	1		Date of birth - POST	1519917961653	1519917962204	OK	 
REQUEST	Create Claim	1		Mobile number - POST	1519917964205	1519917964866	OK	 
REQUEST	Create Claim	1		Party type selection - GET	1519917965873	1519917966194	OK	 
REQUEST	Create Claim	1		Party type selection - POST	1519917968193	1519917968649	OK	 
REQUEST	Create Claim	1		Party type selection - POST Redirect 1	1519917968650	1519917968973	OK	 
REQUEST	Create Claim	1		Their details - POST	1519917971974	1519917972461	OK	 
REQUEST	Create Claim	1		Email address - POST	1519917974454	1519917974795	OK	 
REQUEST	Create Claim	1		Amount - GET	1519917976802	1519917977046	OK	 
REQUEST	Create Claim	1		Amount - POST	1519917979043	1519917979609	OK	 
REQUEST	Create Claim	1		Amount - POST Redirect 1	1519917979611	1519917979916	OK	 
REQUEST	Create Claim	1		Interest - POST	1519917982923	1519917983396	OK	 
REQUEST	Create Claim	1		Interest - POST Redirect 1	1519917983397	1519917984011	OK	 
REQUEST	Create Claim	1		Fees - POST	1519917986013	1519917986366	OK	 
REQUEST	Create Claim	1		Fees - POST Redirect 1	1519917986367	1519917986776	OK	 
REQUEST	Create Claim	1		Total - POST	1519917988774	1519917989336	OK	 
REQUEST	Create Claim	1		Total - POST Redirect 1	1519917989337	1519917989585	OK	 
REQUEST	Create Claim	1		Reason - GET	1519917990583	1519917990873	OK	 
REQUEST	Create Claim	1		Reason - POST	1519917992883	1519917993329	OK	 
REQUEST	Create Claim	1		Reason - POST Redirect 1	1519917993331	1519917993636	OK	 
REQUEST	Create Claim	1		Check and send - GET	1519917995634	1519917995998	OK	 
REQUEST	Create Claim	1		Check and send - GET Redirect 1	1519917995999	1519917996300	OK	 
USER	Create Claim	1	END	1519917902141	1519917998295
