RUN	uk.gov.hmcts.reform.cmc.performance.simulations.CreateClaimSimulation		createclaimsimulation	1519920864246	 	2.0
USER	Create Claim	1	START	1519920864666	1519920864666
REQUEST	Create Claim	1		Trigger login	1519920864690	1519920864809	OK	 
REQUEST	Create Claim	1		Trigger login Redirect 1	1519920864832	1519920864856	OK	 
REQUEST	Create Claim	1		Trigger login Redirect 2	1519920864857	1519920865124	OK	 
REQUEST	Create Claim	1		Login - submit	1519920870150	1519920870592	OK	 
REQUEST	Create Claim	1		Login - submit Redirect 1	1519920870593	1519920871104	OK	 
REQUEST	Create Claim	1		Login - submit Redirect 2	1519920871105	1519920871526	KO	regex(Make a new money claim).find.exists, found nothing
REQUEST	Create Claim	1		Make a new money claim	1519920881523	1519920881652	OK	 
REQUEST	Create Claim	1		Eligibility start	1519920881655	1519920881768	OK	 
REQUEST	Create Claim	1		Find out if you can use this service	1519920883773	1519920884109	OK	 
REQUEST	Create Claim	1		Eligibility - Total amount you’re claiming	1519920886113	1519920886210	OK	 
REQUEST	Create Claim	1		Eligibility - help with fees POST	1519920888205	1519920888267	OK	 
REQUEST	Create Claim	1		Eligibility - claimant address POST	1519920890263	1519920890396	OK	 
REQUEST	Create Claim	1		Eligibility - defendant address POST	1519920892404	1519920892893	OK	 
REQUEST	Create Claim	1		Eligibility - over 18 POST	1519920894892	1519920894954	OK	 
REQUEST	Create Claim	1		Eligibility - PERSONAL_CLAIM claimant POST	1519920896954	1519920897044	OK	 
REQUEST	Create Claim	1		Eligibility - single defendant POST	1519920899054	1519920899102	OK	 
REQUEST	Create Claim	1		Eligibility - government department POST	1519920901104	1519920901170	OK	 
REQUEST	Create Claim	1		Eligibility - tenancy deposit POST	1519920903174	1519920903261	KO	css((input[name='_csrf'],Some(value))).find.exists, found nothing
REQUEST	Create Claim	1		Eligible Continue	1519920905254	1519920905541	KO	regex(You can use this service).find.exists, found nothing
USER	Create Claim	1	END	1519920864666	1519920907544
