RUN	uk.gov.hmcts.reform.cmc.performance.simulations.CreateDefendantSimulation	2	createdefendantsimulation	1527175137728	 	2.0
USER	Create Defendant Response	1	START	1527175138404	1527175138404
REQUEST	Create Defendant Response	1		TX01_CMC_Def_LandingPage	1527175138441	1527175138562	OK	 
REQUEST	Create Defendant Response	1		TX02_CMC_Def_Login_ClaimNumber	1527175141602	1527175141875	OK	 
REQUEST	Create Defendant Response	1		TX02_CMC_Def_Login_ClaimNumber Redirect 1	1527175141881	1527175141900	OK	 
REQUEST	Create Defendant Response	1		TX02_CMC_Def_Login_ClaimNumber Redirect 2	1527175141902	1527175141922	OK	 
REQUEST	Create Defendant Response	1		TX02_CMC_Def_Login_ClaimNumber Redirect 3	1527175141925	1527175142160	OK	 
REQUEST	Create Defendant Response	1		TX03_CMC_Def_Login_LoginPage	1527175145160	1527175145225	OK	 
REQUEST	Create Defendant Response	1		TX04_CMC_Def_FirstContact_ClaimSummary	1527175148238	1527175148289	OK	 
REQUEST	Create Defendant Response	1		TX05_CMC_Def_Login_Receiver	1527175151298	1527175151354	OK	 
REQUEST	Create Defendant Response	1		request_71	1527175154362	1527175154436	OK	 
REQUEST	Create Defendant Response	1		TX034_CMC_ClaimDetail_Reason_GET	1527175157424	1527175157530	OK	 
REQUEST	Create Defendant Response	1		request_99	1527175160543	1527175160647	OK	 
REQUEST	Create Defendant Response	1		request_113	1527175163629	1527175163748	OK	 
REQUEST	Create Defendant Response	1		address	1527175166754	1527175166814	OK	 
REQUEST	Create Defendant Response	1		DOB	1527175169824	1527175169874	KO	css((input[name='_csrf'],Some(value))).find.exists, found nothing
REQUEST	Create Defendant Response	1		Mobile	1527175172870	1527175172936	OK	 
REQUEST	Create Defendant Response	1		request_169	1527175175947	1527175176041	OK	 
REQUEST	Create Defendant Response	1		MoreTimeRequest	1527175176060	1527175176114	OK	 
REQUEST	Create Defendant Response	1		responseType_Post	1527175179091	1527175179146	OK	 
REQUEST	Create Defendant Response	1		request_242	1527175182143	1527175182228	OK	 
REQUEST	Create Defendant Response	1		request_242	1527175182231	1527175182281	OK	 
REQUEST	Create Defendant Response	1		request_271	1527175185286	1527175185388	OK	 
REQUEST	Create Defendant Response	1		request_285	1527175185390	1527175185458	OK	 
REQUEST	Create Defendant Response	1		request_299	1527175188464	1527175188524	OK	 
REQUEST	Create Defendant Response	1		request_313	1527175191526	1527175192737	OK	 
REQUEST	Create Defendant Response	1		request_327	1527175195729	1527175196191	OK	 
REQUEST	Create Defendant Response	1		free-mediation	1527175196194	1527175196312	OK	 
REQUEST	Create Defendant Response	1		request_356	1527175199307	1527175199472	OK	 
REQUEST	Create Defendant Response	1		request_370	1527175199475	1527175199560	KO	css((input[name='_csrf'],Some(value))).find.exists, found nothing
REQUEST	Create Defendant Response	1		TX035_CMC_ClaimDetail_Timeline_POST	1527175202565	1527175202633	KO	css((input[name='_csrf'],Some(value))).find.exists, found nothing
USER	Create Defendant Response	1	END	1527175138404	1527175205654
