RUN	uk.gov.hmcts.reform.cmc.performance.simulations.CreateClaimSimulation		createclaimsimulation	1520284071871	 	2.0
USER	Create Claim	1	START	1520284072352	1520284072352
REQUEST	Create Claim	1		Trigger login	1520284072377	1520284072699	OK	 
REQUEST	Create Claim	1		Trigger login Redirect 1	1520284072732	1520284072811	OK	 
REQUEST	Create Claim	1		Trigger login Redirect 2	1520284072815	1520284073193	OK	 
REQUEST	Create Claim	1		Login - submit	1520284078215	1520284078614	OK	 
REQUEST	Create Claim	1		Login - submit Redirect 1	1520284078616	1520284079376	OK	 
REQUEST	Create Claim	1		Login - submit Redirect 2	1520284079379	1520284079644	OK	 
REQUEST	Create Claim	1		Eligibility start	1520284089651	1520284089830	OK	 
REQUEST	Create Claim	1		Find out if you can use this service	1520284091829	1520284092213	OK	 
REQUEST	Create Claim	1		Eligibility - Total amount you’re claiming	1520284094212	1520284094363	OK	 
REQUEST	Create Claim	1		Eligibility - help with fees POST	1520284096373	1520284096491	OK	 
REQUEST	Create Claim	1		Eligibility - claimant address POST	1520284098491	1520284098616	OK	 
REQUEST	Create Claim	1		Eligibility - defendant address POST	1520284100611	1520284100752	OK	 
REQUEST	Create Claim	1		Eligibility - over 18 POST	1520284102752	1520284102870	OK	 
REQUEST	Create Claim	1		Eligibility - PERSONAL_CLAIM claimant POST	1520284104881	1520284105283	OK	 
REQUEST	Create Claim	1		Eligibility - single defendant POST	1520284107279	1520284107388	OK	 
REQUEST	Create Claim	1		Eligibility - government department POST	1520284109391	1520284109504	OK	 
REQUEST	Create Claim	1		Eligibility - tenancy deposit POST	1520284111501	1520284111614	OK	 
REQUEST	Create Claim	1		Eligible Continue	1520284113621	1520284113754	OK	 
REQUEST	Create Claim	1		Task list - GET	1520284115751	1520284116009	OK	 
REQUEST	Create Claim	1		Resolving this dispute - GET	1520284118020	1520284118354	OK	 
REQUEST	Create Claim	1		Resolving this dispute - POST	1520284119339	1520284119822	OK	 
REQUEST	Create Claim	1		Resolving this dispute - POST Redirect 1	1520284119824	1520284120098	OK	 
REQUEST	Create Claim	1		Completing claim - GET	1520284122101	1520284122383	OK	 
REQUEST	Create Claim	1		Completing claim - POST	1520284124391	1520284124943	OK	 
REQUEST	Create Claim	1		Completing claim - POST Redirect 1	1520284124945	1520284125355	OK	 
REQUEST	Create Claim	1		Party type selection - GET	1520284127351	1520284127741	OK	 
REQUEST	Create Claim	1		Party type selection - POST	1520284129741	1520284130165	OK	 
REQUEST	Create Claim	1		Party type selection - POST Redirect 1	1520284130167	1520284130536	OK	 
REQUEST	Create Claim	1		Your details - POST	1520284133551	1520284134161	OK	 
REQUEST	Create Claim	1		Your details - POST Redirect 1	1520284134162	1520284134471	OK	 
REQUEST	Create Claim	1		Date of birth - POST	1520284136462	1520284136925	OK	 
REQUEST	Create Claim	1		Date of birth - POST Redirect 1	1520284136927	1520284137267	OK	 
REQUEST	Create Claim	1		Mobile number - POST	1520284139272	1520284139793	OK	 
REQUEST	Create Claim	1		Mobile number - POST Redirect 1	1520284139795	1520284140146	OK	 
REQUEST	Create Claim	1		Party type selection - GET	1520284141142	1520284141577	OK	 
REQUEST	Create Claim	1		Party type selection - POST	1520284143582	1520284143974	OK	 
REQUEST	Create Claim	1		Party type selection - POST Redirect 1	1520284143976	1520284144329	OK	 
REQUEST	Create Claim	1		Their details - POST	1520284147331	1520284147925	OK	 
REQUEST	Create Claim	1		Email address - POST	1520284149922	1520284150275	OK	 
REQUEST	Create Claim	1		Amount - GET	1520284152272	1520284152635	OK	 
REQUEST	Create Claim	1		Amount - POST	1520284154641	1520284155075	OK	 
REQUEST	Create Claim	1		Amount - POST Redirect 1	1520284155077	1520284155359	OK	 
REQUEST	Create Claim	1		Interest - POST	1520284158359	1520284158840	OK	 
REQUEST	Create Claim	1		Interest - POST Redirect 1	1520284158841	1520284159664	OK	 
REQUEST	Create Claim	1		Fees - POST	1520284161660	1520284162322	OK	 
REQUEST	Create Claim	1		Fees - POST Redirect 1	1520284162323	1520284163073	OK	 
REQUEST	Create Claim	1		Total - POST	1520284165082	1520284165393	OK	 
REQUEST	Create Claim	1		Total - POST Redirect 1	1520284165395	1520284165674	OK	 
REQUEST	Create Claim	1		Reason - GET	1520284166669	1520284166933	OK	 
REQUEST	Create Claim	1		Reason - POST	1520284168942	1520284169347	OK	 
REQUEST	Create Claim	1		Reason - POST Redirect 1	1520284169349	1520284169639	OK	 
REQUEST	Create Claim	1		Check and send - GET	1520284171639	1520284171905	OK	 
REQUEST	Create Claim	1		Check and send - GET Redirect 1	1520284171907	1520284172254	OK	 
USER	Create Claim	1	END	1520284072352	1520284174253
