RUN	uk.gov.hmcts.reform.cmc.performance.simulations.CreateClaimSimulation		createclaimsimulation	1520283544826	 	2.0
USER	Create Claim	1	START	1520283545303	1520283545303
REQUEST	Create Claim	1		Trigger login	1520283545329	1520283545537	OK	 
REQUEST	Create Claim	1		Trigger login Redirect 1	1520283545567	1520283545634	OK	 
REQUEST	Create Claim	1		Trigger login Redirect 2	1520283545636	1520283545917	OK	 
REQUEST	Create Claim	1		Login - submit	1520283550942	1520283551383	OK	 
REQUEST	Create Claim	1		Login - submit Redirect 1	1520283551385	1520283551895	OK	 
REQUEST	Create Claim	1		Login - submit Redirect 2	1520283551898	1520283552017	OK	 
REQUEST	Create Claim	1		Make a new money claim	1520283562031	1520283562167	OK	 
REQUEST	Create Claim	1		Eligibility start	1520283562171	1520283562295	OK	 
REQUEST	Create Claim	1		Find out if you can use this service	1520283564284	1520283564594	OK	 
REQUEST	Create Claim	1		Eligibility - Total amount you’re claiming	1520283566597	1520283566667	OK	 
REQUEST	Create Claim	1		Eligibility - help with fees POST	1520283568666	1520283568779	OK	 
REQUEST	Create Claim	1		Eligibility - claimant address POST	1520283570776	1520283570865	OK	 
REQUEST	Create Claim	1		Eligibility - defendant address POST	1520283572875	1520283572959	OK	 
REQUEST	Create Claim	1		Eligibility - over 18 POST	1520283574956	1520283575032	OK	 
REQUEST	Create Claim	1		Eligibility - PERSONAL_CLAIM claimant POST	1520283577037	1520283577166	OK	 
REQUEST	Create Claim	1		Eligibility - single defendant POST	1520283579166	1520283579247	OK	 
REQUEST	Create Claim	1		Eligibility - government department POST	1520283581247	1520283581338	OK	 
REQUEST	Create Claim	1		Eligibility - tenancy deposit POST	1520283583337	1520283583437	OK	 
REQUEST	Create Claim	1		Eligible Continue	1520283585436	1520283585582	OK	 
REQUEST	Create Claim	1		Task list - GET	1520283587586	1520283587940	OK	 
REQUEST	Create Claim	1		Resolving this dispute - GET	1520283589934	1520283590195	OK	 
REQUEST	Create Claim	1		Resolving this dispute - POST	1520283591205	1520283591627	OK	 
REQUEST	Create Claim	1		Resolving this dispute - POST Redirect 1	1520283591629	1520283591935	OK	 
REQUEST	Create Claim	1		Completing claim - GET	1520283593936	1520283594322	OK	 
REQUEST	Create Claim	1		Completing claim - POST	1520283596326	1520283596951	OK	 
REQUEST	Create Claim	1		Completing claim - POST Redirect 1	1520283596953	1520283597292	OK	 
REQUEST	Create Claim	1		Party type selection - GET	1520283599286	1520283599647	OK	 
REQUEST	Create Claim	1		Party type selection - POST	1520283601645	1520283602113	OK	 
REQUEST	Create Claim	1		Party type selection - POST Redirect 1	1520283602116	1520283602579	OK	 
REQUEST	Create Claim	1		Your details - POST	1520283605586	1520283606271	OK	 
REQUEST	Create Claim	1		Your details - POST Redirect 1	1520283606273	1520283606609	OK	 
REQUEST	Create Claim	1		Date of birth - POST	1520283608606	1520283609034	OK	 
REQUEST	Create Claim	1		Date of birth - POST Redirect 1	1520283609036	1520283609373	OK	 
REQUEST	Create Claim	1		Mobile number - POST	1520283611385	1520283611802	OK	 
REQUEST	Create Claim	1		Mobile number - POST Redirect 1	1520283611805	1520283612140	OK	 
REQUEST	Create Claim	1		Party type selection - GET	1520283613135	1520283613480	OK	 
REQUEST	Create Claim	1		Party type selection - POST	1520283615476	1520283615999	OK	 
REQUEST	Create Claim	1		Party type selection - POST Redirect 1	1520283616001	1520283616337	OK	 
REQUEST	Create Claim	1		Their details - POST	1520283619346	1520283620025	OK	 
REQUEST	Create Claim	1		Email address - POST	1520283622025	1520283622396	OK	 
REQUEST	Create Claim	1		Amount - GET	1520283624394	1520283624739	OK	 
REQUEST	Create Claim	1		Amount - POST	1520283626736	1520283627159	OK	 
REQUEST	Create Claim	1		Amount - POST Redirect 1	1520283627160	1520283627469	OK	 
REQUEST	Create Claim	1		Interest - POST	1520283630477	1520283630846	OK	 
REQUEST	Create Claim	1		Interest - POST Redirect 1	1520283630848	1520283631348	OK	 
REQUEST	Create Claim	1		Fees - POST	1520283633345	1520283633612	OK	 
REQUEST	Create Claim	1		Fees - POST Redirect 1	1520283633613	1520283634228	OK	 
REQUEST	Create Claim	1		Total - POST	1520283636225	1520283636582	OK	 
REQUEST	Create Claim	1		Total - POST Redirect 1	1520283636584	1520283636891	OK	 
REQUEST	Create Claim	1		Reason - GET	1520283637896	1520283638220	OK	 
REQUEST	Create Claim	1		Reason - POST	1520283640216	1520283640985	OK	 
REQUEST	Create Claim	1		Reason - POST Redirect 1	1520283640987	1520283641365	OK	 
REQUEST	Create Claim	1		Check and send - GET	1520283643375	1520283643608	OK	 
REQUEST	Create Claim	1		Check and send - GET Redirect 1	1520283643611	1520283643930	OK	 
USER	Create Claim	1	END	1520283545303	1520283645927
