RUN	uk.gov.hmcts.reform.cmc.performance.simulations.CreateClaimSimulation		createclaimsimulation	1520281845828	 	2.0
USER	Create Claim	1	START	1520281846302	1520281846302
REQUEST	Create Claim	1		Trigger login	1520281846333	1520281846629	OK	 
REQUEST	Create Claim	1		Trigger login Redirect 1	1520281846662	1520281846759	OK	 
REQUEST	Create Claim	1		Trigger login Redirect 2	1520281846762	1520281847093	OK	 
REQUEST	Create Claim	1		Login - submit	1520281852118	1520281852597	OK	 
REQUEST	Create Claim	1		Login - submit Redirect 1	1520281852600	1520281853315	OK	 
REQUEST	Create Claim	1		Login - submit Redirect 2	1520281853318	1520281853479	OK	 
REQUEST	Create Claim	1		Make a new money claim	1520281863493	1520281863647	OK	 
REQUEST	Create Claim	1		Eligibility start	1520281863651	1520281863862	OK	 
REQUEST	Create Claim	1		Find out if you can use this service	1520281865849	1520281866220	OK	 
REQUEST	Create Claim	1		Eligibility - Total amount you’re claiming	1520281868229	1520281868352	OK	 
REQUEST	Create Claim	1		Eligibility - help with fees POST	1520281870351	1520281870476	OK	 
REQUEST	Create Claim	1		Eligibility - claimant address POST	1520281872469	1520281872610	OK	 
REQUEST	Create Claim	1		Eligibility - defendant address POST	1520281874621	1520281874739	OK	 
REQUEST	Create Claim	1		Eligibility - over 18 POST	1520281876742	1520281876859	OK	 
REQUEST	Create Claim	1		Eligibility - PERSONAL_CLAIM claimant POST	1520281878862	1520281878981	OK	 
REQUEST	Create Claim	1		Eligibility - single defendant POST	1520281880981	1520281881090	OK	 
REQUEST	Create Claim	1		Eligibility - government department POST	1520281883091	1520281883932	OK	 
REQUEST	Create Claim	1		Eligibility - tenancy deposit POST	1520281885931	1520281886052	OK	 
REQUEST	Create Claim	1		Eligible Continue	1520281888051	1520281888207	OK	 
USER	Create Claim	1	END	1520281846302	1520281890211
