RUN	uk.gov.hmcts.reform.cmc.performance.simulations.CreateClaimSimulation		createclaimsimulation	1520284264670	 	2.0
USER	Create Claim	1	START	1520284265194	1520284265194
REQUEST	Create Claim	1		Trigger login	1520284265218	1520284265429	OK	 
REQUEST	Create Claim	1		Trigger login Redirect 1	1520284265460	1520284265536	OK	 
REQUEST	Create Claim	1		Trigger login Redirect 2	1520284265538	1520284265925	OK	 
REQUEST	Create Claim	1		Login - submit	1520284270957	1520284271482	OK	 
REQUEST	Create Claim	1		Login - submit Redirect 1	1520284271484	1520284271993	OK	 
REQUEST	Create Claim	1		Login - submit Redirect 2	1520284271996	1520284272337	OK	 
REQUEST	Create Claim	1		Eligibility start	1520284282342	1520284282484	OK	 
REQUEST	Create Claim	1		Find out if you can use this service	1520284284472	1520284284829	OK	 
REQUEST	Create Claim	1		Eligibility - Total amount you’re claiming	1520284286833	1520284287023	OK	 
REQUEST	Create Claim	1		Eligibility - help with fees POST	1520284289025	1520284289137	OK	 
REQUEST	Create Claim	1		Eligibility - claimant address POST	1520284291143	1520284291280	OK	 
REQUEST	Create Claim	1		Eligibility - defendant address POST	1520284293283	1520284293410	OK	 
REQUEST	Create Claim	1		Eligibility - over 18 POST	1520284295412	1520284295514	OK	 
REQUEST	Create Claim	1		Eligibility - PERSONAL_CLAIM claimant POST	1520284297503	1520284297610	OK	 
REQUEST	Create Claim	1		Eligibility - single defendant POST	1520284299623	1520284299723	OK	 
REQUEST	Create Claim	1		Eligibility - government department POST	1520284301721	1520284301860	OK	 
REQUEST	Create Claim	1		Eligibility - tenancy deposit POST	1520284303863	1520284303984	OK	 
REQUEST	Create Claim	1		Eligible Continue	1520284305982	1520284306132	OK	 
REQUEST	Create Claim	1		Task list - GET	1520284308132	1520284308402	OK	 
REQUEST	Create Claim	1		Resolving this dispute - GET	1520284310403	1520284310701	OK	 
REQUEST	Create Claim	1		Resolving this dispute - POST	1520284311702	1520284312135	OK	 
REQUEST	Create Claim	1		Resolving this dispute - POST Redirect 1	1520284312136	1520284312443	OK	 
REQUEST	Create Claim	1		Completing claim - GET	1520284314443	1520284314730	OK	 
REQUEST	Create Claim	1		Completing claim - POST	1520284316732	1520284317255	OK	 
REQUEST	Create Claim	1		Completing claim - POST Redirect 1	1520284317256	1520284317594	OK	 
REQUEST	Create Claim	1		Party type selection - GET	1520284319590	1520284319900	OK	 
REQUEST	Create Claim	1		Party type selection - POST	1520284321911	1520284322172	OK	 
REQUEST	Create Claim	1		Party type selection - POST Redirect 1	1520284322177	1520284322542	OK	 
REQUEST	Create Claim	1		Your details - POST	1520284325543	1520284326228	OK	 
REQUEST	Create Claim	1		Your details - POST Redirect 1	1520284326230	1520284326502	OK	 
REQUEST	Create Claim	1		Date of birth - POST	1520284328500	1520284328886	OK	 
REQUEST	Create Claim	1		Date of birth - POST Redirect 1	1520284328887	1520284329134	OK	 
REQUEST	Create Claim	1		Mobile number - POST	1520284331131	1520284331487	OK	 
REQUEST	Create Claim	1		Mobile number - POST Redirect 1	1520284331489	1520284331828	OK	 
REQUEST	Create Claim	1		Party type selection - GET	1520284332841	1520284333158	OK	 
REQUEST	Create Claim	1		Party type selection - POST	1520284335151	1520284335483	OK	 
REQUEST	Create Claim	1		Party type selection - POST Redirect 1	1520284335485	1520284335924	OK	 
REQUEST	Create Claim	1		Their details - POST	1520284338922	1520284339593	OK	 
REQUEST	Create Claim	1		Email address - POST	1520284341603	1520284342192	OK	 
REQUEST	Create Claim	1		Amount - GET	1520284344190	1520284344637	OK	 
REQUEST	Create Claim	1		Amount - POST	1520284346632	1520284347080	OK	 
REQUEST	Create Claim	1		Amount - POST Redirect 1	1520284347082	1520284347455	OK	 
REQUEST	Create Claim	1		Interest - POST	1520284350462	1520284350944	OK	 
REQUEST	Create Claim	1		Interest - POST Redirect 1	1520284350946	1520284351591	OK	 
REQUEST	Create Claim	1		Fees - POST	1520284353592	1520284353914	OK	 
REQUEST	Create Claim	1		Fees - POST Redirect 1	1520284353915	1520284354531	OK	 
REQUEST	Create Claim	1		Total - POST	1520284356531	1520284356763	OK	 
REQUEST	Create Claim	1		Total - POST Redirect 1	1520284356765	1520284357049	OK	 
REQUEST	Create Claim	1		Reason - GET	1520284358053	1520284358355	OK	 
REQUEST	Create Claim	1		Reason - POST	1520284360352	1520284360877	OK	 
REQUEST	Create Claim	1		Reason - POST Redirect 1	1520284360884	1520284361220	OK	 
REQUEST	Create Claim	1		Check and send - GET	1520284363221	1520284363540	OK	 
REQUEST	Create Claim	1		Check and send - GET Redirect 1	1520284363541	1520284363834	OK	 
USER	Create Claim	1	END	1520284265194	1520284365831
