RUN	uk.gov.hmcts.reform.cmc.performance.simulations.CreateClaimSimulation		createclaimsimulation	1520378418528	 	2.0
USER	Create Claim	1	START	1520378419020	1520378419020
REQUEST	Create Claim	1		Trigger login	1520378419042	1520378420025	OK	 
REQUEST	Create Claim	1		Trigger login Redirect 1	1520378420062	1520378420150	OK	 
REQUEST	Create Claim	1		Trigger login Redirect 2	1520378420152	1520378420555	OK	 
REQUEST	Create Claim	1		Login - submit	1520378425592	1520378426027	OK	 
REQUEST	Create Claim	1		Login - submit Redirect 1	1520378426030	1520378426442	OK	 
REQUEST	Create Claim	1		Login - submit Redirect 2	1520378426445	1520378427007	OK	 
REQUEST	Create Claim	1		request_21	1520378437004	1520378437201	OK	 
REQUEST	Create Claim	1		Eligibility start	1520378440204	1520378440504	OK	 
REQUEST	Create Claim	1		Eligibility - claim value GET	1520378442506	1520378442895	OK	 
REQUEST	Create Claim	1		Eligibility - claim value POST	1520378442903	1520378443334	OK	 
REQUEST	Create Claim	1		Eligibility - claim value POST Redirect 1	1520378443337	1520378443672	OK	 
REQUEST	Create Claim	1		Eligibility - help with fees POST	1520378443678	1520378444124	OK	 
REQUEST	Create Claim	1		Eligibility - help with fees POST Redirect 1	1520378444126	1520378444387	OK	 
REQUEST	Create Claim	1		Eligibility - claimant address POST	1520378444390	1520378444868	OK	 
REQUEST	Create Claim	1		Eligibility - claimant address POST Redirect 1	1520378444870	1520378445314	OK	 
REQUEST	Create Claim	1		Eligibility - defendant address POST	1520378445318	1520378445790	OK	 
REQUEST	Create Claim	1		Eligibility - defendant address POST Redirect 1	1520378445793	1520378446135	OK	 
REQUEST	Create Claim	1		Eligibility - over 18 POST	1520378446140	1520378446611	OK	 
REQUEST	Create Claim	1		Eligibility - over 18 POST Redirect 1	1520378446613	1520378446989	OK	 
REQUEST	Create Claim	1		Eligibility - single claimant POST	1520378446994	1520378447429	OK	 
REQUEST	Create Claim	1		Eligibility - single claimant POST Redirect 1	1520378447431	1520378447767	OK	 
REQUEST	Create Claim	1		Eligibility - single defendant POST	1520378447771	1520378448248	OK	 
REQUEST	Create Claim	1		Eligibility - single defendant POST Redirect 1	1520378448250	1520378448642	OK	 
REQUEST	Create Claim	1		Eligibility - government department POST	1520378448646	1520378449171	OK	 
REQUEST	Create Claim	1		Eligibility - government department POST Redirect 1	1520378449173	1520378449654	OK	 
REQUEST	Create Claim	1		Eligibility - tenancy deposit POST	1520378449657	1520378450093	OK	 
REQUEST	Create Claim	1		Eligibility - tenancy deposit POST Redirect 1	1520378450094	1520378450298	OK	 
REQUEST	Create Claim	1		Task list - GET	1520378450301	1520378450747	OK	 
REQUEST	Create Claim	1		Resolving this dispute - GET	1520378452715	1520378453095	OK	 
REQUEST	Create Claim	1		Resolving this dispute - POST	1520378454085	1520378454513	OK	 
REQUEST	Create Claim	1		Resolving this dispute - POST Redirect 1	1520378454516	1520378454838	OK	 
REQUEST	Create Claim	1		Completing claim - GET	1520378456845	1520378457194	OK	 
REQUEST	Create Claim	1		Completing claim - POST	1520378459193	1520378459719	OK	 
REQUEST	Create Claim	1		Completing claim - POST Redirect 1	1520378459721	1520378460064	OK	 
REQUEST	Create Claim	1		Party type selection - GET	1520378462065	1520378462416	OK	 
REQUEST	Create Claim	1		Party type selection - POST	1520378464414	1520378464736	OK	 
REQUEST	Create Claim	1		Party type selection - POST Redirect 1	1520378464738	1520378465109	OK	 
REQUEST	Create Claim	1		Your details - POST	1520378468104	1520378468832	OK	 
REQUEST	Create Claim	1		Your details - POST Redirect 1	1520378468835	1520378469141	OK	 
REQUEST	Create Claim	1		Date of birth - POST	1520378471155	1520378471699	OK	 
REQUEST	Create Claim	1		Date of birth - POST Redirect 1	1520378471702	1520378472008	OK	 
REQUEST	Create Claim	1		Mobile number - POST	1520378474005	1520378474464	OK	 
REQUEST	Create Claim	1		Mobile number - POST Redirect 1	1520378474466	1520378474803	OK	 
REQUEST	Create Claim	1		Party type selection - GET	1520378475805	1520378476245	OK	 
REQUEST	Create Claim	1		Party type selection - POST	1520378478246	1520378478559	OK	 
REQUEST	Create Claim	1		Party type selection - POST Redirect 1	1520378478561	1520378478900	OK	 
REQUEST	Create Claim	1		Their details - POST	1520378481894	1520378482658	OK	 
REQUEST	Create Claim	1		Their details - POST Redirect 1	1520378482660	1520378482963	OK	 
REQUEST	Create Claim	1		Email address - POST	1520378484974	1520378485390	OK	 
REQUEST	Create Claim	1		Email address - POST Redirect 1	1520378485393	1520378485662	OK	 
REQUEST	Create Claim	1		Amount - GET	1520378487665	1520378488017	OK	 
REQUEST	Create Claim	1		Amount - POST	1520378490005	1520378490540	OK	 
REQUEST	Create Claim	1		Amount - POST Redirect 1	1520378490542	1520378490850	OK	 
REQUEST	Create Claim	1		Interest - POST	1520378493854	1520378494331	OK	 
REQUEST	Create Claim	1		Interest - POST Redirect 1	1520378494333	1520378495049	OK	 
REQUEST	Create Claim	1		Fees - POST	1520378497044	1520378497405	OK	 
REQUEST	Create Claim	1		Fees - POST Redirect 1	1520378497406	1520378497948	OK	 
REQUEST	Create Claim	1		Total - POST	1520378499956	1520378500373	OK	 
REQUEST	Create Claim	1		Total - POST Redirect 1	1520378500374	1520378500721	OK	 
REQUEST	Create Claim	1		Reason - GET	1520378501724	1520378502112	OK	 
REQUEST	Create Claim	1		Reason - POST	1520378504106	1520378504672	OK	 
REQUEST	Create Claim	1		Reason - POST Redirect 1	1520378504674	1520378505017	OK	 
REQUEST	Create Claim	1		Check and send - GET	1520378507025	1520378507706	OK	 
REQUEST	Create Claim	1		request_438	1520378512706	1520378513071	OK	 
REQUEST	Create Claim	1		request_438 Redirect 1	1520378513073	1520378515016	OK	 
REQUEST	Create Claim	1		request_438 Redirect 2	1520378515018	1520378515631	OK	 
REQUEST	Create Claim	1		request_438 Redirect 3	1520378515633	1520378515901	OK	 
REQUEST	Create Claim	1		request_451	1520378520908	1520378520977	KO	status.find.in(200,304,201,202,203,204,205,206,207,208,209), but actually found 418
USER	Create Claim	1	END	1520378419020	1520378525975
