RUN	uk.gov.hmcts.reform.cmc.performance.simulations.CreateClaimSimulation		createclaimsimulation	1520414814366	 	2.0
USER	Create Claim	1	START	1520414814804	1520414814804
REQUEST	Create Claim	1		Trigger login	1520414814827	1520414815001	OK	 
REQUEST	Create Claim	1		Trigger login Redirect 1	1520414815034	1520414815089	OK	 
REQUEST	Create Claim	1		Trigger login Redirect 2	1520414815092	1520414815316	OK	 
REQUEST	Create Claim	1		Login - submit	1520414820341	1520414820887	OK	 
REQUEST	Create Claim	1		Login - submit Redirect 1	1520414820890	1520414821714	OK	 
REQUEST	Create Claim	1		Login - submit Redirect 2	1520414821717	1520414822419	OK	 
REQUEST	Create Claim	1		request_21	1520414832423	1520414832546	OK	 
REQUEST	Create Claim	1		Eligibility start	1520414835545	1520414835668	OK	 
REQUEST	Create Claim	1		Eligibility - claim value GET	1520414837674	1520414838257	OK	 
REQUEST	Create Claim	1		Eligibility - claim value POST	1520414838269	1520414838694	OK	 
REQUEST	Create Claim	1		Eligibility - claim value POST Redirect 1	1520414838696	1520414838990	OK	 
REQUEST	Create Claim	1		Eligibility - help with fees POST	1520414838994	1520414839484	OK	 
REQUEST	Create Claim	1		Eligibility - help with fees POST Redirect 1	1520414839487	1520414839924	OK	 
REQUEST	Create Claim	1		Eligibility - claimant address POST	1520414839930	1520414840409	OK	 
REQUEST	Create Claim	1		Eligibility - claimant address POST Redirect 1	1520414840410	1520414840909	OK	 
REQUEST	Create Claim	1		Eligibility - defendant address POST	1520414840913	1520414842403	OK	 
REQUEST	Create Claim	1		Eligibility - defendant address POST Redirect 1	1520414842405	1520414842818	OK	 
REQUEST	Create Claim	1		Eligibility - over 18 POST	1520414842824	1520414843414	OK	 
REQUEST	Create Claim	1		Eligibility - over 18 POST Redirect 1	1520414843416	1520414843928	OK	 
REQUEST	Create Claim	1		Eligibility - single claimant POST	1520414843932	1520414844402	OK	 
REQUEST	Create Claim	1		Eligibility - single claimant POST Redirect 1	1520414844405	1520414844726	OK	 
REQUEST	Create Claim	1		Eligibility - single defendant POST	1520414844730	1520414845220	OK	 
REQUEST	Create Claim	1		Eligibility - single defendant POST Redirect 1	1520414845221	1520414845540	OK	 
REQUEST	Create Claim	1		Eligibility - government department POST	1520414845544	1520414845937	OK	 
REQUEST	Create Claim	1		Eligibility - government department POST Redirect 1	1520414845938	1520414846260	OK	 
REQUEST	Create Claim	1		Eligibility - tenancy deposit POST	1520414846263	1520414846756	OK	 
REQUEST	Create Claim	1		Eligibility - tenancy deposit POST Redirect 1	1520414846758	1520414846899	OK	 
REQUEST	Create Claim	1		Task list - GET	1520414846902	1520414847179	OK	 
REQUEST	Create Claim	1		Resolving this dispute - GET	1520414849136	1520414849538	OK	 
REQUEST	Create Claim	1		Resolving this dispute - POST	1520414850544	1520414850954	OK	 
REQUEST	Create Claim	1		Resolving this dispute - POST Redirect 1	1520414850957	1520414851314	OK	 
REQUEST	Create Claim	1		Completing claim - GET	1520414853315	1520414853631	OK	 
REQUEST	Create Claim	1		Completing claim - POST	1520414855635	1520414856178	OK	 
REQUEST	Create Claim	1		Completing claim - POST Redirect 1	1520414856180	1520414856501	OK	 
REQUEST	Create Claim	1		Party type selection - GET	1520414858496	1520414858855	OK	 
REQUEST	Create Claim	1		Party type selection - POST	1520414860855	1520414861400	OK	 
REQUEST	Create Claim	1		Party type selection - POST Redirect 1	1520414861402	1520414861885	OK	 
REQUEST	Create Claim	1		Your details - POST	1520414864885	1520414865597	OK	 
REQUEST	Create Claim	1		Your details - POST Redirect 1	1520414865598	1520414865918	OK	 
REQUEST	Create Claim	1		Date of birth - POST	1520414867926	1520414868465	OK	 
REQUEST	Create Claim	1		Date of birth - POST Redirect 1	1520414868467	1520414868789	OK	 
REQUEST	Create Claim	1		Mobile number - POST	1520414870785	1520414871230	OK	 
REQUEST	Create Claim	1		Mobile number - POST Redirect 1	1520414871231	1520414871553	OK	 
REQUEST	Create Claim	1		Party type selection - GET	1520414872565	1520414872921	OK	 
REQUEST	Create Claim	1		Party type selection - POST	1520414874914	1520414875326	OK	 
REQUEST	Create Claim	1		Party type selection - POST Redirect 1	1520414875328	1520414875556	OK	 
REQUEST	Create Claim	1		Their details - POST	1520414878554	1520414879217	OK	 
REQUEST	Create Claim	1		Their details - POST Redirect 1	1520414879219	1520414879538	OK	 
REQUEST	Create Claim	1		Email address - POST	1520414881533	1520414882036	OK	 
REQUEST	Create Claim	1		Email address - POST Redirect 1	1520414882038	1520414882691	OK	 
REQUEST	Create Claim	1		Amount - GET	1520414884695	1520414885079	OK	 
REQUEST	Create Claim	1		Amount - POST	1520414887084	1520414887512	OK	 
REQUEST	Create Claim	1		Amount - POST Redirect 1	1520414887513	1520414887837	OK	 
REQUEST	Create Claim	1		Interest - POST	1520414890835	1520414891302	OK	 
REQUEST	Create Claim	1		Interest - POST Redirect 1	1520414891304	1520414891928	OK	 
REQUEST	Create Claim	1		Fees - POST	1520414893934	1520414894271	OK	 
REQUEST	Create Claim	1		Fees - POST Redirect 1	1520414894272	1520414894694	OK	 
REQUEST	Create Claim	1		Total - POST	1520414896693	1520414897096	OK	 
REQUEST	Create Claim	1		Total - POST Redirect 1	1520414897097	1520414898426	OK	 
REQUEST	Create Claim	1		Reason - GET	1520414899422	1520414899849	OK	 
REQUEST	Create Claim	1		Reason - POST	1520414901855	1520414902360	OK	 
REQUEST	Create Claim	1		Reason - POST Redirect 1	1520414902363	1520414902698	OK	 
REQUEST	Create Claim	1		Check and send - GET	1520414904695	1520414905451	OK	 
REQUEST	Create Claim	1		request_438	1520414910455	1520414910759	OK	 
REQUEST	Create Claim	1		request_438 Redirect 1	1520414910761	1520414912088	OK	 
REQUEST	Create Claim	1		request_438 Redirect 2	1520414912090	1520414912497	OK	 
REQUEST	Create Claim	1		request_438 Redirect 3	1520414912499	1520414912819	OK	 
REQUEST	Create Claim	1		request_451	1520414917816	1520414918231	OK	 
REQUEST	Create Claim	1		request_451 Redirect 1	1520414918232	1520414918365	OK	 
REQUEST	Create Claim	1		request_462	1520414923374	1520414923555	OK	 
REQUEST	Create Claim	1		request_462 Redirect 1	1520414923557	1520414923647	OK	 
REQUEST	Create Claim	1		request_462 Redirect 2	1520414923648	1520414926015	OK	 
REQUEST	Create Claim	1		request_462 Redirect 3	1520414926016	1520414926338	OK	 
REQUEST	Create Claim	1		request_474	1520414931335	1520414931543	OK	 
REQUEST	Create Claim	1		request_474 Redirect 1	1520414931544	1520414931597	OK	 
REQUEST	Create Claim	1		request_474 Redirect 2	1520414931599	1520414931660	OK	 
REQUEST	Create Claim	1		request_474 Redirect 3	1520414931662	1520414931875	OK	 
USER	Create Claim	1	END	1520414814804	1520414936877
