RUN	uk.gov.hmcts.reform.cmc.performance.simulations.CreateClaimSimulation		createclaimsimulation	1520370211492	 	2.0
USER	Create Claim	1	START	1520370212039	1520370212039
REQUEST	Create Claim	1		Trigger login	1520370212061	1520370212356	OK	 
REQUEST	Create Claim	1		Trigger login Redirect 1	1520370212387	1520370212473	OK	 
REQUEST	Create Claim	1		Trigger login Redirect 2	1520370212475	1520370212861	OK	 
REQUEST	Create Claim	1		Login - submit	1520370217894	1520370218373	OK	 
REQUEST	Create Claim	1		Login - submit Redirect 1	1520370218375	1520370218885	OK	 
REQUEST	Create Claim	1		Login - submit Redirect 2	1520370218887	1520370219759	KO	regex(Make a new money claim).find.exists, found nothing
REQUEST	Create Claim	1		request_21	1520370229755	1520370230160	OK	 
REQUEST	Create Claim	1		Eligibility start	1520370233156	1520370233611	OK	 
REQUEST	Create Claim	1		Eligibility - claim value GET	1520370235614	1520370238088	OK	 
REQUEST	Create Claim	1		Eligibility - claim value POST	1520370238096	1520370240185	OK	 
REQUEST	Create Claim	1		Eligibility - claim value POST Redirect 1	1520370240188	1520370242948	OK	 
REQUEST	Create Claim	1		Eligibility - help with fees POST	1520370242953	1520370244178	OK	 
REQUEST	Create Claim	1		Eligibility - help with fees POST Redirect 1	1520370244180	1520370244729	OK	 
REQUEST	Create Claim	1		Eligibility - claimant address POST	1520370244733	1520370245407	OK	 
REQUEST	Create Claim	1		Eligibility - claimant address POST Redirect 1	1520370245409	1520370245864	OK	 
REQUEST	Create Claim	1		Eligibility - defendant address POST	1520370245867	1520370246532	OK	 
REQUEST	Create Claim	1		Eligibility - defendant address POST Redirect 1	1520370246534	1520370248750	OK	 
REQUEST	Create Claim	1		Eligibility - over 18 POST	1520370248755	1520370254828	OK	 
REQUEST	Create Claim	1		Eligibility - over 18 POST Redirect 1	1520370254830	1520370255318	OK	 
REQUEST	Create Claim	1		Eligibility - single claimant POST	1520370255323	1520370255822	OK	 
REQUEST	Create Claim	1		Eligibility - single claimant POST Redirect 1	1520370255824	1520370256637	OK	 
REQUEST	Create Claim	1		Eligibility - single defendant POST	1520370256640	1520370257286	OK	 
REQUEST	Create Claim	1		Eligibility - single defendant POST Redirect 1	1520370257288	1520370257860	OK	 
REQUEST	Create Claim	1		Eligibility - government department POST	1520370257865	1520370258617	OK	 
REQUEST	Create Claim	1		Eligibility - government department POST Redirect 1	1520370258619	1520370259165	OK	 
REQUEST	Create Claim	1		Eligibility - tenancy deposit POST	1520370259169	1520370259641	OK	 
REQUEST	Create Claim	1		Eligibility - tenancy deposit POST Redirect 1	1520370259643	1520370259822	OK	 
REQUEST	Create Claim	1		Task list - GET	1520370259826	1520370260188	OK	 
REQUEST	Create Claim	1		Resolving this dispute - GET	1520370262155	1520370262539	OK	 
REQUEST	Create Claim	1		Resolving this dispute - POST	1520370263536	1520370264045	OK	 
REQUEST	Create Claim	1		Resolving this dispute - POST Redirect 1	1520370264047	1520370264385	OK	 
REQUEST	Create Claim	1		Completing claim - GET	1520370266387	1520370266707	OK	 
REQUEST	Create Claim	1		Completing claim - POST	1520370268706	1520370269164	OK	 
REQUEST	Create Claim	1		Completing claim - POST Redirect 1	1520370269165	1520370269509	OK	 
REQUEST	Create Claim	1		Party type selection - GET	1520370271514	1520370271869	OK	 
REQUEST	Create Claim	1		Party type selection - POST	1520370273867	1520370274183	OK	 
REQUEST	Create Claim	1		Party type selection - POST Redirect 1	1520370274184	1520370274541	OK	 
REQUEST	Create Claim	1		Your details - POST	1520370277534	1520370278245	OK	 
REQUEST	Create Claim	1		Your details - POST Redirect 1	1520370278247	1520370278587	OK	 
REQUEST	Create Claim	1		Date of birth - POST	1520370280596	1520370281043	OK	 
REQUEST	Create Claim	1		Date of birth - POST Redirect 1	1520370281045	1520370281387	OK	 
REQUEST	Create Claim	1		Mobile number - POST	1520370283385	1520370283911	OK	 
REQUEST	Create Claim	1		Mobile number - POST Redirect 1	1520370283915	1520370284244	OK	 
REQUEST	Create Claim	1		Party type selection - GET	1520370285245	1520370285579	OK	 
REQUEST	Create Claim	1		Party type selection - POST	1520370287576	1520370287905	OK	 
REQUEST	Create Claim	1		Party type selection - POST Redirect 1	1520370287908	1520370288260	OK	 
REQUEST	Create Claim	1		Their details - POST	1520370291265	1520370292101	OK	 
REQUEST	Create Claim	1		Their details - POST Redirect 1	1520370292103	1520370292411	OK	 
REQUEST	Create Claim	1		Email address - POST	1520370294406	1520370295174	OK	 
REQUEST	Create Claim	1		Email address - POST Redirect 1	1520370295176	1520370295516	OK	 
REQUEST	Create Claim	1		Amount - GET	1520370297527	1520370298007	OK	 
REQUEST	Create Claim	1		Amount - POST	1520370300004	1520370300500	OK	 
REQUEST	Create Claim	1		Amount - POST Redirect 1	1520370300502	1520370300839	OK	 
REQUEST	Create Claim	1		Interest - POST	1520370303835	1520370304290	OK	 
REQUEST	Create Claim	1		Interest - POST Redirect 1	1520370304291	1520370304835	OK	 
REQUEST	Create Claim	1		Fees - POST	1520370306845	1520370307157	OK	 
REQUEST	Create Claim	1		Fees - POST Redirect 1	1520370307164	1520370307600	OK	 
REQUEST	Create Claim	1		Total - POST	1520370309596	1520370309919	OK	 
REQUEST	Create Claim	1		Total - POST Redirect 1	1520370309921	1520370310258	OK	 
REQUEST	Create Claim	1		Reason - GET	1520370311265	1520370311664	OK	 
REQUEST	Create Claim	1		Reason - POST	1520370313667	1520370314118	OK	 
REQUEST	Create Claim	1		Reason - POST Redirect 1	1520370314120	1520370314460	OK	 
REQUEST	Create Claim	1		Check and send - GET	1520370316458	1520370317229	OK	 
REQUEST	Create Claim	1		request_438	1520370322227	1520370322547	KO	regex(Check your answers before submitting your claim).find.exists, found nothing
REQUEST	Create Claim	1		request_451	1520370327546	1520370327979	KO	status.find.in(200,304,201,202,203,204,205,206,207,208,209), but actually found 403
USER	Create Claim	1	END	1520370212039	1520370327982
