RUN	uk.gov.hmcts.reform.cmc.performance.simulations.CreateClaimSimulation		createclaimsimulation	1519989744584	 	2.0
USER	Create Claim	1	START	1519989745060	1519989745060
REQUEST	Create Claim	1		Trigger login	1519989745090	1519989745349	OK	 
REQUEST	Create Claim	1		Trigger login Redirect 1	1519989745381	1519989745420	OK	 
REQUEST	Create Claim	1		Trigger login Redirect 2	1519989745423	1519989745858	OK	 
REQUEST	Create Claim	1		Login - submit	1519989750895	1519989751486	KO	regex(Make a new money claim).find.exists, found nothing
REQUEST	Create Claim	1		Make a new money claim	1519989761479	1519989761527	OK	 
REQUEST	Create Claim	1		Make a new money claim Redirect 1	1519989761530	1519989761824	KO	regex(Make a money claim).find.exists, found nothing
REQUEST	Create Claim	1		Eligibility start	1519989761827	1519989761869	OK	 
REQUEST	Create Claim	1		Eligibility start Redirect 1	1519989761875	1519989762086	OK	 
REQUEST	Create Claim	1		Find out if you can use this service	1519989764078	1519989764121	OK	 
REQUEST	Create Claim	1		Find out if you can use this service Redirect 1	1519989764123	1519989764295	OK	 
REQUEST	Create Claim	1		Eligibility - Total amount you’re claiming	1519989766309	1519989766430	OK	 
REQUEST	Create Claim	1		Eligibility - help with fees POST	1519989768430	1519989768543	OK	 
REQUEST	Create Claim	1		Eligibility - claimant address POST	1519989770539	1519989770738	OK	 
REQUEST	Create Claim	1		Eligibility - defendant address POST	1519989772738	1519989772872	OK	 
REQUEST	Create Claim	1		Eligibility - over 18 POST	1519989774868	1519989774997	OK	 
REQUEST	Create Claim	1		Eligibility - PERSONAL_CLAIM claimant POST	1519989777009	1519989777214	OK	 
REQUEST	Create Claim	1		Eligibility - single defendant POST	1519989779209	1519989779333	OK	 
REQUEST	Create Claim	1		Eligibility - government department POST	1519989781328	1519989781451	OK	 
REQUEST	Create Claim	1		Eligibility - tenancy deposit POST	1519989783458	1519989783571	OK	 
REQUEST	Create Claim	1		Eligible Continue	1519989785567	1519989785723	OK	 
USER	Create Claim	1	END	1519989745060	1519989787731
