RUN	uk.gov.hmcts.reform.cmc.performance.simulations.CreateClaimSimulation		createclaimsimulation	1520283375815	 	2.0
USER	Create Claim	1	START	1520283376301	1520283376301
REQUEST	Create Claim	1		Trigger login	1520283376325	1520283376632	OK	 
REQUEST	Create Claim	1		Trigger login Redirect 1	1520283376661	1520283376743	OK	 
REQUEST	Create Claim	1		Trigger login Redirect 2	1520283376746	1520283377120	OK	 
REQUEST	Create Claim	1		Login - submit	1520283382152	1520283382622	OK	 
REQUEST	Create Claim	1		Login - submit Redirect 1	1520283382625	1520283383339	OK	 
REQUEST	Create Claim	1		Login - submit Redirect 2	1520283383342	1520283383551	OK	 
REQUEST	Create Claim	1		Make a new money claim	1520283393549	1520283393691	OK	 
REQUEST	Create Claim	1		Eligibility start	1520283393696	1520283393883	OK	 
REQUEST	Create Claim	1		Find out if you can use this service	1520283395884	1520283396274	OK	 
REQUEST	Create Claim	1		Eligibility - Total amount you’re claiming	1520283398274	1520283398434	OK	 
REQUEST	Create Claim	1		Eligibility - help with fees POST	1520283400433	1520283400550	OK	 
REQUEST	Create Claim	1		Eligibility - claimant address POST	1520283402566	1520283402682	OK	 
REQUEST	Create Claim	1		Eligibility - defendant address POST	1520283404675	1520283404800	OK	 
REQUEST	Create Claim	1		Eligibility - over 18 POST	1520283406805	1520283406929	OK	 
REQUEST	Create Claim	1		Eligibility - PERSONAL_CLAIM claimant POST	1520283408935	1520283409044	OK	 
REQUEST	Create Claim	1		Eligibility - single defendant POST	1520283411032	1520283411150	OK	 
REQUEST	Create Claim	1		Eligibility - government department POST	1520283413153	1520283413276	OK	 
REQUEST	Create Claim	1		Eligibility - tenancy deposit POST	1520283415273	1520283415376	OK	 
REQUEST	Create Claim	1		Eligible Continue	1520283417384	1520283417537	OK	 
USER	Create Claim	1	END	1520283376301	1520283419534
