RUN	uk.gov.hmcts.reform.cmc.performance.simulations.CreateClaimSimulation		createclaimsimulation	1520524883665	 	2.0
USER	Create Claim	1	START	1520524884204	1520524884204
REQUEST	Create Claim	1		TX01_CMC_Login_LandingLoginPage	1520524884229	1520524884539	OK	 
REQUEST	Create Claim	1		TX01_CMC_Login_LandingLoginPage Redirect 1	1520524884560	1520524884646	OK	 
REQUEST	Create Claim	1		TX01_CMC_Login_LandingLoginPage Redirect 2	1520524884647	1520524885060	OK	 
REQUEST	Create Claim	1		TX02_CMC_Login_SubmitLogin	1520524900093	1520524900616	OK	 
REQUEST	Create Claim	1		TX02_CMC_Login_SubmitLogin Redirect 1	1520524900617	1520524901232	OK	 
REQUEST	Create Claim	1		TX02_CMC_Login_SubmitLogin Redirect 2	1520524901234	1520524901448	OK	 
REQUEST	Create Claim	1		TX03_CMC_Eligibility_MakeNewClaim	1520524916454	1520524916695	OK	 
REQUEST	Create Claim	1		TX04_CMC_Eligibility_FindoutEligibilityPage	1520524931694	1520524931915	OK	 
REQUEST	Create Claim	1		TX05_CMC_Eligibility_TotalAmountYouAreclaiming	1520524946924	1520524947453	OK	 
REQUEST	Create Claim	1		TX06_CMC_Eligibility_TotalAmountYouAreclaiming	1520524962454	1520524962980	OK	 
REQUEST	Create Claim	1		TX06_CMC_Eligibility_TotalAmountYouAreclaiming Redirect 1	1520524962981	1520524963425	OK	 
REQUEST	Create Claim	1		TX07_CMC_Eligibility_HelpWithCourtyFees	1520524978425	1520524978956	OK	 
REQUEST	Create Claim	1		TX07_CMC_Eligibility_HelpWithCourtyFees Redirect 1	1520524978957	1520524979266	OK	 
REQUEST	Create Claim	1		TX08_CMC_Eligibility_ClaimantAddress	1520524994265	1520524994828	OK	 
REQUEST	Create Claim	1		TX08_CMC_Eligibility_ClaimantAddress Redirect 1	1520524994829	1520524995212	OK	 
REQUEST	Create Claim	1		TX09_CMC_Eligibility_DefendantAddress	1520525010216	1520525010700	OK	 
REQUEST	Create Claim	1		TX09_CMC_Eligibility_DefendantAddress Redirect 1	1520525010701	1520525011042	OK	 
REQUEST	Create Claim	1		TX010_CMC_Eligibility_Over18	1520525026045	1520525026484	OK	 
REQUEST	Create Claim	1		TX010_CMC_Eligibility_Over18 Redirect 1	1520525026485	1520525026830	OK	 
REQUEST	Create Claim	1		TX011_CMC_Eligibility_SingleClaimant	1520525041826	1520525042446	OK	 
REQUEST	Create Claim	1		TX011_CMC_Eligibility_SingleClaimant Redirect 1	1520525042447	1520525042788	OK	 
REQUEST	Create Claim	1		TX012_CMC_Eligibility_SingleDefendant	1520525057785	1520525058268	OK	 
REQUEST	Create Claim	1		TX012_CMC_Eligibility_SingleDefendant Redirect 1	1520525058268	1520525058671	OK	 
REQUEST	Create Claim	1		TX013_CMC_Eligibility_GovernmentDepartment	1520525073675	1520525074293	OK	 
REQUEST	Create Claim	1		TX013_CMC_Eligibility_GovernmentDepartment Redirect 1	1520525074294	1520525074737	OK	 
REQUEST	Create Claim	1		TX014_CMC_Eligibility_TenancyDeposit	1520525089736	1520525090268	OK	 
REQUEST	Create Claim	1		TX014_CMC_Eligibility_TenancyDeposit Redirect 1	1520525090269	1520525090430	OK	 
REQUEST	Create Claim	1		TX015_CMC_ResolvingThisDispute_Tasklist	1520525105425	1520525105872	OK	 
REQUEST	Create Claim	1		TX016_CMC_ResolvingThisDispute_ResolvingThisDispute-GET	1520525120886	1520525121329	OK	 
REQUEST	Create Claim	1		TX017_CMC_ResolvingThisDispute_ResolvingThisDispute-POST	1520525136313	1520525136860	OK	 
REQUEST	Create Claim	1		TX017_CMC_ResolvingThisDispute_ResolvingThisDispute-POST Redirect 1	1520525136861	1520525137251	OK	 
REQUEST	Create Claim	1		TX018_CMC_Completingclaim_CompletingClaim-GET	1520525152264	1520525152767	OK	 
REQUEST	Create Claim	1		TX019_CMC_Completingclaim_CompletingClaim-POST	1520525167765	1520525168299	OK	 
REQUEST	Create Claim	1		TX019_CMC_Completingclaim_CompletingClaim-POST Redirect 1	1520525168300	1520525168638	OK	 
REQUEST	Create Claim	1		TX020_CMC_YourDetail_PartyTypeSelection-GET	1520525183635	1520525184004	OK	 
REQUEST	Create Claim	1		TX021_CMC_YourDetail_PartyTypeSelection-POST	1520525199017	1520525199532	OK	 
REQUEST	Create Claim	1		TX021_CMC_YourDetail_PartyTypeSelection-POST Redirect 1	1520525199533	1520525199937	OK	 
REQUEST	Create Claim	1		TX022_CMC_YourDetail_YourDetails-POST	1520525214927	1520525215814	OK	 
REQUEST	Create Claim	1		TX022_CMC_YourDetail_YourDetails-POST Redirect 1	1520525215816	1520525216154	OK	 
REQUEST	Create Claim	1		TX023_CMC_YourDetail_DateOfBirth-POST	1520525231155	1520525231687	OK	 
REQUEST	Create Claim	1		TX023_CMC_YourDetail_DateOfBirth-POST Redirect 1	1520525231688	1520525232028	OK	 
REQUEST	Create Claim	1		TX024_CMC_YourDetail_AddPhoneNumber-POST	1520525247024	1520525247560	OK	 
REQUEST	Create Claim	1		TX024_CMC_YourDetail_AddPhoneNumber-POST Redirect 1	1520525247561	1520525247899	OK	 
REQUEST	Create Claim	1		TX025_CMC_TheirDetail_PartyTypeSelection_GET	1520525262907	1520525263261	OK	 
REQUEST	Create Claim	1		TX026_CMC_TheirDetail_PartyTypeSelection_POST	1520525278256	1520525278792	OK	 
REQUEST	Create Claim	1		TX026_CMC_TheirDetail_PartyTypeSelection_POST Redirect 1	1520525278794	1520525279134	OK	 
REQUEST	Create Claim	1		TX027_CMC_TheirDetail_TheirDetails_POST	1520525294143	1520525294973	OK	 
REQUEST	Create Claim	1		TX027_CMC_TheirDetail_TheirDetails_POST Redirect 1	1520525294974	1520525295415	OK	 
REQUEST	Create Claim	1		TX028_CMC_TheirDetail_EmailAddress_POST	1520525310417	1520525310947	OK	 
REQUEST	Create Claim	1		TX028_CMC_TheirDetail_EmailAddress_POST Redirect 1	1520525310948	1520525311293	OK	 
REQUEST	Create Claim	1		TX029_CMC_ClaimAmout_ClaimAmount_GET	1520525326298	1520525326782	OK	 
REQUEST	Create Claim	1		TX030_CMC_ClaimAmout_ClaimAmount_POST	1520525341774	1520525342283	OK	 
REQUEST	Create Claim	1		TX030_CMC_ClaimAmout_ClaimAmount_POST Redirect 1	1520525342284	1520525342727	OK	 
REQUEST	Create Claim	1		TX031_CMC_ClaimAmout_Interest_POST	1520525357724	1520525358257	OK	 
REQUEST	Create Claim	1		TX031_CMC_ClaimAmout_Interest_POST Redirect 1	1520525358258	1520525358977	OK	 
REQUEST	Create Claim	1		TX032_CMC_ClaimAmout_Fees_POST	1520525373987	1520525374408	OK	 
REQUEST	Create Claim	1		TX032_CMC_ClaimAmout_Fees_POST Redirect 1	1520525374409	1520525375196	OK	 
REQUEST	Create Claim	1		TX033_CMC_ClaimAmout_TotalAmount_POST	1520525390193	1520525390616	OK	 
REQUEST	Create Claim	1		TX033_CMC_ClaimAmout_TotalAmount_POST Redirect 1	1520525390617	1520525391060	OK	 
REQUEST	Create Claim	1		TX034_CMC_ClaimDetail_Reason_GET	1520525406055	1520525406388	OK	 
REQUEST	Create Claim	1		TX035_CMC_ClaimDetail_Reason_POST	1520525421395	1520525421944	OK	 
REQUEST	Create Claim	1		TX035_CMC_ClaimDetail_Reason_POST Redirect 1	1520525421945	1520525422292	OK	 
REQUEST	Create Claim	1		TX036_CMC_CheckAndSend_Checkandsend_GET	1520525437284	1520525437997	OK	 
REQUEST	Create Claim	1		TX037_CMC_CheckAndSend_Checkandsend_POST	1520525453008	1520525453391	OK	 
REQUEST	Create Claim	1		TX037_CMC_CheckAndSend_Checkandsend_POST Redirect 1	1520525453393	1520525454825	OK	 
REQUEST	Create Claim	1		TX037_CMC_CheckAndSend_Checkandsend_POST Redirect 2	1520525454827	1520525455437	OK	 
REQUEST	Create Claim	1		TX037_CMC_CheckAndSend_Checkandsend_POST Redirect 3	1520525455439	1520525455801	OK	 
REQUEST	Create Claim	1		TX038_CMC_CardDetail_SubmitCardDetail	1520525470809	1520525471209	OK	 
REQUEST	Create Claim	1		TX038_CMC_CardDetail_SubmitCardDetail Redirect 1	1520525471210	1520525471330	OK	 
REQUEST	Create Claim	1		TX039_CMC_CardDetail_ConfirmCardDetail	1520525486323	1520525486568	OK	 
REQUEST	Create Claim	1		TX039_CMC_CardDetail_ConfirmCardDetail Redirect 1	1520525486569	1520525486691	OK	 
REQUEST	Create Claim	1		TX039_CMC_CardDetail_ConfirmCardDetail Redirect 2	1520525486692	1520525489028	OK	 
REQUEST	Create Claim	1		TX039_CMC_CardDetail_ConfirmCardDetail Redirect 3	1520525489029	1520525489384	OK	 
REQUEST	Create Claim	1		TX050_CMC_Logout	1520525504385	1520525504591	OK	 
REQUEST	Create Claim	1		TX050_CMC_Logout Redirect 1	1520525504593	1520525504670	OK	 
REQUEST	Create Claim	1		TX050_CMC_Logout Redirect 2	1520525504671	1520525504746	OK	 
REQUEST	Create Claim	1		TX050_CMC_Logout Redirect 3	1520525504747	1520525505124	OK	 
USER	Create Claim	1	END	1520524884204	1520525520127
