RUN	uk.gov.hmcts.reform.cmc.performance.simulations.CreateClaimSimulation		createclaimsimulation	1520289330551	 	2.0
USER	Create Claim	1	START	1520289331031	1520289331031
REQUEST	Create Claim	1		Trigger login	1520289331061	1520289331381	OK	 
REQUEST	Create Claim	1		Trigger login Redirect 1	1520289331416	1520289331498	OK	 
REQUEST	Create Claim	1		Trigger login Redirect 2	1520289331501	1520289331849	OK	 
REQUEST	Create Claim	1		Login - submit	1520289336877	1520289337405	OK	 
REQUEST	Create Claim	1		Login - submit Redirect 1	1520289337408	1520289337918	OK	 
REQUEST	Create Claim	1		Login - submit Redirect 2	1520289337920	1520289338462	KO	regex(Make a money claim|Make a new money claim).find.exists, found nothing
REQUEST	Create Claim	1		request_21	1520289348458	1520289348633	OK	 
REQUEST	Create Claim	1		Eligibility start	1520289351631	1520289351750	OK	 
REQUEST	Create Claim	1		Eligibility - claim value GET	1520289353761	1520289354128	OK	 
REQUEST	Create Claim	1		Eligibility - claim value POST	1520289354137	1520289354610	OK	 
REQUEST	Create Claim	1		Eligibility - claim value POST Redirect 1	1520289354612	1520289354918	OK	 
REQUEST	Create Claim	1		Eligibility - help with fees POST	1520289354922	1520289355328	OK	 
REQUEST	Create Claim	1		Eligibility - help with fees POST Redirect 1	1520289355330	1520289355665	OK	 
REQUEST	Create Claim	1		Eligibility - claimant address POST	1520289355669	1520289356043	OK	 
REQUEST	Create Claim	1		Eligibility - claimant address POST Redirect 1	1520289356045	1520289356381	OK	 
REQUEST	Create Claim	1		Eligibility - defendant address POST	1520289356386	1520289356863	OK	 
REQUEST	Create Claim	1		Eligibility - defendant address POST Redirect 1	1520289356865	1520289357209	OK	 
REQUEST	Create Claim	1		Eligibility - over 18 POST	1520289357213	1520289357682	OK	 
REQUEST	Create Claim	1		Eligibility - over 18 POST Redirect 1	1520289357684	1520289358126	OK	 
REQUEST	Create Claim	1		Eligibility - single claimant POST	1520289358130	1520289358602	OK	 
REQUEST	Create Claim	1		Eligibility - single claimant POST Redirect 1	1520289358604	1520289358945	OK	 
REQUEST	Create Claim	1		Eligibility - single defendant POST	1520289358948	1520289359422	OK	 
REQUEST	Create Claim	1		Eligibility - single defendant POST Redirect 1	1520289359424	1520289359766	OK	 
REQUEST	Create Claim	1		Eligibility - government department POST	1520289359769	1520289360243	OK	 
REQUEST	Create Claim	1		Eligibility - government department POST Redirect 1	1520289360245	1520289360683	OK	 
REQUEST	Create Claim	1		Eligibility - tenancy deposit POST	1520289360686	1520289361165	OK	 
REQUEST	Create Claim	1		Eligibility - tenancy deposit POST Redirect 1	1520289361167	1520289361290	OK	 
REQUEST	Create Claim	1		Task list - GET	1520289361293	1520289361602	OK	 
REQUEST	Create Claim	1		Resolving this dispute - GET	1520289363560	1520289363963	OK	 
REQUEST	Create Claim	1		Resolving this dispute - POST	1520289364969	1520289365363	OK	 
REQUEST	Create Claim	1		Resolving this dispute - POST Redirect 1	1520289365365	1520289365718	OK	 
REQUEST	Create Claim	1		Completing claim - GET	1520289367721	1520289368025	OK	 
REQUEST	Create Claim	1		Completing claim - POST	1520289370018	1520289370483	OK	 
REQUEST	Create Claim	1		Completing claim - POST Redirect 1	1520289370485	1520289370821	OK	 
REQUEST	Create Claim	1		Party type selection - GET	1520289372829	1520289373167	OK	 
REQUEST	Create Claim	1		Party type selection - POST	1520289375169	1520289375398	OK	 
REQUEST	Create Claim	1		Party type selection - POST Redirect 1	1520289375400	1520289375744	OK	 
REQUEST	Create Claim	1		Your details - POST	1520289378741	1520289379495	OK	 
REQUEST	Create Claim	1		Your details - POST Redirect 1	1520289379496	1520289379903	OK	 
REQUEST	Create Claim	1		Date of birth - POST	1520289381911	1520289382465	OK	 
REQUEST	Create Claim	1		Date of birth - POST Redirect 1	1520289382467	1520289382771	OK	 
REQUEST	Create Claim	1		Mobile number - POST	1520289384769	1520289385331	OK	 
REQUEST	Create Claim	1		Mobile number - POST Redirect 1	1520289385334	1520289385741	OK	 
REQUEST	Create Claim	1		Party type selection - GET	1520289386739	1520289387074	OK	 
REQUEST	Create Claim	1		Party type selection - POST	1520289389070	1520289389428	OK	 
REQUEST	Create Claim	1		Party type selection - POST Redirect 1	1520289389429	1520289389762	OK	 
REQUEST	Create Claim	1		Their details - POST	1520289392770	1520289393420	OK	 
REQUEST	Create Claim	1		Their details - POST Redirect 1	1520289393422	1520289393728	OK	 
REQUEST	Create Claim	1		Email address - POST	1520289395731	1520289396289	OK	 
REQUEST	Create Claim	1		Email address - POST Redirect 1	1520289396291	1520289396597	OK	 
REQUEST	Create Claim	1		Amount - GET	1520289398599	1520289398990	OK	 
REQUEST	Create Claim	1		Amount - POST	1520289400988	1520289401511	OK	 
REQUEST	Create Claim	1		Amount - POST Redirect 1	1520289401513	1520289401820	OK	 
REQUEST	Create Claim	1		Interest - POST	1520289404818	1520289405300	OK	 
REQUEST	Create Claim	1		Interest - POST Redirect 1	1520289405302	1520289405920	OK	 
REQUEST	Create Claim	1		Fees - POST	1520289407920	1520289408270	OK	 
REQUEST	Create Claim	1		Fees - POST Redirect 1	1520289408272	1520289408782	OK	 
REQUEST	Create Claim	1		Total - POST	1520289410779	1520289411138	OK	 
REQUEST	Create Claim	1		Total - POST Redirect 1	1520289411140	1520289411446	OK	 
REQUEST	Create Claim	1		Reason - GET	1520289412451	1520289412776	OK	 
REQUEST	Create Claim	1		Reason - POST	1520289414768	1520289415234	OK	 
REQUEST	Create Claim	1		Reason - POST Redirect 1	1520289415235	1520289415573	OK	 
REQUEST	Create Claim	1		Check and send - GET	1520289417579	1520289418140	OK	 
REQUEST	Create Claim	1		request_438	1520289420151	1520289420559	OK	 
REQUEST	Create Claim	1		request_451	1520289423560	1520289423938	OK	 
USER	Create Claim	1	END	1520289331031	1520289423943
