RUN	uk.gov.hmcts.reform.cmc.performance.simulations.CreateClaimSimulation		createclaimsimulation	1520527965561	 	2.0
USER	Create Claim	1	START	1520527966365	1520527966365
REQUEST	Create Claim	1		TX01_CMC_Login_LandingLoginPage	1520527966396	1520527966707	OK	 
REQUEST	Create Claim	1		TX01_CMC_Login_LandingLoginPage Redirect 1	1520527966730	1520527966807	OK	 
REQUEST	Create Claim	1		TX01_CMC_Login_LandingLoginPage Redirect 2	1520527966808	1520527967116	OK	 
REQUEST	Create Claim	1		TX02_CMC_Login_SubmitLogin	1520527982148	1520527982599	OK	 
REQUEST	Create Claim	1		TX02_CMC_Login_SubmitLogin Redirect 1	1520527982600	1520527983011	OK	 
REQUEST	Create Claim	1		TX02_CMC_Login_SubmitLogin Redirect 2	1520527983013	1520527983421	OK	 
REQUEST	Create Claim	1		TX03_CMC_Eligibility_MakeNewClaim	1520527998422	1520527998582	OK	 
REQUEST	Create Claim	1		TX04_CMC_Eligibility_FindoutEligibilityPage	1520528013592	1520528013756	OK	 
REQUEST	Create Claim	1		TX05_CMC_Eligibility_TotalAmountYouAreclaiming	1520528028753	1520528029195	OK	 
REQUEST	Create Claim	1		TX06_CMC_Eligibility_TotalAmountYouAreclaiming	1520528044201	1520528044759	OK	 
REQUEST	Create Claim	1		TX06_CMC_Eligibility_TotalAmountYouAreclaiming Redirect 1	1520528044760	1520528045169	OK	 
REQUEST	Create Claim	1		TX07_CMC_Eligibility_HelpWithCourtyFees	1520528060172	1520528060733	OK	 
REQUEST	Create Claim	1		TX07_CMC_Eligibility_HelpWithCourtyFees Redirect 1	1520528060735	1520528061085	OK	 
REQUEST	Create Claim	1		TX08_CMC_Eligibility_ClaimantAddress	1520528076072	1520528076607	OK	 
REQUEST	Create Claim	1		TX08_CMC_Eligibility_ClaimantAddress Redirect 1	1520528076608	1520528077150	OK	 
REQUEST	Create Claim	1		TX09_CMC_Eligibility_DefendantAddress	1520528092163	1520528092786	OK	 
REQUEST	Create Claim	1		TX09_CMC_Eligibility_DefendantAddress Redirect 1	1520528092787	1520528093129	OK	 
REQUEST	Create Claim	1		TX010_CMC_Eligibility_Over18	1520528108132	1520528108657	OK	 
REQUEST	Create Claim	1		TX010_CMC_Eligibility_Over18 Redirect 1	1520528108659	1520528109003	OK	 
REQUEST	Create Claim	1		TX011_CMC_Eligibility_SingleClaimant	1520528124003	1520528124531	OK	 
REQUEST	Create Claim	1		TX011_CMC_Eligibility_SingleClaimant Redirect 1	1520528124533	1520528124839	OK	 
REQUEST	Create Claim	1		TX012_CMC_Eligibility_SingleDefendant	1520528139840	1520528140404	OK	 
REQUEST	Create Claim	1		TX012_CMC_Eligibility_SingleDefendant Redirect 1	1520528140405	1520528140815	OK	 
REQUEST	Create Claim	1		TX013_CMC_Eligibility_GovernmentDepartment	1520528155813	1520528156379	OK	 
REQUEST	Create Claim	1		TX013_CMC_Eligibility_GovernmentDepartment Redirect 1	1520528156380	1520528156687	OK	 
REQUEST	Create Claim	1		TX014_CMC_Eligibility_TenancyDeposit	1520528171682	1520528172252	OK	 
REQUEST	Create Claim	1		TX014_CMC_Eligibility_TenancyDeposit Redirect 1	1520528172253	1520528172399	OK	 
REQUEST	Create Claim	1		TX015_CMC_ResolvingThisDispute_Tasklist	1520528187402	1520528187936	OK	 
REQUEST	Create Claim	1		TX016_CMC_ResolvingThisDispute_ResolvingThisDispute-GET	1520528202933	1520528203280	OK	 
REQUEST	Create Claim	1		TX017_CMC_ResolvingThisDispute_ResolvingThisDispute-POST	1520528218290	1520528219050	OK	 
REQUEST	Create Claim	1		TX017_CMC_ResolvingThisDispute_ResolvingThisDispute-POST Redirect 1	1520528219052	1520528219493	OK	 
REQUEST	Create Claim	1		TX018_CMC_Completingclaim_CompletingClaim-GET	1520528234492	1520528234922	OK	 
REQUEST	Create Claim	1		TX019_CMC_Completingclaim_CompletingClaim-POST	1520528249924	1520528250385	OK	 
REQUEST	Create Claim	1		TX019_CMC_Completingclaim_CompletingClaim-POST Redirect 1	1520528250386	1520528250694	OK	 
REQUEST	Create Claim	1		TX020_CMC_YourDetail_PartyTypeSelection-GET	1520528265693	1520528266055	OK	 
REQUEST	Create Claim	1		TX021_CMC_YourDetail_PartyTypeSelection-POST	1520528281053	1520528281619	OK	 
REQUEST	Create Claim	1		TX021_CMC_YourDetail_PartyTypeSelection-POST Redirect 1	1520528281620	1520528282071	OK	 
REQUEST	Create Claim	1		TX022_CMC_YourDetail_YourDetails-POST	1520528297072	1520528297901	OK	 
REQUEST	Create Claim	1		TX022_CMC_YourDetail_YourDetails-POST Redirect 1	1520528297902	1520528298214	OK	 
REQUEST	Create Claim	1		TX023_CMC_YourDetail_DateOfBirth-POST	1520528313215	1520528313774	OK	 
REQUEST	Create Claim	1		TX023_CMC_YourDetail_DateOfBirth-POST Redirect 1	1520528313775	1520528314117	OK	 
REQUEST	Create Claim	1		TX024_CMC_YourDetail_AddPhoneNumber-POST	1520528329122	1520528329748	OK	 
REQUEST	Create Claim	1		TX024_CMC_YourDetail_AddPhoneNumber-POST Redirect 1	1520528329750	1520528330190	OK	 
REQUEST	Create Claim	1		TX025_CMC_TheirDetail_PartyTypeSelection_GET	1520528345195	1520528345621	OK	 
REQUEST	Create Claim	1		TX026_CMC_TheirDetail_PartyTypeSelection_POST	1520528360621	1520528361185	OK	 
REQUEST	Create Claim	1		TX026_CMC_TheirDetail_PartyTypeSelection_POST Redirect 1	1520528361186	1520528361526	OK	 
REQUEST	Create Claim	1		TX027_CMC_TheirDetail_TheirDetails_POST	1520528376522	1520528377262	OK	 
REQUEST	Create Claim	1		TX027_CMC_TheirDetail_TheirDetails_POST Redirect 1	1520528377263	1520528377672	OK	 
REQUEST	Create Claim	1		TX028_CMC_TheirDetail_EmailAddress_POST	1520528392673	1520528393238	OK	 
REQUEST	Create Claim	1		TX028_CMC_TheirDetail_EmailAddress_POST Redirect 1	1520528393239	1520528393592	OK	 
REQUEST	Create Claim	1		TX029_CMC_ClaimAmout_ClaimAmount_GET	1520528408594	1520528409079	OK	 
REQUEST	Create Claim	1		TX030_CMC_ClaimAmout_ClaimAmount_POST	1520528424072	1520528424676	OK	 
REQUEST	Create Claim	1		TX030_CMC_ClaimAmout_ClaimAmount_POST Redirect 1	1520528424677	1520528425018	OK	 
REQUEST	Create Claim	1		TX031_CMC_ClaimAmout_Interest_POST	1520528440032	1520528440549	OK	 
REQUEST	Create Claim	1		TX031_CMC_ClaimAmout_Interest_POST Redirect 1	1520528440550	1520528441298	OK	 
REQUEST	Create Claim	1		TX032_CMC_ClaimAmout_Fees_POST	1520528456293	1520528456626	OK	 
REQUEST	Create Claim	1		TX032_CMC_ClaimAmout_Fees_POST Redirect 1	1520528456627	1520528457274	OK	 
REQUEST	Create Claim	1		TX033_CMC_ClaimAmout_TotalAmount_POST	1520528472273	1520528472702	OK	 
REQUEST	Create Claim	1		TX033_CMC_ClaimAmout_TotalAmount_POST Redirect 1	1520528472703	1520528473044	OK	 
REQUEST	Create Claim	1		TX034_CMC_ClaimDetail_Reason_GET	1520528488045	1520528488409	OK	 
REQUEST	Create Claim	1		TX035_CMC_ClaimDetail_Reason_POST	1520528503410	1520528503937	OK	 
REQUEST	Create Claim	1		TX035_CMC_ClaimDetail_Reason_POST Redirect 1	1520528503938	1520528504377	OK	 
REQUEST	Create Claim	1		TX036_CMC_CheckAndSend_Checkandsend_GET	1520528519371	1520528520086	OK	 
REQUEST	Create Claim	1		TX037_CMC_CheckAndSend_Checkandsend_POST	1520528535092	1520528535475	OK	 
REQUEST	Create Claim	1		TX037_CMC_CheckAndSend_Checkandsend_POST Redirect 1	1520528535477	1520528536706	OK	 
REQUEST	Create Claim	1		TX037_CMC_CheckAndSend_Checkandsend_POST Redirect 2	1520528536708	1520528537321	OK	 
REQUEST	Create Claim	1		TX037_CMC_CheckAndSend_Checkandsend_POST Redirect 3	1520528537322	1520528537862	OK	 
REQUEST	Create Claim	1		TX038_CMC_CardDetail_SubmitCardDetail	1520528552874	1520528553500	OK	 
REQUEST	Create Claim	1		TX038_CMC_CardDetail_SubmitCardDetail Redirect 1	1520528553502	1520528554115	OK	 
REQUEST	Create Claim	1		TX039_CMC_CardDetail_ConfirmCardDetail	1520528569113	1520528569373	OK	 
REQUEST	Create Claim	1		TX039_CMC_CardDetail_ConfirmCardDetail Redirect 1	1520528569374	1520528569483	OK	 
REQUEST	Create Claim	1		TX039_CMC_CardDetail_ConfirmCardDetail Redirect 2	1520528569484	1520528572855	OK	 
REQUEST	Create Claim	1		TX039_CMC_CardDetail_ConfirmCardDetail Redirect 3	1520528572856	1520528573199	OK	 
REQUEST	Create Claim	1		TX050_CMC_Logout	1520528588194	1520528588418	OK	 
REQUEST	Create Claim	1		TX050_CMC_Logout Redirect 1	1520528588419	1520528588502	OK	 
REQUEST	Create Claim	1		TX050_CMC_Logout Redirect 2	1520528588503	1520528588577	OK	 
REQUEST	Create Claim	1		TX050_CMC_Logout Redirect 3	1520528588578	1520528588891	OK	 
USER	Create Claim	1	END	1520527966365	1520528603907
