RUN	uk.gov.hmcts.reform.cmc.performance.simulations.CreateClaimSimulation		createclaimsimulation	1519895704046	 	2.0
USER	Create Claim	1	START	1519895704477	1519895704477
REQUEST	Create Claim	1		Trigger login	1519895704502	1519895704607	OK	 
REQUEST	Create Claim	1		Trigger login Redirect 1	1519895704636	1519895704666	OK	 
REQUEST	Create Claim	1		Trigger login Redirect 2	1519895704669	1519895704825	OK	 
REQUEST	Create Claim	1		Login - submit	1519895705855	1519895706190	OK	 
REQUEST	Create Claim	1		Login - submit Redirect 1	1519895706194	1519895706683	OK	 
REQUEST	Create Claim	1		Login - submit Redirect 2	1519895706688	1519895706782	OK	 
REQUEST	Create Claim	1		Eligibility start	1519895716776	1519895716854	OK	 
REQUEST	Create Claim	1		Eligibility - tenancy deposit GET	1519895718856	1519895719196	OK	 
REQUEST	Create Claim	1		Eligibility - tenancy deposit POST	1519895719202	1519895720731	OK	 
REQUEST	Create Claim	1		Eligibility - tenancy deposit POST Redirect 1	1519895720734	1519895720823	KO	css((input[name='_csrf'],Some(value))).find.exists, found nothing
REQUEST	Create Claim	1		Eligibility - claim value POST	1519895720836	1519895721244	OK	 
REQUEST	Create Claim	1		Eligibility - claim value POST Redirect 1	1519895721246	1519895721449	OK	 
REQUEST	Create Claim	1		Eligibility - single claimant POST	1519895721453	1519895721759	OK	 
REQUEST	Create Claim	1		Eligibility - single defendant POST	1519895721766	1519895722065	OK	 
REQUEST	Create Claim	1		Eligibility - over 18 POST	1519895722071	1519895722371	OK	 
REQUEST	Create Claim	1		Eligibility - help with fees POST	1519895722376	1519895722779	OK	 
REQUEST	Create Claim	1		Eligibility - help with fees POST Redirect 1	1519895722781	1519895723087	OK	 
REQUEST	Create Claim	1		Eligibility - claimant address POST	1519895723092	1519895723496	OK	 
REQUEST	Create Claim	1		Eligibility - claimant address POST Redirect 1	1519895723498	1519895723802	OK	 
REQUEST	Create Claim	1		Eligibility - defendant address POST	1519895723807	1519895724212	OK	 
REQUEST	Create Claim	1		Eligibility - defendant address POST Redirect 1	1519895724214	1519895724521	OK	 
REQUEST	Create Claim	1		Eligibility - government department POST	1519895724526	1519895724827	KO	regex(You can use this service).find.exists, found nothing
REQUEST	Create Claim	1		Task list - GET	1519895724831	1519895725134	OK	 
REQUEST	Create Claim	1		Resolving this dispute - GET	1519895727097	1519895727387	OK	 
REQUEST	Create Claim	1		Resolving this dispute - POST	1519895728386	1519895728821	OK	 
REQUEST	Create Claim	1		Resolving this dispute - POST Redirect 1	1519895728823	1519895729127	OK	 
REQUEST	Create Claim	1		Completing claim - GET	1519895731124	1519895731382	OK	 
REQUEST	Create Claim	1		Completing claim - POST	1519895733387	1519895733736	OK	 
REQUEST	Create Claim	1		Completing claim - POST Redirect 1	1519895733738	1519895734070	OK	 
REQUEST	Create Claim	1		Party type selection - GET	1519895736067	1519895736398	OK	 
REQUEST	Create Claim	1		Party type selection - POST	1519895738405	1519895738855	OK	 
REQUEST	Create Claim	1		Party type selection - POST Redirect 1	1519895738858	1519895739272	OK	 
REQUEST	Create Claim	1		Your details - POST	1519895742268	1519895742958	OK	 
REQUEST	Create Claim	1		Date of birth - POST	1519895744968	1519895745214	OK	 
REQUEST	Create Claim	1		Mobile number - POST	1519895747218	1519895747465	OK	 
REQUEST	Create Claim	1		Party type selection - GET	1519895748466	1519895748686	OK	 
REQUEST	Create Claim	1		Party type selection - POST	1519895750686	1519895751048	OK	 
REQUEST	Create Claim	1		Party type selection - POST Redirect 1	1519895751050	1519895751351	OK	 
REQUEST	Create Claim	1		Their details - POST	1519895754346	1519895754936	OK	 
REQUEST	Create Claim	1		Email address - POST	1519895756938	1519895757187	OK	 
REQUEST	Create Claim	1		Amount - GET	1519895759187	1519895759442	OK	 
REQUEST	Create Claim	1		Amount - POST	1519895761436	1519895761794	OK	 
REQUEST	Create Claim	1		Amount - POST Redirect 1	1519895761796	1519895762102	OK	 
REQUEST	Create Claim	1		Interest - POST	1519895765105	1519895765479	OK	 
REQUEST	Create Claim	1		Interest - POST Redirect 1	1519895765481	1519895765992	OK	 
REQUEST	Create Claim	1		Fees - POST	1519895767996	1519895768245	OK	 
REQUEST	Create Claim	1		Fees - POST Redirect 1	1519895768247	1519895768654	OK	 
REQUEST	Create Claim	1		Total - POST	1519895770656	1519895770907	OK	 
REQUEST	Create Claim	1		Total - POST Redirect 1	1519895770909	1519895771112	OK	 
REQUEST	Create Claim	1		Reason - GET	1519895772117	1519895772342	OK	 
REQUEST	Create Claim	1		Reason - POST	1519895774337	1519895774696	OK	 
REQUEST	Create Claim	1		Reason - POST Redirect 1	1519895774698	1519895775004	OK	 
REQUEST	Create Claim	1		Check and send - GET	1519895777017	1519895777256	OK	 
REQUEST	Create Claim	1		Check and send - GET Redirect 1	1519895777258	1519895777564	OK	 
USER	Create Claim	1	END	1519895704477	1519895779559
