RUN	uk.gov.hmcts.reform.cmc.performance.simulations.CreateClaimSimulation		createclaimsimulation	1520412314588	 	2.0
USER	Create Claim	1	START	1520412315052	1520412315052
REQUEST	Create Claim	1		Trigger login	1520412315080	1520412315259	OK	 
REQUEST	Create Claim	1		Trigger login Redirect 1	1520412315290	1520412315354	OK	 
REQUEST	Create Claim	1		Trigger login Redirect 2	1520412315357	1520412315572	OK	 
REQUEST	Create Claim	1		Login - submit	1520412320600	1520412321034	OK	 
REQUEST	Create Claim	1		Login - submit Redirect 1	1520412321036	1520412321649	OK	 
REQUEST	Create Claim	1		Login - submit Redirect 2	1520412321651	1520412322071	OK	 
REQUEST	Create Claim	1		request_21	1520412332061	1520412332201	OK	 
REQUEST	Create Claim	1		Eligibility start	1520412335213	1520412335359	OK	 
REQUEST	Create Claim	1		Eligibility - claim value GET	1520412337363	1520412337739	OK	 
REQUEST	Create Claim	1		Eligibility - claim value POST	1520412337748	1520412338136	OK	 
REQUEST	Create Claim	1		Eligibility - claim value POST Redirect 1	1520412338138	1520412338455	OK	 
REQUEST	Create Claim	1		Eligibility - help with fees POST	1520412338460	1520412338851	OK	 
REQUEST	Create Claim	1		Eligibility - help with fees POST Redirect 1	1520412338853	1520412339161	OK	 
REQUEST	Create Claim	1		Eligibility - claimant address POST	1520412339164	1520412339571	OK	 
REQUEST	Create Claim	1		Eligibility - claimant address POST Redirect 1	1520412339574	1520412339887	OK	 
REQUEST	Create Claim	1		Eligibility - defendant address POST	1520412339892	1520412340286	OK	 
REQUEST	Create Claim	1		Eligibility - defendant address POST Redirect 1	1520412340288	1520412340594	OK	 
REQUEST	Create Claim	1		Eligibility - over 18 POST	1520412340599	1520412341002	OK	 
REQUEST	Create Claim	1		Eligibility - over 18 POST Redirect 1	1520412341004	1520412341311	OK	 
REQUEST	Create Claim	1		Eligibility - single claimant POST	1520412341314	1520412341720	OK	 
REQUEST	Create Claim	1		Eligibility - single claimant POST Redirect 1	1520412341722	1520412341934	OK	 
REQUEST	Create Claim	1		Eligibility - single defendant POST	1520412341938	1520412342334	OK	 
REQUEST	Create Claim	1		Eligibility - single defendant POST Redirect 1	1520412342336	1520412342660	OK	 
REQUEST	Create Claim	1		Eligibility - government department POST	1520412342665	1520412343054	OK	 
REQUEST	Create Claim	1		Eligibility - government department POST Redirect 1	1520412343056	1520412343358	OK	 
REQUEST	Create Claim	1		Eligibility - tenancy deposit POST	1520412343361	1520412343767	OK	 
REQUEST	Create Claim	1		Eligibility - tenancy deposit POST Redirect 1	1520412343769	1520412343871	OK	 
REQUEST	Create Claim	1		Task list - GET	1520412343877	1520412344066	OK	 
REQUEST	Create Claim	1		Resolving this dispute - GET	1520412346023	1520412346329	OK	 
REQUEST	Create Claim	1		Resolving this dispute - POST	1520412347323	1520412347760	OK	 
REQUEST	Create Claim	1		Resolving this dispute - POST Redirect 1	1520412347763	1520412348080	OK	 
REQUEST	Create Claim	1		Completing claim - GET	1520412350094	1520412350433	OK	 
REQUEST	Create Claim	1		Completing claim - POST	1520412352433	1520412352881	OK	 
REQUEST	Create Claim	1		Completing claim - POST Redirect 1	1520412352883	1520412353155	OK	 
REQUEST	Create Claim	1		Party type selection - GET	1520412355154	1520412355457	OK	 
REQUEST	Create Claim	1		Party type selection - POST	1520412357453	1520412357899	OK	 
REQUEST	Create Claim	1		Party type selection - POST Redirect 1	1520412357900	1520412358247	OK	 
REQUEST	Create Claim	1		Your details - POST	1520412361253	1520412361891	OK	 
REQUEST	Create Claim	1		Your details - POST Redirect 1	1520412361893	1520412362113	OK	 
REQUEST	Create Claim	1		Date of birth - POST	1520412364113	1520412364452	OK	 
REQUEST	Create Claim	1		Date of birth - POST Redirect 1	1520412364454	1520412364659	OK	 
REQUEST	Create Claim	1		Mobile number - POST	1520412366653	1520412367012	OK	 
REQUEST	Create Claim	1		Mobile number - POST Redirect 1	1520412367014	1520412367330	OK	 
REQUEST	Create Claim	1		Party type selection - GET	1520412368332	1520412368661	OK	 
REQUEST	Create Claim	1		Party type selection - POST	1520412370672	1520412371108	OK	 
REQUEST	Create Claim	1		Party type selection - POST Redirect 1	1520412371110	1520412371432	OK	 
REQUEST	Create Claim	1		Their details - POST	1520412374434	1520412375204	OK	 
REQUEST	Create Claim	1		Their details - POST Redirect 1	1520412375205	1520412375465	OK	 
REQUEST	Create Claim	1		Email address - POST	1520412377453	1520412377866	OK	 
REQUEST	Create Claim	1		Email address - POST Redirect 1	1520412377868	1520412378185	OK	 
REQUEST	Create Claim	1		Amount - GET	1520412380194	1520412380454	OK	 
REQUEST	Create Claim	1		Amount - POST	1520412382452	1520412382781	OK	 
REQUEST	Create Claim	1		Amount - POST Redirect 1	1520412382783	1520412382996	OK	 
REQUEST	Create Claim	1		Interest - POST	1520412385994	1520412386364	OK	 
REQUEST	Create Claim	1		Interest - POST Redirect 1	1520412386366	1520412386990	OK	 
REQUEST	Create Claim	1		Fees - POST	1520412388993	1520412389337	OK	 
REQUEST	Create Claim	1		Fees - POST Redirect 1	1520412389339	1520412389756	OK	 
REQUEST	Create Claim	1		Total - POST	1520412391752	1520412392100	OK	 
REQUEST	Create Claim	1		Total - POST Redirect 1	1520412392101	1520412392420	OK	 
REQUEST	Create Claim	1		Reason - GET	1520412393434	1520412393751	OK	 
REQUEST	Create Claim	1		Reason - POST	1520412395744	1520412396117	OK	 
REQUEST	Create Claim	1		Reason - POST Redirect 1	1520412396119	1520412396413	OK	 
REQUEST	Create Claim	1		Check and send - GET	1520412398413	1520412398875	OK	 
REQUEST	Create Claim	1		request_438	1520412403874	1520412404183	OK	 
REQUEST	Create Claim	1		request_438 Redirect 1	1520412404185	1520412405309	OK	 
REQUEST	Create Claim	1		request_438 Redirect 2	1520412405310	1520412405821	OK	 
REQUEST	Create Claim	1		request_438 Redirect 3	1520412405823	1520412406141	OK	 
REQUEST	Create Claim	1		request_451	1520412411143	1520412411546	OK	 
REQUEST	Create Claim	1		request_451 Redirect 1	1520412411548	1520412411681	OK	 
REQUEST	Create Claim	1		request_462	1520412416691	1520412416885	OK	 
REQUEST	Create Claim	1		request_462 Redirect 1	1520412416887	1520412416999	OK	 
REQUEST	Create Claim	1		request_462 Redirect 2	1520412417000	1520412418871	OK	 
REQUEST	Create Claim	1		request_462 Redirect 3	1520412418873	1520412419195	OK	 
REQUEST	Create Claim	1		request_474	1520412424193	1520412424319	OK	 
REQUEST	Create Claim	1		request_474 Redirect 1	1520412424321	1520412424357	OK	 
REQUEST	Create Claim	1		request_474 Redirect 2	1520412424359	1520412424401	OK	 
REQUEST	Create Claim	1		request_474 Redirect 3	1520412424402	1520412424547	OK	 
USER	Create Claim	1	END	1520412315052	1520412429545
