RUN	uk.gov.hmcts.reform.cmc.performance.simulations.CreateClaimSimulation		createclaimsimulation	1520287235680	 	2.0
USER	Create Claim	1	START	1520287236156	1520287236156
REQUEST	Create Claim	1		Trigger login	1520287236181	1520287236482	OK	 
REQUEST	Create Claim	1		Trigger login Redirect 1	1520287236516	1520287236610	OK	 
REQUEST	Create Claim	1		Trigger login Redirect 2	1520287236612	1520287236979	OK	 
USER	Create Claim	2	START	1520287237284	1520287237284
REQUEST	Create Claim	2		Trigger login	1520287237285	1520287237478	OK	 
REQUEST	Create Claim	2		Trigger login Redirect 1	1520287237479	1520287237553	OK	 
REQUEST	Create Claim	2		Trigger login Redirect 2	1520287237555	1520287237872	OK	 
USER	Create Claim	3	START	1520287238284	1520287238284
REQUEST	Create Claim	3		Trigger login	1520287238285	1520287238478	OK	 
REQUEST	Create Claim	3		Trigger login Redirect 1	1520287238481	1520287238546	OK	 
REQUEST	Create Claim	3		Trigger login Redirect 2	1520287238548	1520287238827	OK	 
USER	Create Claim	4	START	1520287239174	1520287239174
REQUEST	Create Claim	4		Trigger login	1520287239174	1520287239358	OK	 
REQUEST	Create Claim	4		Trigger login Redirect 1	1520287239360	1520287239429	OK	 
REQUEST	Create Claim	4		Trigger login Redirect 2	1520287239431	1520287239750	OK	 
USER	Create Claim	5	START	1520287240175	1520287240175
REQUEST	Create Claim	5		Trigger login	1520287240175	1520287240352	OK	 
REQUEST	Create Claim	5		Trigger login Redirect 1	1520287240354	1520287240415	OK	 
REQUEST	Create Claim	5		Trigger login Redirect 2	1520287240417	1520287240681	OK	 
REQUEST	Create Claim	1		Login - submit	1520287242012	1520287242518	OK	 
REQUEST	Create Claim	1		Login - submit Redirect 1	1520287242520	1520287243132	OK	 
REQUEST	Create Claim	1		Login - submit Redirect 2	1520287243134	1520287243271	OK	 
REQUEST	Create Claim	2		Login - submit	1520287242894	1520287243297	OK	 
REQUEST	Create Claim	2		Login - submit Redirect 1	1520287243299	1520287243849	OK	 
REQUEST	Create Claim	2		Login - submit Redirect 2	1520287243851	1520287243983	OK	 
REQUEST	Create Claim	3		Login - submit	1520287243855	1520287244222	OK	 
REQUEST	Create Claim	3		Login - submit Redirect 1	1520287244224	1520287244660	OK	 
REQUEST	Create Claim	3		Login - submit Redirect 2	1520287244662	1520287244787	OK	 
REQUEST	Create Claim	4		Login - submit	1520287244775	1520287245134	OK	 
REQUEST	Create Claim	4		Login - submit Redirect 1	1520287245135	1520287245522	OK	 
REQUEST	Create Claim	4		Login - submit Redirect 2	1520287245525	1520287245650	OK	 
REQUEST	Create Claim	5		Login - submit	1520287245705	1520287246205	OK	 
REQUEST	Create Claim	5		Login - submit Redirect 1	1520287246207	1520287246614	OK	 
REQUEST	Create Claim	5		Login - submit Redirect 2	1520287246616	1520287246737	OK	 
REQUEST	Create Claim	1		request_21	1520287253269	1520287253421	OK	 
REQUEST	Create Claim	2		request_21	1520287253985	1520287254130	OK	 
REQUEST	Create Claim	3		request_21	1520287254785	1520287254979	OK	 
REQUEST	Create Claim	4		request_21	1520287255645	1520287256138	OK	 
REQUEST	Create Claim	1		Eligibility start	1520287256426	1520287256600	OK	 
REQUEST	Create Claim	5		request_21	1520287256736	1520287256864	OK	 
REQUEST	Create Claim	2		Eligibility start	1520287257126	1520287257293	OK	 
REQUEST	Create Claim	3		Eligibility start	1520287257975	1520287258222	OK	 
REQUEST	Create Claim	1		Eligibility - claim value GET	1520287258595	1520287258964	OK	 
REQUEST	Create Claim	4		Eligibility start	1520287259145	1520287259308	OK	 
REQUEST	Create Claim	1		Eligibility - claim value POST	1520287258967	1520287259379	OK	 
REQUEST	Create Claim	2		Eligibility - claim value GET	1520287259294	1520287259648	OK	 
REQUEST	Create Claim	1		Eligibility - claim value POST Redirect 1	1520287259382	1520287259719	OK	 
REQUEST	Create Claim	2		Eligibility - claim value POST	1520287259651	1520287260132	OK	 
REQUEST	Create Claim	5		Eligibility start	1520287259866	1520287260133	OK	 
REQUEST	Create Claim	1		Eligibility - help with fees POST	1520287259724	1520287260161	OK	 
REQUEST	Create Claim	2		Eligibility - claim value POST Redirect 1	1520287260134	1520287260425	OK	 
REQUEST	Create Claim	1		Eligibility - help with fees POST Redirect 1	1520287260163	1520287260457	OK	 
REQUEST	Create Claim	3		Eligibility - claim value GET	1520287260226	1520287260532	OK	 
REQUEST	Create Claim	1		Eligibility - claimant address POST	1520287260462	1520287260951	OK	 
REQUEST	Create Claim	3		Eligibility - claim value POST	1520287260536	1520287260951	OK	 
REQUEST	Create Claim	2		Eligibility - help with fees POST	1520287260429	1520287260951	OK	 
REQUEST	Create Claim	1		Eligibility - claimant address POST Redirect 1	1520287260953	1520287261259	OK	 
REQUEST	Create Claim	3		Eligibility - claim value POST Redirect 1	1520287260953	1520287261293	OK	 
REQUEST	Create Claim	2		Eligibility - help with fees POST Redirect 1	1520287260953	1520287261323	OK	 
REQUEST	Create Claim	4		Eligibility - claim value GET	1520287261307	1520287261666	OK	 
REQUEST	Create Claim	1		Eligibility - defendant address POST	1520287261262	1520287261694	OK	 
REQUEST	Create Claim	3		Eligibility - help with fees POST	1520287261297	1520287261694	OK	 
REQUEST	Create Claim	2		Eligibility - claimant address POST	1520287261328	1520287261705	OK	 
REQUEST	Create Claim	2		Eligibility - claimant address POST Redirect 1	1520287261706	1520287262011	OK	 
REQUEST	Create Claim	3		Eligibility - help with fees POST Redirect 1	1520287261696	1520287262045	OK	 
REQUEST	Create Claim	1		Eligibility - defendant address POST Redirect 1	1520287261705	1520287262079	OK	 
REQUEST	Create Claim	4		Eligibility - claim value POST	1520287261670	1520287262089	OK	 
REQUEST	Create Claim	4		Eligibility - claim value POST Redirect 1	1520287262095	1520287262386	OK	 
REQUEST	Create Claim	5		Eligibility - claim value GET	1520287262125	1520287262458	OK	 
REQUEST	Create Claim	3		Eligibility - claimant address POST	1520287262049	1520287262477	OK	 
REQUEST	Create Claim	1		Eligibility - over 18 POST	1520287262084	1520287262525	OK	 
REQUEST	Create Claim	2		Eligibility - defendant address POST	1520287262016	1520287262533	OK	 
REQUEST	Create Claim	4		Eligibility - help with fees POST	1520287262389	1520287262794	OK	 
REQUEST	Create Claim	3		Eligibility - claimant address POST Redirect 1	1520287262479	1520287262794	OK	 
REQUEST	Create Claim	2		Eligibility - defendant address POST Redirect 1	1520287262534	1520287262832	OK	 
REQUEST	Create Claim	1		Eligibility - over 18 POST Redirect 1	1520287262527	1520287262862	OK	 
REQUEST	Create Claim	5		Eligibility - claim value POST	1520287262461	1520287262881	OK	 
REQUEST	Create Claim	4		Eligibility - help with fees POST Redirect 1	1520287262796	1520287263100	OK	 
REQUEST	Create Claim	3		Eligibility - defendant address POST	1520287262798	1520287263176	OK	 
REQUEST	Create Claim	5		Eligibility - claim value POST Redirect 1	1520287262882	1520287263193	OK	 
REQUEST	Create Claim	2		Eligibility - over 18 POST	1520287262834	1520287263255	OK	 
REQUEST	Create Claim	1		Eligibility - single claimant POST	1520287262865	1520287263320	OK	 
REQUEST	Create Claim	3		Eligibility - defendant address POST Redirect 1	1520287263178	1520287263457	OK	 
REQUEST	Create Claim	4		Eligibility - claimant address POST	1520287263103	1520287263535	OK	 
REQUEST	Create Claim	2		Eligibility - over 18 POST Redirect 1	1520287263256	1520287263565	OK	 
REQUEST	Create Claim	1		Eligibility - single claimant POST Redirect 1	1520287263321	1520287263603	OK	 
REQUEST	Create Claim	5		Eligibility - help with fees POST	1520287263196	1520287263613	OK	 
REQUEST	Create Claim	4		Eligibility - claimant address POST Redirect 1	1520287263537	1520287263819	OK	 
REQUEST	Create Claim	3		Eligibility - over 18 POST	1520287263460	1520287263834	OK	 
REQUEST	Create Claim	5		Eligibility - help with fees POST Redirect 1	1520287263614	1520287263862	OK	 
REQUEST	Create Claim	1		Eligibility - single defendant POST	1520287263606	1520287264004	OK	 
REQUEST	Create Claim	2		Eligibility - single claimant POST	1520287263568	1520287264024	OK	 
REQUEST	Create Claim	3		Eligibility - over 18 POST Redirect 1	1520287263835	1520287264093	OK	 
REQUEST	Create Claim	4		Eligibility - defendant address POST	1520287263821	1520287264207	OK	 
REQUEST	Create Claim	5		Eligibility - claimant address POST	1520287263865	1520287264266	OK	 
REQUEST	Create Claim	2		Eligibility - single claimant POST Redirect 1	1520287264026	1520287264274	OK	 
REQUEST	Create Claim	1		Eligibility - single defendant POST Redirect 1	1520287264006	1520287264313	OK	 
REQUEST	Create Claim	4		Eligibility - defendant address POST Redirect 1	1520287264209	1520287264446	OK	 
REQUEST	Create Claim	3		Eligibility - single claimant POST	1520287264096	1520287264473	OK	 
REQUEST	Create Claim	5		Eligibility - claimant address POST Redirect 1	1520287264268	1520287264519	OK	 
REQUEST	Create Claim	2		Eligibility - single defendant POST	1520287264277	1520287264740	OK	 
REQUEST	Create Claim	1		Eligibility - government department POST	1520287264315	1520287264740	OK	 
REQUEST	Create Claim	3		Eligibility - single claimant POST Redirect 1	1520287264474	1520287264772	OK	 
REQUEST	Create Claim	4		Eligibility - over 18 POST	1520287264448	1520287264833	OK	 
REQUEST	Create Claim	5		Eligibility - defendant address POST	1520287264521	1520287264891	OK	 
REQUEST	Create Claim	1		Eligibility - government department POST Redirect 1	1520287264742	1520287265016	OK	 
REQUEST	Create Claim	2		Eligibility - single defendant POST Redirect 1	1520287264742	1520287265048	OK	 
REQUEST	Create Claim	4		Eligibility - over 18 POST Redirect 1	1520287264834	1520287265082	OK	 
REQUEST	Create Claim	5		Eligibility - defendant address POST Redirect 1	1520287264892	1520287265124	OK	 
REQUEST	Create Claim	3		Eligibility - single defendant POST	1520287264775	1520287265179	OK	 
REQUEST	Create Claim	1		Eligibility - tenancy deposit POST	1520287265018	1520287265457	OK	 
REQUEST	Create Claim	4		Eligibility - single claimant POST	1520287265085	1520287265458	OK	 
REQUEST	Create Claim	3		Eligibility - single defendant POST Redirect 1	1520287265181	1520287265458	OK	 
REQUEST	Create Claim	2		Eligibility - government department POST	1520287265051	1520287265489	OK	 
REQUEST	Create Claim	5		Eligibility - over 18 POST	1520287265127	1520287265521	OK	 
REQUEST	Create Claim	1		Eligibility - tenancy deposit POST Redirect 1	1520287265459	1520287265610	OK	 
REQUEST	Create Claim	4		Eligibility - single claimant POST Redirect 1	1520287265459	1520287265701	OK	 
REQUEST	Create Claim	2		Eligibility - government department POST Redirect 1	1520287265490	1520287265744	OK	 
REQUEST	Create Claim	5		Eligibility - over 18 POST Redirect 1	1520287265523	1520287265777	OK	 
REQUEST	Create Claim	3		Eligibility - government department POST	1520287265460	1520287265835	OK	 
REQUEST	Create Claim	1		Task list - GET	1520287265613	1520287265843	OK	 
REQUEST	Create Claim	4		Eligibility - single defendant POST	1520287265703	1520287266174	OK	 
REQUEST	Create Claim	3		Eligibility - government department POST Redirect 1	1520287265837	1520287266174	OK	 
REQUEST	Create Claim	2		Eligibility - tenancy deposit POST	1520287265746	1520287266174	OK	 
REQUEST	Create Claim	5		Eligibility - single claimant POST	1520287265779	1520287266178	OK	 
REQUEST	Create Claim	2		Eligibility - tenancy deposit POST Redirect 1	1520287266177	1520287266311	OK	 
REQUEST	Create Claim	4		Eligibility - single defendant POST Redirect 1	1520287266175	1520287266411	OK	 
REQUEST	Create Claim	5		Eligibility - single claimant POST Redirect 1	1520287266180	1520287266447	OK	 
REQUEST	Create Claim	3		Eligibility - tenancy deposit POST	1520287266177	1520287266507	OK	 
REQUEST	Create Claim	2		Task list - GET	1520287266313	1520287266535	OK	 
REQUEST	Create Claim	3		Eligibility - tenancy deposit POST Redirect 1	1520287266509	1520287266660	OK	 
REQUEST	Create Claim	4		Eligibility - government department POST	1520287266413	1520287266759	OK	 
REQUEST	Create Claim	5		Eligibility - single defendant POST	1520287266450	1520287266788	OK	 
REQUEST	Create Claim	3		Task list - GET	1520287266662	1520287266905	OK	 
REQUEST	Create Claim	4		Eligibility - government department POST Redirect 1	1520287266761	1520287266961	OK	 
REQUEST	Create Claim	5		Eligibility - single defendant POST Redirect 1	1520287266790	1520287267000	OK	 
REQUEST	Create Claim	5		Eligibility - government department POST	1520287267002	1520287267402	OK	 
REQUEST	Create Claim	4		Eligibility - tenancy deposit POST	1520287266964	1520287267402	OK	 
REQUEST	Create Claim	4		Eligibility - tenancy deposit POST Redirect 1	1520287267403	1520287267532	OK	 
REQUEST	Create Claim	5		Eligibility - government department POST Redirect 1	1520287267403	1520287267631	OK	 
REQUEST	Create Claim	4		Task list - GET	1520287267533	1520287267780	OK	 
REQUEST	Create Claim	5		Eligibility - tenancy deposit POST	1520287267633	1520287268119	OK	 
REQUEST	Create Claim	1		Resolving this dispute - GET	1520287267817	1520287268122	OK	 
REQUEST	Create Claim	5		Eligibility - tenancy deposit POST Redirect 1	1520287268121	1520287268286	OK	 
REQUEST	Create Claim	5		Task list - GET	1520287268288	1520287268564	OK	 
REQUEST	Create Claim	2		Resolving this dispute - GET	1520287268515	1520287268824	OK	 
REQUEST	Create Claim	3		Resolving this dispute - GET	1520287268886	1520287269168	OK	 
REQUEST	Create Claim	1		Resolving this dispute - POST	1520287269126	1520287269552	OK	 
REQUEST	Create Claim	1		Resolving this dispute - POST Redirect 1	1520287269554	1520287269852	OK	 
REQUEST	Create Claim	4		Resolving this dispute - GET	1520287269755	1520287270011	OK	 
REQUEST	Create Claim	2		Resolving this dispute - POST	1520287269826	1520287270175	OK	 
REQUEST	Create Claim	2		Resolving this dispute - POST Redirect 1	1520287270177	1520287270475	OK	 
REQUEST	Create Claim	3		Resolving this dispute - POST	1520287270167	1520287270517	OK	 
REQUEST	Create Claim	3		Resolving this dispute - POST Redirect 1	1520287270518	1520287270811	OK	 
REQUEST	Create Claim	5		Resolving this dispute - GET	1520287270547	1520287270848	OK	 
REQUEST	Create Claim	4		Resolving this dispute - POST	1520287271016	1520287271394	OK	 
REQUEST	Create Claim	4		Resolving this dispute - POST Redirect 1	1520287271395	1520287271731	OK	 
REQUEST	Create Claim	1		Completing claim - GET	1520287271846	1520287272112	OK	 
REQUEST	Create Claim	5		Resolving this dispute - POST	1520287271856	1520287272237	OK	 
REQUEST	Create Claim	5		Resolving this dispute - POST Redirect 1	1520287272239	1520287272528	OK	 
REQUEST	Create Claim	2		Completing claim - GET	1520287272475	1520287272811	OK	 
REQUEST	Create Claim	3		Completing claim - GET	1520287272807	1520287273170	OK	 
REQUEST	Create Claim	4		Completing claim - GET	1520287273726	1520287274090	OK	 
REQUEST	Create Claim	1		Completing claim - POST	1520287274115	1520287274528	OK	 
REQUEST	Create Claim	1		Completing claim - POST Redirect 1	1520287274530	1520287274848	OK	 
REQUEST	Create Claim	5		Completing claim - GET	1520287274525	1520287274880	OK	 
REQUEST	Create Claim	2		Completing claim - POST	1520287274807	1520287275239	OK	 
REQUEST	Create Claim	2		Completing claim - POST Redirect 1	1520287275240	1520287275525	OK	 
REQUEST	Create Claim	3		Completing claim - POST	1520287275166	1520287275567	OK	 
REQUEST	Create Claim	3		Completing claim - POST Redirect 1	1520287275568	1520287275933	OK	 
REQUEST	Create Claim	4		Completing claim - POST	1520287276095	1520287276619	OK	 
REQUEST	Create Claim	4		Completing claim - POST Redirect 1	1520287276620	1520287276931	OK	 
REQUEST	Create Claim	1		Party type selection - GET	1520287276847	1520287277157	OK	 
REQUEST	Create Claim	5		Completing claim - POST	1520287276885	1520287277529	OK	 
REQUEST	Create Claim	2		Party type selection - GET	1520287277525	1520287277882	OK	 
REQUEST	Create Claim	5		Completing claim - POST Redirect 1	1520287277530	1520287277921	OK	 
REQUEST	Create Claim	3		Party type selection - GET	1520287277945	1520287278291	OK	 
REQUEST	Create Claim	4		Party type selection - GET	1520287278926	1520287279210	OK	 
REQUEST	Create Claim	1		Party type selection - POST	1520287279166	1520287279690	OK	 
REQUEST	Create Claim	1		Party type selection - POST Redirect 1	1520287279692	1520287280033	OK	 
REQUEST	Create Claim	2		Party type selection - POST	1520287279874	1520287280128	OK	 
REQUEST	Create Claim	5		Party type selection - GET	1520287279915	1520287280166	OK	 
REQUEST	Create Claim	2		Party type selection - POST Redirect 1	1520287280129	1520287280431	OK	 
REQUEST	Create Claim	3		Party type selection - POST	1520287280284	1520287280511	OK	 
REQUEST	Create Claim	3		Party type selection - POST Redirect 1	1520287280512	1520287280860	OK	 
REQUEST	Create Claim	4		Party type selection - POST	1520287281216	1520287281533	OK	 
REQUEST	Create Claim	4		Party type selection - POST Redirect 1	1520287281535	1520287281876	OK	 
REQUEST	Create Claim	5		Party type selection - POST	1520287282175	1520287282455	OK	 
REQUEST	Create Claim	5		Party type selection - POST Redirect 1	1520287282456	1520287282825	OK	 
REQUEST	Create Claim	1		Your details - POST	1520287283026	1520287283684	OK	 
REQUEST	Create Claim	1		Your details - POST Redirect 1	1520287283685	1520287283929	OK	 
REQUEST	Create Claim	2		Your details - POST	1520287283436	1520287284052	OK	 
REQUEST	Create Claim	2		Your details - POST Redirect 1	1520287284053	1520287284299	OK	 
REQUEST	Create Claim	3		Your details - POST	1520287283857	1520287284503	OK	 
REQUEST	Create Claim	3		Your details - POST Redirect 1	1520287284504	1520287284812	OK	 
REQUEST	Create Claim	4		Your details - POST	1520287284884	1520287285525	OK	 
REQUEST	Create Claim	4		Your details - POST Redirect 1	1520287285527	1520287285864	OK	 
REQUEST	Create Claim	1		Date of birth - POST	1520287285925	1520287286310	OK	 
REQUEST	Create Claim	5		Your details - POST	1520287285824	1520287286409	OK	 
REQUEST	Create Claim	1		Date of birth - POST Redirect 1	1520287286311	1520287286567	OK	 
REQUEST	Create Claim	2		Date of birth - POST	1520287286306	1520287286666	OK	 
REQUEST	Create Claim	5		Your details - POST Redirect 1	1520287286411	1520287286666	OK	 
REQUEST	Create Claim	2		Date of birth - POST Redirect 1	1520287286667	1520287286879	OK	 
REQUEST	Create Claim	3		Date of birth - POST	1520287286814	1520287287164	OK	 
REQUEST	Create Claim	3		Date of birth - POST Redirect 1	1520287287166	1520287287474	OK	 
REQUEST	Create Claim	4		Date of birth - POST	1520287287864	1520287288292	OK	 
REQUEST	Create Claim	4		Date of birth - POST Redirect 1	1520287288293	1520287288616	OK	 
REQUEST	Create Claim	1		Mobile number - POST	1520287288576	1520287288942	OK	 
REQUEST	Create Claim	5		Date of birth - POST	1520287288666	1520287289051	OK	 
REQUEST	Create Claim	1		Mobile number - POST Redirect 1	1520287288944	1520287289205	OK	 
REQUEST	Create Claim	2		Mobile number - POST	1520287288875	1520287289220	OK	 
REQUEST	Create Claim	5		Date of birth - POST Redirect 1	1520287289052	1520287289284	OK	 
REQUEST	Create Claim	2		Mobile number - POST Redirect 1	1520287289222	1520287289488	OK	 
REQUEST	Create Claim	3		Mobile number - POST	1520287289487	1520287289929	OK	 
REQUEST	Create Claim	3		Mobile number - POST Redirect 1	1520287289930	1520287290188	OK	 
REQUEST	Create Claim	1		Party type selection - GET	1520287290205	1520287290505	OK	 
REQUEST	Create Claim	2		Party type selection - GET	1520287290495	1520287290740	OK	 
REQUEST	Create Claim	4		Mobile number - POST	1520287290615	1520287291057	OK	 
REQUEST	Create Claim	4		Mobile number - POST Redirect 1	1520287291058	1520287291275	OK	 
REQUEST	Create Claim	3		Party type selection - GET	1520287291175	1520287291392	OK	 
REQUEST	Create Claim	5		Mobile number - POST	1520287291286	1520287291671	OK	 
REQUEST	Create Claim	5		Mobile number - POST Redirect 1	1520287291672	1520287291894	OK	 
REQUEST	Create Claim	4		Party type selection - GET	1520287292275	1520287292577	OK	 
REQUEST	Create Claim	1		Party type selection - POST	1520287292506	1520287292898	OK	 
REQUEST	Create Claim	2		Party type selection - POST	1520287292734	1520287292970	OK	 
REQUEST	Create Claim	5		Party type selection - GET	1520287292895	1520287293241	OK	 
REQUEST	Create Claim	1		Party type selection - POST Redirect 1	1520287292899	1520287293270	OK	 
REQUEST	Create Claim	2		Party type selection - POST Redirect 1	1520287292971	1520287293311	OK	 
REQUEST	Create Claim	3		Party type selection - POST	1520287293395	1520287293719	OK	 
REQUEST	Create Claim	3		Party type selection - POST Redirect 1	1520287293720	1520287294063	OK	 
REQUEST	Create Claim	4		Party type selection - POST	1520287294575	1520287294846	OK	 
REQUEST	Create Claim	4		Party type selection - POST Redirect 1	1520287294847	1520287295193	OK	 
REQUEST	Create Claim	5		Party type selection - POST	1520287295236	1520287295562	OK	 
REQUEST	Create Claim	5		Party type selection - POST Redirect 1	1520287295563	1520287296048	OK	 
REQUEST	Create Claim	2		Their details - POST	1520287296317	1520287296995	OK	 
REQUEST	Create Claim	1		Their details - POST	1520287296265	1520287296995	OK	 
REQUEST	Create Claim	2		Their details - POST Redirect 1	1520287296997	1520287297303	OK	 
REQUEST	Create Claim	1		Their details - POST Redirect 1	1520287296997	1520287297336	OK	 
REQUEST	Create Claim	3		Their details - POST	1520287297054	1520287297815	OK	 
REQUEST	Create Claim	3		Their details - POST Redirect 1	1520287297816	1520287298124	OK	 
REQUEST	Create Claim	4		Their details - POST	1520287298194	1520287298942	OK	 
REQUEST	Create Claim	4		Their details - POST Redirect 1	1520287298944	1520287299250	OK	 
REQUEST	Create Claim	5		Their details - POST	1520287299054	1520287299758	OK	 
REQUEST	Create Claim	2		Email address - POST	1520287299306	1520287299772	OK	 
REQUEST	Create Claim	1		Email address - POST	1520287299344	1520287299817	OK	 
REQUEST	Create Claim	5		Their details - POST Redirect 1	1520287299759	1520287300017	OK	 
REQUEST	Create Claim	2		Email address - POST Redirect 1	1520287299774	1520287300094	OK	 
REQUEST	Create Claim	1		Email address - POST Redirect 1	1520287299818	1520287300127	OK	 
REQUEST	Create Claim	3		Email address - POST	1520287300144	1520287300579	OK	 
REQUEST	Create Claim	3		Email address - POST Redirect 1	1520287300580	1520287300934	OK	 
REQUEST	Create Claim	4		Email address - POST	1520287301246	1520287301707	OK	 
REQUEST	Create Claim	4		Email address - POST Redirect 1	1520287301708	1520287302016	OK	 
REQUEST	Create Claim	5		Email address - POST	1520287302015	1520287302495	OK	 
REQUEST	Create Claim	2		Amount - GET	1520287302095	1520287302496	OK	 
REQUEST	Create Claim	1		Amount - GET	1520287302125	1520287302498	OK	 
REQUEST	Create Claim	5		Email address - POST Redirect 1	1520287302497	1520287302870	OK	 
REQUEST	Create Claim	3		Amount - GET	1520287302935	1520287303281	OK	 
REQUEST	Create Claim	4		Amount - GET	1520287304024	1520287304412	OK	 
REQUEST	Create Claim	1		Amount - POST	1520287304494	1520287304895	OK	 
REQUEST	Create Claim	2		Amount - POST	1520287304494	1520287304927	OK	 
REQUEST	Create Claim	1		Amount - POST Redirect 1	1520287304896	1520287305182	OK	 
REQUEST	Create Claim	5		Amount - GET	1520287304864	1520287305215	OK	 
REQUEST	Create Claim	2		Amount - POST Redirect 1	1520287304928	1520287305257	OK	 
REQUEST	Create Claim	3		Amount - POST	1520287305264	1520287305617	OK	 
REQUEST	Create Claim	3		Amount - POST Redirect 1	1520287305618	1520287305935	OK	 
REQUEST	Create Claim	4		Amount - POST	1520287306415	1520287306827	OK	 
REQUEST	Create Claim	4		Amount - POST Redirect 1	1520287306829	1520287307166	OK	 
REQUEST	Create Claim	5		Amount - POST	1520287307225	1520287307646	OK	 
REQUEST	Create Claim	5		Amount - POST Redirect 1	1520287307647	1520287307992	OK	 
REQUEST	Create Claim	1		Interest - POST	1520287308194	1520287308669	OK	 
REQUEST	Create Claim	2		Interest - POST	1520287308257	1520287308669	OK	 
REQUEST	Create Claim	3		Interest - POST	1520287308945	1520287309319	OK	 
REQUEST	Create Claim	2		Interest - POST Redirect 1	1520287308670	1520287309320	OK	 
REQUEST	Create Claim	1		Interest - POST Redirect 1	1520287308670	1520287309352	OK	 
REQUEST	Create Claim	3		Interest - POST Redirect 1	1520287309321	1520287309695	OK	 
REQUEST	Create Claim	4		Interest - POST	1520287310165	1520287310616	OK	 
REQUEST	Create Claim	4		Interest - POST Redirect 1	1520287310618	1520287310990	OK	 
REQUEST	Create Claim	5		Interest - POST	1520287310985	1520287311319	OK	 
REQUEST	Create Claim	2		Fees - POST	1520287311315	1520287311538	OK	 
REQUEST	Create Claim	1		Fees - POST	1520287311335	1520287311542	OK	 
REQUEST	Create Claim	5		Interest - POST Redirect 1	1520287311320	1520287311776	OK	 
REQUEST	Create Claim	2		Fees - POST Redirect 1	1520287311539	1520287311853	OK	 
REQUEST	Create Claim	1		Fees - POST Redirect 1	1520287311543	1520287311897	OK	 
REQUEST	Create Claim	3		Fees - POST	1520287311694	1520287311916	OK	 
REQUEST	Create Claim	3		Fees - POST Redirect 1	1520287311918	1520287312256	OK	 
REQUEST	Create Claim	4		Fees - POST	1520287312985	1520287313277	OK	 
REQUEST	Create Claim	4		Fees - POST Redirect 1	1520287313278	1520287313724	OK	 
REQUEST	Create Claim	5		Fees - POST	1520287313785	1520287314023	OK	 
REQUEST	Create Claim	2		Total - POST	1520287313867	1520287314127	OK	 
REQUEST	Create Claim	1		Total - POST	1520287313905	1520287314164	OK	 
REQUEST	Create Claim	5		Fees - POST Redirect 1	1520287314024	1520287314392	OK	 
REQUEST	Create Claim	2		Total - POST Redirect 1	1520287314128	1520287314429	OK	 
REQUEST	Create Claim	1		Total - POST Redirect 1	1520287314165	1520287314461	OK	 
REQUEST	Create Claim	3		Total - POST	1520287314257	1520287314508	OK	 
REQUEST	Create Claim	3		Total - POST Redirect 1	1520287314510	1520287314816	OK	 
REQUEST	Create Claim	2		Reason - GET	1520287315415	1520287315761	OK	 
REQUEST	Create Claim	1		Reason - GET	1520287315464	1520287315790	OK	 
REQUEST	Create Claim	4		Total - POST	1520287315724	1520287315934	OK	 
REQUEST	Create Claim	3		Reason - GET	1520287315816	1520287316056	OK	 
REQUEST	Create Claim	4		Total - POST Redirect 1	1520287315935	1520287316230	OK	 
REQUEST	Create Claim	5		Total - POST	1520287316395	1520287316759	OK	 
REQUEST	Create Claim	5		Total - POST Redirect 1	1520287316760	1520287317105	OK	 
REQUEST	Create Claim	4		Reason - GET	1520287317225	1520287317580	OK	 
REQUEST	Create Claim	1		Reason - POST	1520287317785	1520287318165	OK	 
REQUEST	Create Claim	2		Reason - POST	1520287317767	1520287318183	OK	 
REQUEST	Create Claim	5		Reason - GET	1520287318106	1520287318443	OK	 
REQUEST	Create Claim	1		Reason - POST Redirect 1	1520287318166	1520287318484	OK	 
REQUEST	Create Claim	3		Reason - POST	1520287318055	1520287318546	OK	 
REQUEST	Create Claim	2		Reason - POST Redirect 1	1520287318184	1520287318546	OK	 
REQUEST	Create Claim	3		Reason - POST Redirect 1	1520287318548	1520287318945	OK	 
REQUEST	Create Claim	4		Reason - POST	1520287319585	1520287320140	OK	 
REQUEST	Create Claim	4		Reason - POST Redirect 1	1520287320141	1520287320489	OK	 
REQUEST	Create Claim	5		Reason - POST	1520287320445	1520287320948	OK	 
REQUEST	Create Claim	1		Check and send - GET	1520287320496	1520287321021	OK	 
REQUEST	Create Claim	2		Check and send - GET	1520287320546	1520287321046	OK	 
REQUEST	Create Claim	5		Reason - POST Redirect 1	1520287320949	1520287321265	OK	 
REQUEST	Create Claim	3		Check and send - GET	1520287320944	1520287321369	OK	 
USER	Create Claim	1	END	1520287236156	1520287323017
REQUEST	Create Claim	4		Check and send - GET	1520287322487	1520287323039	OK	 
USER	Create Claim	2	END	1520287237284	1520287323046
USER	Create Claim	3	END	1520287238284	1520287323375
REQUEST	Create Claim	5		Check and send - GET	1520287323264	1520287323761	OK	 
USER	Create Claim	4	END	1520287239174	1520287325044
USER	Create Claim	5	END	1520287240175	1520287325755
