RUN	uk.gov.hmcts.reform.cmc.performance.simulations.CreateClaimSimulation		createclaimsimulation	1520339445067	 	2.0
USER	Create Claim	1	START	1520339445517	1520339445517
REQUEST	Create Claim	1		Trigger login	1520339445547	1520339445683	OK	 
REQUEST	Create Claim	1		Trigger login Redirect 1	1520339445721	1520339445775	OK	 
REQUEST	Create Claim	1		Trigger login Redirect 2	1520339445778	1520339445989	OK	 
REQUEST	Create Claim	1		Login - submit	1520339451019	1520339451466	OK	 
REQUEST	Create Claim	1		Login - submit Redirect 1	1520339451468	1520339452086	OK	 
REQUEST	Create Claim	1		Login - submit Redirect 2	1520339452088	1520339452514	OK	 
REQUEST	Create Claim	1		request_21	1520339462504	1520339462627	OK	 
REQUEST	Create Claim	1		Eligibility start	1520339465635	1520339465784	OK	 
REQUEST	Create Claim	1		Eligibility - claim value GET	1520339467785	1520339468172	OK	 
REQUEST	Create Claim	1		Eligibility - claim value POST	1520339468180	1520339468671	OK	 
REQUEST	Create Claim	1		Eligibility - claim value POST Redirect 1	1520339468673	1520339469011	OK	 
REQUEST	Create Claim	1		Eligibility - help with fees POST	1520339469015	1520339469409	OK	 
REQUEST	Create Claim	1		Eligibility - help with fees POST Redirect 1	1520339469411	1520339469671	OK	 
REQUEST	Create Claim	1		Eligibility - claimant address POST	1520339469675	1520339470002	OK	 
REQUEST	Create Claim	1		Eligibility - claimant address POST Redirect 1	1520339470004	1520339470251	OK	 
REQUEST	Create Claim	1		Eligibility - defendant address POST	1520339470256	1520339470717	OK	 
REQUEST	Create Claim	1		Eligibility - defendant address POST Redirect 1	1520339470719	1520339471037	OK	 
REQUEST	Create Claim	1		Eligibility - over 18 POST	1520339471040	1520339471435	OK	 
REQUEST	Create Claim	1		Eligibility - over 18 POST Redirect 1	1520339471437	1520339471752	OK	 
REQUEST	Create Claim	1		Eligibility - single claimant POST	1520339471756	1520339472152	OK	 
REQUEST	Create Claim	1		Eligibility - single claimant POST Redirect 1	1520339472154	1520339472479	OK	 
REQUEST	Create Claim	1		Eligibility - single defendant POST	1520339472484	1520339472868	OK	 
REQUEST	Create Claim	1		Eligibility - single defendant POST Redirect 1	1520339472871	1520339473108	OK	 
REQUEST	Create Claim	1		Eligibility - government department POST	1520339473112	1520339473586	OK	 
REQUEST	Create Claim	1		Eligibility - government department POST Redirect 1	1520339473588	1520339473906	OK	 
REQUEST	Create Claim	1		Eligibility - tenancy deposit POST	1520339473910	1520339474302	OK	 
REQUEST	Create Claim	1		Eligibility - tenancy deposit POST Redirect 1	1520339474305	1520339474421	OK	 
REQUEST	Create Claim	1		Task list - GET	1520339474424	1520339474725	OK	 
REQUEST	Create Claim	1		Resolving this dispute - GET	1520339476685	1520339476974	OK	 
REQUEST	Create Claim	1		Resolving this dispute - POST	1520339477983	1520339478398	OK	 
REQUEST	Create Claim	1		Resolving this dispute - POST Redirect 1	1520339478401	1520339478714	OK	 
REQUEST	Create Claim	1		Completing claim - GET	1520339480714	1520339480972	OK	 
REQUEST	Create Claim	1		Completing claim - POST	1520339482972	1520339483385	OK	 
REQUEST	Create Claim	1		Completing claim - POST Redirect 1	1520339483387	1520339483647	OK	 
REQUEST	Create Claim	1		Party type selection - GET	1520339485644	1520339485986	OK	 
REQUEST	Create Claim	1		Party type selection - POST	1520339487983	1520339488433	OK	 
REQUEST	Create Claim	1		Party type selection - POST Redirect 1	1520339488435	1520339488747	OK	 
REQUEST	Create Claim	1		Your details - POST	1520339491755	1520339492530	OK	 
REQUEST	Create Claim	1		Your details - POST Redirect 1	1520339492531	1520339492802	OK	 
REQUEST	Create Claim	1		Date of birth - POST	1520339494805	1520339495397	OK	 
REQUEST	Create Claim	1		Date of birth - POST Redirect 1	1520339495399	1520339495831	OK	 
REQUEST	Create Claim	1		Mobile number - POST	1520339497834	1520339498263	OK	 
REQUEST	Create Claim	1		Mobile number - POST Redirect 1	1520339498265	1520339498600	OK	 
REQUEST	Create Claim	1		Party type selection - GET	1520339499593	1520339499912	OK	 
REQUEST	Create Claim	1		Party type selection - POST	1520339501923	1520339502360	OK	 
REQUEST	Create Claim	1		Party type selection - POST Redirect 1	1520339502362	1520339502590	OK	 
REQUEST	Create Claim	1		Their details - POST	1520339505594	1520339506353	OK	 
REQUEST	Create Claim	1		Their details - POST Redirect 1	1520339506355	1520339506670	OK	 
REQUEST	Create Claim	1		Email address - POST	1520339508662	1520339509024	OK	 
REQUEST	Create Claim	1		Email address - POST Redirect 1	1520339509026	1520339509300	OK	 
REQUEST	Create Claim	1		Amount - GET	1520339511294	1520339511603	OK	 
REQUEST	Create Claim	1		Amount - POST	1520339513615	1520339513978	OK	 
REQUEST	Create Claim	1		Amount - POST Redirect 1	1520339513979	1520339514266	OK	 
REQUEST	Create Claim	1		Interest - POST	1520339517263	1520339518130	OK	 
REQUEST	Create Claim	1		Interest - POST Redirect 1	1520339518132	1520339519228	OK	 
REQUEST	Create Claim	1		Fees - POST	1520339521223	1520339521816	OK	 
REQUEST	Create Claim	1		Fees - POST Redirect 1	1520339521817	1520339522443	OK	 
REQUEST	Create Claim	1		Total - POST	1520339524454	1520339524719	OK	 
REQUEST	Create Claim	1		Total - POST Redirect 1	1520339524721	1520339525106	OK	 
REQUEST	Create Claim	1		Reason - GET	1520339526104	1520339526438	OK	 
REQUEST	Create Claim	1		Reason - POST	1520339528433	1520339528881	OK	 
REQUEST	Create Claim	1		Reason - POST Redirect 1	1520339528883	1520339529211	OK	 
REQUEST	Create Claim	1		Check and send - GET	1520339531224	1520339531684	OK	 
REQUEST	Create Claim	1		request_438	1520339533675	1520339533886	OK	 
REQUEST	Create Claim	1		request_438 Redirect 1	1520339533889	1520339536050	OK	 
REQUEST	Create Claim	1		request_438 Redirect 2	1520339536051	1520339536564	OK	 
REQUEST	Create Claim	1		request_438 Redirect 3	1520339536566	1520339536882	KO	css((input[name='_csrf'],Some(value))).find.exists, found nothing
REQUEST	Create Claim	1		request_451	1520339539886	1520339539932	KO	status.find.in(200,304,201,202,203,204,205,206,207,208,209), but actually found 403
USER	Create Claim	1	END	1520339445517	1520339539937
