RUN	uk.gov.hmcts.reform.cmc.performance.simulations.CreateClaimSimulation		createclaimsimulation	1519937792541	 	2.0
USER	Create Claim	1	START	1519937793023	1519937793023
REQUEST	Create Claim	1		Trigger login	1519937793049	1519937793250	OK	 
REQUEST	Create Claim	1		Trigger login Redirect 1	1519937793272	1519937793322	OK	 
REQUEST	Create Claim	1		Trigger login Redirect 2	1519937793324	1519937793708	OK	 
REQUEST	Create Claim	1		Login - submit	1519937798741	1519937799197	OK	 
REQUEST	Create Claim	1		Login - submit Redirect 1	1519937799200	1519937799709	OK	 
REQUEST	Create Claim	1		Login - submit Redirect 2	1519937799711	1519937800234	OK	 
REQUEST	Create Claim	1		Make a new money claim	1519937810235	1519937810488	OK	 
REQUEST	Create Claim	1		Eligibility start	1519937810490	1519937810606	OK	 
REQUEST	Create Claim	1		Find out if you can use this service	1519937812603	1519937812919	OK	 
REQUEST	Create Claim	1		Eligibility - Total amount you’re claiming	1519937814916	1519937815042	OK	 
REQUEST	Create Claim	1		Eligibility - help with fees POST	1519937817048	1519937817171	OK	 
REQUEST	Create Claim	1		Eligibility - claimant address POST	1519937819175	1519937819306	OK	 
REQUEST	Create Claim	1		Eligibility - defendant address POST	1519937821304	1519937821391	OK	 
REQUEST	Create Claim	1		Eligibility - over 18 POST	1519937823395	1519937823484	OK	 
REQUEST	Create Claim	1		Eligibility - PERSONAL_CLAIM claimant POST	1519937825486	1519937825678	OK	 
REQUEST	Create Claim	1		Eligibility - single defendant POST	1519937827674	1519937827802	OK	 
REQUEST	Create Claim	1		Eligibility - government department POST	1519937829804	1519937829918	OK	 
REQUEST	Create Claim	1		Eligibility - tenancy deposit POST	1519937831914	1519937832031	OK	 
REQUEST	Create Claim	1		Eligible Continue	1519937834045	1519937834208	OK	 
REQUEST	Create Claim	1		Task list - GET	1519937836194	1519937836575	OK	 
REQUEST	Create Claim	1		Resolving this dispute - GET	1519937838585	1519937838897	OK	 
REQUEST	Create Claim	1		Resolving this dispute - POST	1519937839896	1519937840465	OK	 
REQUEST	Create Claim	1		Resolving this dispute - POST Redirect 1	1519937840467	1519937840773	OK	 
REQUEST	Create Claim	1		Completing claim - GET	1519937842776	1519937843129	OK	 
REQUEST	Create Claim	1		Completing claim - POST	1519937845125	1519937845687	OK	 
REQUEST	Create Claim	1		Completing claim - POST Redirect 1	1519937845688	1519937846012	OK	 
REQUEST	Create Claim	1		Party type selection - GET	1519937848026	1519937848493	OK	 
REQUEST	Create Claim	1		Party type selection - POST	1519937850484	1519937850764	OK	 
REQUEST	Create Claim	1		Party type selection - POST Redirect 1	1519937850766	1519937851116	OK	 
REQUEST	Create Claim	1		Your details - POST	1519937854116	1519937854764	OK	 
REQUEST	Create Claim	1		Your details - POST Redirect 1	1519937854766	1519937855108	OK	 
REQUEST	Create Claim	1		Date of birth - POST	1519937857103	1519937857544	OK	 
REQUEST	Create Claim	1		Date of birth - POST Redirect 1	1519937857545	1519937857829	OK	 
REQUEST	Create Claim	1		Mobile number - POST	1519937859834	1519937860330	OK	 
REQUEST	Create Claim	1		Mobile number - POST Redirect 1	1519937860332	1519937860638	OK	 
REQUEST	Create Claim	1		Party type selection - GET	1519937861643	1519937861969	OK	 
REQUEST	Create Claim	1		Party type selection - POST	1519937863964	1519937864324	OK	 
REQUEST	Create Claim	1		Party type selection - POST Redirect 1	1519937864325	1519937864837	OK	 
REQUEST	Create Claim	1		Their details - POST	1519937867844	1519937868236	OK	 
REQUEST	Create Claim	1		Email address - POST	1519937870236	1519937870571	OK	 
REQUEST	Create Claim	1		Amount - GET	1519937872575	1519937872960	OK	 
REQUEST	Create Claim	1		Amount - POST	1519937874964	1519937875383	OK	 
REQUEST	Create Claim	1		Amount - POST Redirect 1	1519937875385	1519937875691	OK	 
REQUEST	Create Claim	1		Interest - POST	1519937878683	1519937879206	OK	 
REQUEST	Create Claim	1		Interest - POST Redirect 1	1519937879207	1519937879892	OK	 
REQUEST	Create Claim	1		Fees - POST	1519937881892	1519937882167	OK	 
REQUEST	Create Claim	1		Fees - POST Redirect 1	1519937882168	1519937882477	OK	 
REQUEST	Create Claim	1		Total - POST	1519937884474	1519937884804	OK	 
REQUEST	Create Claim	1		Total - POST Redirect 1	1519937884805	1519937885112	OK	 
REQUEST	Create Claim	1		Reason - GET	1519937886124	1519937886855	OK	 
REQUEST	Create Claim	1		Reason - POST	1519937888852	1519937889246	OK	 
REQUEST	Create Claim	1		Reason - POST Redirect 1	1519937889247	1519937889504	OK	 
REQUEST	Create Claim	1		Check and send - GET	1519937891504	1519937891872	OK	 
REQUEST	Create Claim	1		Check and send - GET Redirect 1	1519937891873	1519937892178	OK	 
USER	Create Claim	1	END	1519937793023	1519937894177
