RUN	uk.gov.hmcts.reform.cmc.performance.simulations.CreateClaimSimulation		createclaimsimulation	1519922364709	 	2.0
USER	Create Claim	1	START	1519922365158	1519922365158
REQUEST	Create Claim	1		Trigger login	1519922365184	1519922365282	OK	 
REQUEST	Create Claim	1		Trigger login Redirect 1	1519922365304	1519922365323	OK	 
REQUEST	Create Claim	1		Trigger login Redirect 2	1519922365325	1519922365606	OK	 
REQUEST	Create Claim	1		Login - submit	1519922370632	1519922371168	OK	 
REQUEST	Create Claim	1		Login - submit Redirect 1	1519922371171	1519922371887	OK	 
REQUEST	Create Claim	1		Login - submit Redirect 2	1519922371889	1519922372310	OK	 
REQUEST	Create Claim	1		Make a new money claim	1519922382315	1519922382449	OK	 
REQUEST	Create Claim	1		Eligibility start	1519922382451	1519922382550	OK	 
REQUEST	Create Claim	1		Find out if you can use this service	1519922384546	1519922384893	OK	 
REQUEST	Create Claim	1		Eligibility - Total amount you’re claiming	1519922386896	1519922387153	OK	 
REQUEST	Create Claim	1		Eligibility - help with fees POST	1519922389158	1519922389222	OK	 
REQUEST	Create Claim	1		Eligibility - claimant address POST	1519922391226	1519922391318	OK	 
REQUEST	Create Claim	1		Eligibility - defendant address POST	1519922393316	1519922393576	OK	 
REQUEST	Create Claim	1		Eligibility - over 18 POST	1519922395575	1519922395673	OK	 
REQUEST	Create Claim	1		Eligibility - PERSONAL_CLAIM claimant POST	1519922397677	1519922397743	OK	 
REQUEST	Create Claim	1		Eligibility - single defendant POST	1519922399746	1519922399822	OK	 
REQUEST	Create Claim	1		Eligibility - government department POST	1519922401827	1519922401903	OK	 
REQUEST	Create Claim	1		Eligibility - tenancy deposit POST	1519922403907	1519922403961	OK	 
REQUEST	Create Claim	1		Eligible Continue	1519922405955	1519922406088	OK	 
USER	Create Claim	1	END	1519922365158	1519922408086
