RUN	uk.gov.hmcts.reform.cmc.performance.simulations.CreateClaimSimulation		createclaimsimulation	1520289774780	 	2.0
USER	Create Claim	1	START	1520289775264	1520289775264
REQUEST	Create Claim	1		Trigger login	1520289775286	1520289775604	OK	 
REQUEST	Create Claim	1		Trigger login Redirect 1	1520289775634	1520289775703	OK	 
REQUEST	Create Claim	1		Trigger login Redirect 2	1520289775706	1520289776029	OK	 
REQUEST	Create Claim	1		Login - submit	1520289781052	1520289781637	OK	 
REQUEST	Create Claim	1		Login - submit Redirect 1	1520289781639	1520289782046	OK	 
REQUEST	Create Claim	1		Login - submit Redirect 2	1520289782049	1520289782592	OK	 
REQUEST	Create Claim	1		request_21	1520289792597	1520289792795	OK	 
REQUEST	Create Claim	1		Eligibility start	1520289795797	1520289795938	OK	 
REQUEST	Create Claim	1		Eligibility - claim value GET	1520289797937	1520289798361	OK	 
REQUEST	Create Claim	1		Eligibility - claim value POST	1520289798370	1520289798840	OK	 
REQUEST	Create Claim	1		Eligibility - claim value POST Redirect 1	1520289798842	1520289799180	OK	 
REQUEST	Create Claim	1		Eligibility - help with fees POST	1520289799185	1520289799657	OK	 
REQUEST	Create Claim	1		Eligibility - help with fees POST Redirect 1	1520289799659	1520289799966	OK	 
REQUEST	Create Claim	1		Eligibility - claimant address POST	1520289799971	1520289800387	OK	 
REQUEST	Create Claim	1		Eligibility - claimant address POST Redirect 1	1520289800389	1520289800684	OK	 
REQUEST	Create Claim	1		Eligibility - defendant address POST	1520289800688	1520289801196	OK	 
REQUEST	Create Claim	1		Eligibility - defendant address POST Redirect 1	1520289801198	1520289801502	OK	 
REQUEST	Create Claim	1		Eligibility - over 18 POST	1520289801507	1520289802014	OK	 
REQUEST	Create Claim	1		Eligibility - over 18 POST Redirect 1	1520289802016	1520289802431	OK	 
REQUEST	Create Claim	1		Eligibility - single claimant POST	1520289802434	1520289802936	OK	 
REQUEST	Create Claim	1		Eligibility - single claimant POST Redirect 1	1520289802939	1520289803346	OK	 
REQUEST	Create Claim	1		Eligibility - single defendant POST	1520289803350	1520289803857	OK	 
REQUEST	Create Claim	1		Eligibility - single defendant POST Redirect 1	1520289803859	1520289804207	OK	 
REQUEST	Create Claim	1		Eligibility - government department POST	1520289804210	1520289804677	OK	 
REQUEST	Create Claim	1		Eligibility - government department POST Redirect 1	1520289804679	1520289804993	OK	 
REQUEST	Create Claim	1		Eligibility - tenancy deposit POST	1520289804997	1520289805496	OK	 
REQUEST	Create Claim	1		Eligibility - tenancy deposit POST Redirect 1	1520289805498	1520289805645	OK	 
REQUEST	Create Claim	1		Task list - GET	1520289805648	1520289806043	OK	 
REQUEST	Create Claim	1		Resolving this dispute - GET	1520289808015	1520289808392	OK	 
REQUEST	Create Claim	1		Resolving this dispute - POST	1520289809397	1520289809796	OK	 
REQUEST	Create Claim	1		Resolving this dispute - POST Redirect 1	1520289809798	1520289810131	OK	 
REQUEST	Create Claim	1		Completing claim - GET	1520289812115	1520289812461	OK	 
REQUEST	Create Claim	1		Completing claim - POST	1520289814465	1520289814915	OK	 
REQUEST	Create Claim	1		Completing claim - POST Redirect 1	1520289814918	1520289815262	OK	 
REQUEST	Create Claim	1		Party type selection - GET	1520289817266	1520289817852	OK	 
REQUEST	Create Claim	1		Party type selection - POST	1520289819856	1520289820345	OK	 
REQUEST	Create Claim	1		Party type selection - POST Redirect 1	1520289820346	1520289820750	OK	 
REQUEST	Create Claim	1		Your details - POST	1520289823747	1520289824543	OK	 
REQUEST	Create Claim	1		Your details - POST Redirect 1	1520289824545	1520289824889	OK	 
REQUEST	Create Claim	1		Date of birth - POST	1520289826886	1520289827411	OK	 
REQUEST	Create Claim	1		Date of birth - POST Redirect 1	1520289827413	1520289827682	OK	 
REQUEST	Create Claim	1		Mobile number - POST	1520289829687	1520289830175	OK	 
REQUEST	Create Claim	1		Mobile number - POST Redirect 1	1520289830177	1520289830517	OK	 
REQUEST	Create Claim	1		Party type selection - GET	1520289831515	1520289831856	OK	 
REQUEST	Create Claim	1		Party type selection - POST	1520289833866	1520289834272	OK	 
REQUEST	Create Claim	1		Party type selection - POST Redirect 1	1520289834273	1520289834616	OK	 
REQUEST	Create Claim	1		Their details - POST	1520289837617	1520289838368	OK	 
REQUEST	Create Claim	1		Their details - POST Redirect 1	1520289838369	1520289838673	OK	 
REQUEST	Create Claim	1		Email address - POST	1520289840675	1520289841234	OK	 
REQUEST	Create Claim	1		Email address - POST Redirect 1	1520289841236	1520289841543	OK	 
REQUEST	Create Claim	1		Amount - GET	1520289843545	1520289843933	OK	 
REQUEST	Create Claim	1		Amount - POST	1520289845927	1520289846457	OK	 
REQUEST	Create Claim	1		Amount - POST Redirect 1	1520289846459	1520289846866	OK	 
REQUEST	Create Claim	1		Interest - POST	1520289849866	1520289850348	OK	 
REQUEST	Create Claim	1		Interest - POST Redirect 1	1520289850350	1520289850895	OK	 
REQUEST	Create Claim	1		Fees - POST	1520289852895	1520289853214	OK	 
REQUEST	Create Claim	1		Fees - POST Redirect 1	1520289853216	1520289853831	OK	 
REQUEST	Create Claim	1		Total - POST	1520289855838	1520289856084	OK	 
REQUEST	Create Claim	1		Total - POST Redirect 1	1520289856086	1520289856363	OK	 
REQUEST	Create Claim	1		Reason - GET	1520289857366	1520289857633	OK	 
REQUEST	Create Claim	1		Reason - POST	1520289859627	1520289860178	OK	 
REQUEST	Create Claim	1		Reason - POST Redirect 1	1520289860180	1520289860609	OK	 
REQUEST	Create Claim	1		Check and send - GET	1520289862607	1520289863259	OK	 
REQUEST	Create Claim	1		request_438	1520289865266	1520289865608	OK	 
REQUEST	Create Claim	1		request_451	1520289868609	1520289868904	OK	 
USER	Create Claim	1	END	1520289775264	1520289868908
