RUN	uk.gov.hmcts.reform.cmc.performance.simulations.CreateClaimSimulation		createclaimsimulation	1520286485055	 	2.0
USER	Create Claim	1	START	1520286485516	1520286485516
REQUEST	Create Claim	1		Trigger login	1520286485544	1520286485820	OK	 
REQUEST	Create Claim	1		Trigger login Redirect 1	1520286485851	1520286485907	OK	 
REQUEST	Create Claim	1		Trigger login Redirect 2	1520286485910	1520286486258	OK	 
REQUEST	Create Claim	1		Login - submit	1520286491291	1520286491778	OK	 
REQUEST	Create Claim	1		Login - submit Redirect 1	1520286491780	1520286492291	OK	 
REQUEST	Create Claim	1		Login - submit Redirect 2	1520286492293	1520286492735	OK	 
REQUEST	Create Claim	1		Eligibility start	1520286502735	1520286502891	OK	 
REQUEST	Create Claim	1		Eligibility - claim value GET	1520286504894	1520286505196	OK	 
REQUEST	Create Claim	1		Eligibility - claim value POST	1520286505202	1520286505705	OK	 
REQUEST	Create Claim	1		Eligibility - claim value POST Redirect 1	1520286505708	1520286506015	OK	 
REQUEST	Create Claim	1		Eligibility - help with fees POST	1520286506022	1520286506424	OK	 
REQUEST	Create Claim	1		Eligibility - help with fees POST Redirect 1	1520286506426	1520286506733	OK	 
REQUEST	Create Claim	1		Eligibility - claimant address POST	1520286506737	1520286507141	OK	 
REQUEST	Create Claim	1		Eligibility - claimant address POST Redirect 1	1520286507143	1520286507487	OK	 
REQUEST	Create Claim	1		Eligibility - defendant address POST	1520286507491	1520286507958	OK	 
REQUEST	Create Claim	1		Eligibility - defendant address POST Redirect 1	1520286507960	1520286508295	OK	 
REQUEST	Create Claim	1		Eligibility - over 18 POST	1520286508299	1520286508676	OK	 
REQUEST	Create Claim	1		Eligibility - over 18 POST Redirect 1	1520286508678	1520286508977	OK	 
REQUEST	Create Claim	1		Eligibility - single claimant POST	1520286508981	1520286509393	OK	 
REQUEST	Create Claim	1		Eligibility - single claimant POST Redirect 1	1520286509395	1520286509701	OK	 
REQUEST	Create Claim	1		Eligibility - single defendant POST	1520286509704	1520286510093	OK	 
REQUEST	Create Claim	1		Eligibility - single defendant POST Redirect 1	1520286510095	1520286510449	OK	 
REQUEST	Create Claim	1		Eligibility - government department POST	1520286510454	1520286510929	OK	 
REQUEST	Create Claim	1		Eligibility - government department POST Redirect 1	1520286510931	1520286511272	OK	 
REQUEST	Create Claim	1		Eligibility - tenancy deposit POST	1520286511276	1520286511748	OK	 
REQUEST	Create Claim	1		Eligibility - tenancy deposit POST Redirect 1	1520286511751	1520286511944	OK	 
REQUEST	Create Claim	1		Task list - GET	1520286511949	1520286512363	OK	 
REQUEST	Create Claim	1		Resolving this dispute - GET	1520286514326	1520286514852	OK	 
REQUEST	Create Claim	1		Resolving this dispute - POST	1520286515856	1520286516357	OK	 
REQUEST	Create Claim	1		Resolving this dispute - POST Redirect 1	1520286516359	1520286516799	OK	 
REQUEST	Create Claim	1		Completing claim - GET	1520286518785	1520286519157	OK	 
REQUEST	Create Claim	1		Completing claim - POST	1520286521164	1520286521577	OK	 
REQUEST	Create Claim	1		Completing claim - POST Redirect 1	1520286521579	1520286521919	OK	 
REQUEST	Create Claim	1		Party type selection - GET	1520286523915	1520286524351	OK	 
REQUEST	Create Claim	1		Party type selection - POST	1520286526365	1520286526698	OK	 
REQUEST	Create Claim	1		Party type selection - POST Redirect 1	1520286526700	1520286527042	OK	 
REQUEST	Create Claim	1		Your details - POST	1520286530035	1520286530693	OK	 
REQUEST	Create Claim	1		Your details - POST Redirect 1	1520286530695	1520286530957	OK	 
REQUEST	Create Claim	1		Date of birth - POST	1520286532957	1520286533459	OK	 
REQUEST	Create Claim	1		Date of birth - POST Redirect 1	1520286533461	1520286533764	OK	 
REQUEST	Create Claim	1		Mobile number - POST	1520286535767	1520286536223	OK	 
REQUEST	Create Claim	1		Mobile number - POST Redirect 1	1520286536225	1520286536522	OK	 
REQUEST	Create Claim	1		Party type selection - GET	1520286537527	1520286537863	OK	 
REQUEST	Create Claim	1		Party type selection - POST	1520286539864	1520286540217	OK	 
REQUEST	Create Claim	1		Party type selection - POST Redirect 1	1520286540219	1520286540564	OK	 
REQUEST	Create Claim	1		Their details - POST	1520286543565	1520286544210	OK	 
REQUEST	Create Claim	1		Their details - POST Redirect 1	1520286544212	1520286544518	OK	 
REQUEST	Create Claim	1		Email address - POST	1520286546516	1520286546975	OK	 
REQUEST	Create Claim	1		Email address - POST Redirect 1	1520286546977	1520286547317	OK	 
REQUEST	Create Claim	1		Amount - GET	1520286549316	1520286549685	OK	 
REQUEST	Create Claim	1		Amount - POST	1520286551696	1520286552198	OK	 
REQUEST	Create Claim	1		Amount - POST Redirect 1	1520286552200	1520286552538	OK	 
REQUEST	Create Claim	1		Interest - POST	1520286555536	1520286556089	OK	 
REQUEST	Create Claim	1		Interest - POST Redirect 1	1520286556091	1520286556808	OK	 
REQUEST	Create Claim	1		Fees - POST	1520286558805	1520286559085	OK	 
REQUEST	Create Claim	1		Fees - POST Redirect 1	1520286559087	1520286559699	OK	 
REQUEST	Create Claim	1		Total - POST	1520286561696	1520286562029	OK	 
REQUEST	Create Claim	1		Total - POST Redirect 1	1520286562030	1520286562367	OK	 
REQUEST	Create Claim	1		Reason - GET	1520286563376	1520286563702	OK	 
REQUEST	Create Claim	1		Reason - POST	1520286565706	1520286566124	OK	 
REQUEST	Create Claim	1		Reason - POST Redirect 1	1520286566126	1520286566471	OK	 
REQUEST	Create Claim	1		Check and send - GET	1520286568476	1520286568931	OK	 
USER	Create Claim	1	END	1520286485516	1520286570917
