RUN	uk.gov.hmcts.reform.cmc.performance.simulations.CreateClaimSimulation		createclaimsimulation	1520376215108	 	2.0
USER	Create Claim	1	START	1520376215604	1520376215604
REQUEST	Create Claim	1		Trigger login	1520376215628	1520376215910	OK	 
REQUEST	Create Claim	1		Trigger login Redirect 1	1520376215942	1520376216012	OK	 
REQUEST	Create Claim	1		Trigger login Redirect 2	1520376216015	1520376216352	OK	 
REQUEST	Create Claim	1		Login - submit	1520376221378	1520376221802	OK	 
REQUEST	Create Claim	1		Login - submit Redirect 1	1520376221805	1520376222404	OK	 
REQUEST	Create Claim	1		Login - submit Redirect 2	1520376222407	1520376222918	OK	 
REQUEST	Create Claim	1		request_21	1520376232921	1520376233143	OK	 
REQUEST	Create Claim	1		Eligibility start	1520376236141	1520376236324	OK	 
REQUEST	Create Claim	1		Eligibility - claim value GET	1520376238332	1520376238692	OK	 
REQUEST	Create Claim	1		Eligibility - claim value POST	1520376238700	1520376239129	OK	 
REQUEST	Create Claim	1		Eligibility - claim value POST Redirect 1	1520376239131	1520376239474	OK	 
REQUEST	Create Claim	1		Eligibility - help with fees POST	1520376239479	1520376239919	OK	 
REQUEST	Create Claim	1		Eligibility - help with fees POST Redirect 1	1520376239922	1520376240252	OK	 
REQUEST	Create Claim	1		Eligibility - claimant address POST	1520376240256	1520376240734	OK	 
REQUEST	Create Claim	1		Eligibility - claimant address POST Redirect 1	1520376240736	1520376241075	OK	 
REQUEST	Create Claim	1		Eligibility - defendant address POST	1520376241079	1520376241452	OK	 
REQUEST	Create Claim	1		Eligibility - defendant address POST Redirect 1	1520376241454	1520376241792	OK	 
REQUEST	Create Claim	1		Eligibility - over 18 POST	1520376241796	1520376242271	OK	 
REQUEST	Create Claim	1		Eligibility - over 18 POST Redirect 1	1520376242273	1520376242647	OK	 
REQUEST	Create Claim	1		Eligibility - single claimant POST	1520376242651	1520376243091	OK	 
REQUEST	Create Claim	1		Eligibility - single claimant POST Redirect 1	1520376243094	1520376243537	OK	 
REQUEST	Create Claim	1		Eligibility - single defendant POST	1520376243541	1520376244013	OK	 
REQUEST	Create Claim	1		Eligibility - single defendant POST Redirect 1	1520376244015	1520376244351	OK	 
REQUEST	Create Claim	1		Eligibility - government department POST	1520376244355	1520376244776	OK	 
REQUEST	Create Claim	1		Eligibility - government department POST Redirect 1	1520376244777	1520376245065	OK	 
REQUEST	Create Claim	1		Eligibility - tenancy deposit POST	1520376245069	1520376245548	OK	 
REQUEST	Create Claim	1		Eligibility - tenancy deposit POST Redirect 1	1520376245551	1520376245721	OK	 
REQUEST	Create Claim	1		Task list - GET	1520376245724	1520376246095	OK	 
REQUEST	Create Claim	1		Resolving this dispute - GET	1520376248062	1520376248445	OK	 
REQUEST	Create Claim	1		Resolving this dispute - POST	1520376249433	1520376249854	OK	 
REQUEST	Create Claim	1		Resolving this dispute - POST Redirect 1	1520376249857	1520376250254	OK	 
REQUEST	Create Claim	1		Completing claim - GET	1520376252263	1520376252649	OK	 
REQUEST	Create Claim	1		Completing claim - POST	1520376254652	1520376255175	OK	 
REQUEST	Create Claim	1		Completing claim - POST Redirect 1	1520376255177	1520376255517	OK	 
REQUEST	Create Claim	1		Party type selection - GET	1520376257513	1520376257855	OK	 
REQUEST	Create Claim	1		Party type selection - POST	1520376259851	1520376260397	OK	 
REQUEST	Create Claim	1		Party type selection - POST Redirect 1	1520376260399	1520376260750	OK	 
REQUEST	Create Claim	1		Your details - POST	1520376263763	1520376264402	OK	 
REQUEST	Create Claim	1		Your details - POST Redirect 1	1520376264404	1520376264651	OK	 
REQUEST	Create Claim	1		Date of birth - POST	1520376266652	1520376267257	OK	 
REQUEST	Create Claim	1		Date of birth - POST Redirect 1	1520376267259	1520376267567	OK	 
REQUEST	Create Claim	1		Mobile number - POST	1520376269561	1520376270125	OK	 
REQUEST	Create Claim	1		Mobile number - POST Redirect 1	1520376270127	1520376270433	OK	 
REQUEST	Create Claim	1		Party type selection - GET	1520376271443	1520376271806	OK	 
REQUEST	Create Claim	1		Party type selection - POST	1520376273801	1520376274322	OK	 
REQUEST	Create Claim	1		Party type selection - POST Redirect 1	1520376274324	1520376274662	OK	 
REQUEST	Create Claim	1		Their details - POST	1520376277664	1520376278418	OK	 
REQUEST	Create Claim	1		Their details - POST Redirect 1	1520376278420	1520376278726	OK	 
REQUEST	Create Claim	1		Email address - POST	1520376280723	1520376281183	OK	 
REQUEST	Create Claim	1		Email address - POST Redirect 1	1520376281185	1520376281494	OK	 
REQUEST	Create Claim	1		Amount - GET	1520376283500	1520376283988	OK	 
REQUEST	Create Claim	1		Amount - POST	1520376285990	1520376286479	OK	 
REQUEST	Create Claim	1		Amount - POST Redirect 1	1520376286482	1520376286818	OK	 
REQUEST	Create Claim	1		Interest - POST	1520376289812	1520376290299	OK	 
REQUEST	Create Claim	1		Interest - POST Redirect 1	1520376290300	1520376291017	OK	 
REQUEST	Create Claim	1		Fees - POST	1520376293013	1520376293371	OK	 
REQUEST	Create Claim	1		Fees - POST Redirect 1	1520376293373	1520376293985	OK	 
REQUEST	Create Claim	1		Total - POST	1520376295993	1520376296339	OK	 
REQUEST	Create Claim	1		Total - POST Redirect 1	1520376296340	1520376296678	OK	 
REQUEST	Create Claim	1		Reason - GET	1520376297682	1520376297980	OK	 
REQUEST	Create Claim	1		Reason - POST	1520376299981	1520376300643	OK	 
REQUEST	Create Claim	1		Reason - POST Redirect 1	1520376300645	1520376301051	OK	 
REQUEST	Create Claim	1		Check and send - GET	1520376303051	1520376303547	OK	 
REQUEST	Create Claim	1		request_438	1520376308553	1520376308868	OK	 
REQUEST	Create Claim	1		request_438 Redirect 1	1520376308870	1520376310063	OK	 
REQUEST	Create Claim	1		request_438 Redirect 2	1520376310064	1520376310779	OK	 
REQUEST	Create Claim	1		request_438 Redirect 3	1520376310781	1520376311097	OK	 
REQUEST	Create Claim	1		request_451	1520376316093	1520376316166	KO	status.find.in(200,304,201,202,203,204,205,206,207,208,209), but actually found 403
USER	Create Claim	1	END	1520376215604	1520376316172
