RUN	uk.gov.hmcts.reform.cmc.performance.simulations.CreateClaimSimulation		createclaimsimulation	1520415845376	 	2.0
USER	Create Claim	1	START	1520415845818	1520415845818
REQUEST	Create Claim	1		Trigger login	1520415845844	1520415846026	OK	 
REQUEST	Create Claim	1		Trigger login Redirect 1	1520415846056	1520415846116	OK	 
REQUEST	Create Claim	1		Trigger login Redirect 2	1520415846119	1520415846355	OK	 
REQUEST	Create Claim	1		Login - submit	1520415861380	1520415861868	OK	 
REQUEST	Create Claim	1		Login - submit Redirect 1	1520415861871	1520415862415	OK	 
REQUEST	Create Claim	1		Login - submit Redirect 2	1520415862418	1520415862918	OK	 
REQUEST	Create Claim	1		request_21	1520415877921	1520415878050	OK	 
REQUEST	Create Claim	1		Eligibility start	1520415893052	1520415893194	OK	 
REQUEST	Create Claim	1		Eligibility - claim value GET	1520415908190	1520415908580	OK	 
REQUEST	Create Claim	1		Eligibility - claim value POST	1520415923583	1520415924128	OK	 
REQUEST	Create Claim	1		Eligibility - claim value POST Redirect 1	1520415924130	1520415924447	OK	 
REQUEST	Create Claim	1		Eligibility - help with fees POST	1520415939443	1520415939897	OK	 
REQUEST	Create Claim	1		Eligibility - help with fees POST Redirect 1	1520415939899	1520415940220	OK	 
REQUEST	Create Claim	1		Eligibility - claimant address POST	1520415955232	1520415955770	OK	 
REQUEST	Create Claim	1		Eligibility - claimant address POST Redirect 1	1520415955772	1520415956090	OK	 
REQUEST	Create Claim	1		Eligibility - defendant address POST	1520415971093	1520415971642	OK	 
REQUEST	Create Claim	1		Eligibility - defendant address POST Redirect 1	1520415971644	1520415971960	OK	 
REQUEST	Create Claim	1		Eligibility - over 18 POST	1520415986961	1520415987513	OK	 
REQUEST	Create Claim	1		Eligibility - over 18 POST Redirect 1	1520415987515	1520415987836	OK	 
REQUEST	Create Claim	1		Eligibility - single claimant POST	1520416002832	1520416003248	OK	 
REQUEST	Create Claim	1		Eligibility - single claimant POST Redirect 1	1520416003250	1520416003635	OK	 
REQUEST	Create Claim	1		Eligibility - single defendant POST	1520416018633	1520416019157	OK	 
REQUEST	Create Claim	1		Eligibility - single defendant POST Redirect 1	1520416019159	1520416019483	OK	 
REQUEST	Create Claim	1		Eligibility - government department POST	1520416034493	1520416035029	OK	 
REQUEST	Create Claim	1		Eligibility - government department POST Redirect 1	1520416035031	1520416035351	OK	 
REQUEST	Create Claim	1		Eligibility - tenancy deposit POST	1520416050352	1520416050901	OK	 
REQUEST	Create Claim	1		Eligibility - tenancy deposit POST Redirect 1	1520416050903	1520416051114	OK	 
REQUEST	Create Claim	1		Task list - GET	1520416066112	1520416066479	OK	 
REQUEST	Create Claim	1		Resolving this dispute - GET	1520416081483	1520416081840	OK	 
REQUEST	Create Claim	1		Resolving this dispute - POST	1520416096842	1520416097390	OK	 
REQUEST	Create Claim	1		Resolving this dispute - POST Redirect 1	1520416097392	1520416097714	OK	 
REQUEST	Create Claim	1		Completing claim - GET	1520416112712	1520416113071	OK	 
REQUEST	Create Claim	1		Completing claim - POST	1520416128072	1520416128622	OK	 
REQUEST	Create Claim	1		Completing claim - POST Redirect 1	1520416128624	1520416128932	OK	 
REQUEST	Create Claim	1		Party type selection - GET	1520416143932	1520416144304	OK	 
REQUEST	Create Claim	1		Party type selection - POST	1520416159302	1520416159855	OK	 
REQUEST	Create Claim	1		Party type selection - POST Redirect 1	1520416159857	1520416160192	OK	 
REQUEST	Create Claim	1		Your details - POST	1520416175193	1520416175931	OK	 
REQUEST	Create Claim	1		Your details - POST Redirect 1	1520416175933	1520416176241	OK	 
REQUEST	Create Claim	1		Date of birth - POST	1520416191243	1520416191739	OK	 
REQUEST	Create Claim	1		Date of birth - POST Redirect 1	1520416191744	1520416192113	OK	 
REQUEST	Create Claim	1		Mobile number - POST	1520416207112	1520416207676	OK	 
REQUEST	Create Claim	1		Mobile number - POST Redirect 1	1520416207678	1520416208001	OK	 
REQUEST	Create Claim	1		Party type selection - GET	1520416223012	1520416223760	OK	 
REQUEST	Create Claim	1		Party type selection - POST	1520416238762	1520416239319	OK	 
REQUEST	Create Claim	1		Party type selection - POST Redirect 1	1520416239320	1520416239664	OK	 
REQUEST	Create Claim	1		Their details - POST	1520416254652	1520416255400	OK	 
REQUEST	Create Claim	1		Their details - POST Redirect 1	1520416255401	1520416255724	OK	 
REQUEST	Create Claim	1		Email address - POST	1520416270730	1520416271268	OK	 
REQUEST	Create Claim	1		Email address - POST Redirect 1	1520416271269	1520416271589	OK	 
REQUEST	Create Claim	1		Amount - GET	1520416286582	1520416286972	OK	 
REQUEST	Create Claim	1		Amount - POST	1520416301982	1520416302505	OK	 
REQUEST	Create Claim	1		Amount - POST Redirect 1	1520416302507	1520416302821	OK	 
REQUEST	Create Claim	1		Interest - POST	1520416317822	1520416318462	OK	 
REQUEST	Create Claim	1		Interest - POST Redirect 1	1520416318464	1520416319255	OK	 
REQUEST	Create Claim	1		Fees - POST	1520416334252	1520416334756	OK	 
REQUEST	Create Claim	1		Fees - POST Redirect 1	1520416334758	1520416335384	OK	 
REQUEST	Create Claim	1		Total - POST	1520416350392	1520416350732	OK	 
REQUEST	Create Claim	1		Total - POST Redirect 1	1520416350734	1520416351025	OK	 
REQUEST	Create Claim	1		Reason - GET	1520416366022	1520416366399	OK	 
REQUEST	Create Claim	1		Reason - POST	1520416381401	1520416381860	OK	 
REQUEST	Create Claim	1		Reason - POST Redirect 1	1520416381862	1520416382184	OK	 
REQUEST	Create Claim	1		Check and send - GET	1520416397182	1520416397856	OK	 
REQUEST	Create Claim	1		request_438	1520416412862	1520416413194	OK	 
REQUEST	Create Claim	1		request_438 Redirect 1	1520416413195	1520416414527	OK	 
REQUEST	Create Claim	1		request_438 Redirect 2	1520416414528	1520416415039	OK	 
REQUEST	Create Claim	1		request_438 Redirect 3	1520416415040	1520416415359	OK	 
REQUEST	Create Claim	1		request_451	1520416430364	1520416430770	OK	 
REQUEST	Create Claim	1		request_451 Redirect 1	1520416430772	1520416430915	OK	 
REQUEST	Create Claim	1		request_462	1520416445912	1520416446170	OK	 
REQUEST	Create Claim	1		request_462 Redirect 1	1520416446171	1520416446250	OK	 
REQUEST	Create Claim	1		request_462 Redirect 2	1520416446251	1520416449651	OK	 
REQUEST	Create Claim	1		request_462 Redirect 3	1520416449652	1520416449869	OK	 
REQUEST	Create Claim	1		request_474	1520416464869	1520416465113	OK	 
REQUEST	Create Claim	1		request_474 Redirect 1	1520416465114	1520416465180	OK	 
REQUEST	Create Claim	1		request_474 Redirect 2	1520416465181	1520416465233	OK	 
REQUEST	Create Claim	1		request_474 Redirect 3	1520416465234	1520416465435	OK	 
USER	Create Claim	1	END	1520415845818	1520416480435
