RUN	uk.gov.hmcts.reform.cmc.performance.simulations.CreateClaimSimulation		createclaimsimulation	1519919760117	 	2.0
USER	Create Claim	1	START	1519919760584	1519919760584
REQUEST	Create Claim	1		Trigger login	1519919760609	1519919760826	OK	 
REQUEST	Create Claim	1		Trigger login Redirect 1	1519919760849	1519919760885	OK	 
REQUEST	Create Claim	1		Trigger login Redirect 2	1519919760887	1519919761231	OK	 
REQUEST	Create Claim	1		Login - submit	1519919762261	1519919762813	OK	 
REQUEST	Create Claim	1		Login - submit Redirect 1	1519919762814	1519919763325	OK	 
REQUEST	Create Claim	1		Login - submit Redirect 2	1519919763328	1519919763747	OK	 
REQUEST	Create Claim	1		Make a new money claim	1519919773751	1519919773906	OK	 
REQUEST	Create Claim	1		Eligibility start	1519919773910	1519919774010	OK	 
REQUEST	Create Claim	1		Find out if you can use this service	1519919776013	1519919776636	OK	 
REQUEST	Create Claim	1		Eligibility - Total amount you’re claiming	1519919778624	1519919778624	KO	j.n.UnknownHostException: moneyclaim.nonprod.platform.hmcts.net$eligibilityPath: nodename nor servname provided, or not known
REQUEST	Create Claim	1		Eligibility - help with fees POST	1519919780635	1519919780765	OK	 
REQUEST	Create Claim	1		Eligibility - claimant address POST	1519919782753	1519919782844	OK	 
REQUEST	Create Claim	1		Eligibility - defendant address POST	1519919784852	1519919784930	OK	 
REQUEST	Create Claim	1		Eligibility - over 18 POST	1519919786934	1519919787011	OK	 
REQUEST	Create Claim	1		Eligibility - PERSONAL_CLAIM claimant POST	1519919789014	1519919789450	OK	 
REQUEST	Create Claim	1		Eligibility - single defendant POST	1519919791444	1519919791564	OK	 
REQUEST	Create Claim	1		Eligibility - government department POST	1519919793574	1519919794058	OK	 
REQUEST	Create Claim	1		Eligibility - tenancy deposit POST	1519919796052	1519919796169	KO	css((input[name='_csrf'],Some(value))).find.exists, found nothing
REQUEST	Create Claim	1		request_174	1519919798172	1519919798858	KO	regex(You can use this service).find.exists, found nothing
REQUEST	Create Claim	1		Task list - GET	1519919800855	1519919802237	OK	 
REQUEST	Create Claim	1		Resolving this dispute - GET	1519919804245	1519919805106	OK	 
REQUEST	Create Claim	1		Resolving this dispute - POST	1519919806104	1519919806948	OK	 
REQUEST	Create Claim	1		Resolving this dispute - POST Redirect 1	1519919806949	1519919807665	OK	 
REQUEST	Create Claim	1		Completing claim - GET	1519919809662	1519919810020	OK	 
REQUEST	Create Claim	1		Completing claim - POST	1519919812032	1519919812989	OK	 
REQUEST	Create Claim	1		Completing claim - POST Redirect 1	1519919812990	1519919813604	OK	 
REQUEST	Create Claim	1		Party type selection - GET	1519919815603	1519919815960	OK	 
REQUEST	Create Claim	1		Party type selection - POST	1519919817961	1519919818621	OK	 
REQUEST	Create Claim	1		Party type selection - POST Redirect 1	1519919818640	1519919818957	OK	 
REQUEST	Create Claim	1		Your details - POST	1519919821954	1519919822513	OK	 
REQUEST	Create Claim	1		Date of birth - POST	1519919824512	1519919824971	OK	 
REQUEST	Create Claim	1		Mobile number - POST	1519919826984	1519919827429	OK	 
REQUEST	Create Claim	1		Party type selection - GET	1519919828434	1519919828867	OK	 
REQUEST	Create Claim	1		Party type selection - POST	1519919830855	1519919831319	OK	 
REQUEST	Create Claim	1		Party type selection - POST Redirect 1	1519919831321	1519919831635	OK	 
REQUEST	Create Claim	1		Their details - POST	1519919834635	1519919835211	OK	 
REQUEST	Create Claim	1		Email address - POST	1519919837223	1519919837771	OK	 
REQUEST	Create Claim	1		Amount - GET	1519919839764	1519919840228	OK	 
REQUEST	Create Claim	1		Amount - POST	1519919842224	1519919842994	OK	 
REQUEST	Create Claim	1		Amount - POST Redirect 1	1519919842995	1519919843610	OK	 
REQUEST	Create Claim	1		Interest - POST	1519919846622	1519919847292	OK	 
REQUEST	Create Claim	1		Interest - POST Redirect 1	1519919847293	1519919848011	OK	 
REQUEST	Create Claim	1		Fees - POST	1519919850012	1519919850413	OK	 
REQUEST	Create Claim	1		Fees - POST Redirect 1	1519919850414	1519919851083	OK	 
REQUEST	Create Claim	1		Total - POST	1519919853083	1519919853540	OK	 
REQUEST	Create Claim	1		Total - POST Redirect 1	1519919853541	1519919853848	OK	 
REQUEST	Create Claim	1		Reason - GET	1519919854842	1519919855177	OK	 
REQUEST	Create Claim	1		Reason - POST	1519919857182	1519919857739	OK	 
REQUEST	Create Claim	1		Reason - POST Redirect 1	1519919857740	1519919858147	OK	 
REQUEST	Create Claim	1		Check and send - GET	1519919860143	1519919860401	OK	 
REQUEST	Create Claim	1		Check and send - GET Redirect 1	1519919860402	1519919860723	OK	 
USER	Create Claim	1	END	1519919760584	1519919862733
