RUN	uk.gov.hmcts.reform.cmc.performance.simulations.CreateClaimSimulation		createclaimsimulation	1526641521435	 	2.0
USER	Create Claim	1	START	1526641522169	1526641522169
REQUEST	Create Claim	1		TX01_CMC_Login_LandingLoginPage	1526641522207	1526641522302	OK	 
REQUEST	Create Claim	1		TX01_CMC_Login_LandingLoginPage Redirect 1	1526641522334	1526641522363	OK	 
REQUEST	Create Claim	1		TX01_CMC_Login_LandingLoginPage Redirect 2	1526641522365	1526641522558	OK	 
REQUEST	Create Claim	1		TX02_CMC_Login_SubmitLogin	1526641525582	1526641525897	OK	 
REQUEST	Create Claim	1		TX02_CMC_Login_SubmitLogin Redirect 1	1526641525898	1526641527079	OK	 
REQUEST	Create Claim	1		TX02_CMC_Login_SubmitLogin Redirect 2	1526641527080	1526641527274	OK	 
REQUEST	Create Claim	1		TX05_CMC_Eligibility_TotalAmountYouAreclaiming_GET	1526641530270	1526641530494	OK	 
REQUEST	Create Claim	1		TX06_CMC_Eligibility_TotalAmountYouAreclaiming_POST	1526641533507	1526641533708	OK	 
REQUEST	Create Claim	1		TX06_CMC_Eligibility_TotalAmountYouAreclaiming_POST Redirect 1	1526641533709	1526641533893	OK	 
REQUEST	Create Claim	1		TX07_CMC_Eligibility_HelpWithCourtyFees	1526641536886	1526641537071	OK	 
REQUEST	Create Claim	1		TX07_CMC_Eligibility_HelpWithCourtyFees Redirect 1	1526641537073	1526641537308	OK	 
REQUEST	Create Claim	1		TX08_CMC_Eligibility_ClaimantAddress	1526641540297	1526641540480	OK	 
REQUEST	Create Claim	1		TX08_CMC_Eligibility_ClaimantAddress Redirect 1	1526641540481	1526641540657	KO	regex(Does the person or organisation you’re claiming against have an address in England or Wales?).find.exists, found nothing
REQUEST	Create Claim	1		TX09_CMC_Eligibility_DefendantAddress	1526641543660	1526641543859	OK	 
REQUEST	Create Claim	1		TX09_CMC_Eligibility_DefendantAddress Redirect 1	1526641543860	1526641544057	OK	 
REQUEST	Create Claim	1		TX010_CMC_Eligibility_Over18	1526641547076	1526641547723	OK	 
REQUEST	Create Claim	1		TX010_CMC_Eligibility_Over18 Redirect 1	1526641547724	1526641547939	OK	 
REQUEST	Create Claim	1		TX010_CMC_Eligibility_DefendantAge	1526641550938	1526641551151	OK	 
REQUEST	Create Claim	1		TX010_CMC_Eligibility_DefendantAge Redirect 1	1526641551152	1526641551368	OK	 
REQUEST	Create Claim	1		TX011_CMC_Eligibility_SingleClaimant	1526641554356	1526641554566	OK	 
REQUEST	Create Claim	1		TX011_CMC_Eligibility_SingleClaimant Redirect 1	1526641554570	1526641554777	OK	 
REQUEST	Create Claim	1		TX012_CMC_Eligibility_SingleDefendant	1526641557786	1526641558013	OK	 
REQUEST	Create Claim	1		TX012_CMC_Eligibility_SingleDefendant Redirect 1	1526641558014	1526641558202	OK	 
REQUEST	Create Claim	1		TX013_CMC_Eligibility_GovernmentDepartment	1526641561205	1526641561401	OK	 
REQUEST	Create Claim	1		TX013_CMC_Eligibility_GovernmentDepartment Redirect 1	1526641561402	1526641561606	OK	 
REQUEST	Create Claim	1		TX014_CMC_Eligibility_TenancyDeposit	1526641564607	1526641564803	OK	 
REQUEST	Create Claim	1		TX014_CMC_Eligibility_TenancyDeposit Redirect 1	1526641564804	1526641565006	OK	 
REQUEST	Create Claim	1		TX015_CMC_ResolvingThisDispute_Tasklist	1526641568015	1526641568509	OK	 
REQUEST	Create Claim	1		TX016_CMC_ResolvingThisDispute_ResolvingThisDispute-GET	1526641571505	1526641571825	OK	 
REQUEST	Create Claim	1		TX017_CMC_ResolvingThisDispute_ResolvingThisDispute-POST	1526641574807	1526641575208	OK	 
REQUEST	Create Claim	1		TX017_CMC_ResolvingThisDispute_ResolvingThisDispute-POST Redirect 1	1526641575209	1526641575538	OK	 
REQUEST	Create Claim	1		TX018_CMC_Completingclaim_CompletingClaim-GET	1526641578551	1526641578804	OK	 
REQUEST	Create Claim	1		TX019_CMC_Completingclaim_CompletingClaim-POST	1526641581787	1526641582112	OK	 
REQUEST	Create Claim	1		TX019_CMC_Completingclaim_CompletingClaim-POST Redirect 1	1526641582113	1526641582385	OK	 
REQUEST	Create Claim	1		TX020_CMC_YourDetail_PartyTypeSelection-GET	1526641585404	1526641585709	OK	 
REQUEST	Create Claim	1		TX021_CMC_YourDetail_PartyTypeSelection-POST	1526641588706	1526641589145	OK	 
REQUEST	Create Claim	1		TX021_CMC_YourDetail_PartyTypeSelection-POST Redirect 1	1526641589147	1526641589453	OK	 
REQUEST	Create Claim	1		TX022_CMC_YourDetail_YourDetails-POST	1526641592457	1526641596465	OK	 
REQUEST	Create Claim	1		TX022_CMC_YourDetail_YourDetails-POST Redirect 1	1526641596467	1526641596810	OK	 
REQUEST	Create Claim	1		TX023_CMC_YourDetail_DateOfBirth-POST	1526641599807	1526641600173	OK	 
REQUEST	Create Claim	1		TX023_CMC_YourDetail_DateOfBirth-POST Redirect 1	1526641600174	1526641600414	OK	 
REQUEST	Create Claim	1		TX024_CMC_YourDetail_AddPhoneNumber-POST	1526641603419	1526641603883	OK	 
REQUEST	Create Claim	1		TX024_CMC_YourDetail_AddPhoneNumber-POST Redirect 1	1526641603884	1526641604220	OK	 
REQUEST	Create Claim	1		TX025_CMC_TheirDetail_PartyTypeSelection_GET	1526641607221	1526641607510	OK	 
REQUEST	Create Claim	1		TX026_CMC_TheirDetail_PartyTypeSelection_POST	1526641610507	1526641610887	OK	 
REQUEST	Create Claim	1		TX026_CMC_TheirDetail_PartyTypeSelection_POST Redirect 1	1526641610888	1526641611168	OK	 
REQUEST	Create Claim	1		TX027_CMC_TheirDetail_TheirDetails_POST	1526641614171	1526641614670	OK	 
REQUEST	Create Claim	1		TX027_CMC_TheirDetail_TheirDetails_POST Redirect 1	1526641614671	1526641614946	OK	 
REQUEST	Create Claim	1		TX028_CMC_TheirDetail_EmailAddress_POST	1526641617936	1526641618339	OK	 
REQUEST	Create Claim	1		TX028_CMC_TheirDetail_EmailAddress_POST Redirect 1	1526641618341	1526641618625	OK	 
REQUEST	Create Claim	1		TX029_CMC_ClaimAmout_ClaimAmount_GET	1526641621630	1526641621923	OK	 
REQUEST	Create Claim	1		TX030_CMC_ClaimAmout_ClaimAmount_POST	1526641624930	1526641625270	OK	 
REQUEST	Create Claim	1		TX030_CMC_ClaimAmout_ClaimAmount_POST Redirect 1	1526641625271	1526641625556	OK	 
REQUEST	Create Claim	1		TX031_CMC_ClaimAmout_Interest_POST	1526641628556	1526641629013	OK	 
REQUEST	Create Claim	1		TX031_CMC_ClaimAmout_Interest_POST Redirect 1	1526641629014	1526641629827	OK	 
REQUEST	Create Claim	1		TX033_CMC_ClaimAmout_TotalAmount_POST	1526641632820	1526641633146	OK	 
REQUEST	Create Claim	1		TX033_CMC_ClaimAmout_TotalAmount_POST Redirect 1	1526641633147	1526641633438	OK	 
REQUEST	Create Claim	1		TX034_CMC_ClaimDetail_Reason_GET	1526641636455	1526641636723	OK	 
REQUEST	Create Claim	1		TX035_CMC_ClaimDetail_Reason_POST	1526641639719	1526641640112	OK	 
REQUEST	Create Claim	1		TX035_CMC_ClaimDetail_Reason_POST Redirect 1	1526641640113	1526641640372	OK	 
REQUEST	Create Claim	1		TX035_CMC_ClaimDetail_Timeline_POST	1526641643371	1526641643795	OK	 
REQUEST	Create Claim	1		TX035_CMC_ClaimDetail_Timeline_POST Redirect 1	1526641643796	1526641644083	OK	 
REQUEST	Create Claim	1		TX035.1_CMC_ClaimDetail_Timeline_Evidence_POST	1526641647072	1526641647462	OK	 
REQUEST	Create Claim	1		TX035.1_CMC_ClaimDetail_Timeline_Evidence_POST Redirect 1	1526641647463	1526641647767	OK	 
REQUEST	Create Claim	1		TX036_CMC_CheckAndSend_Checkandsend_GET	1526641650769	1526641651177	OK	 
REQUEST	Create Claim	1		TX037_CMC_CheckAndSend_Checkandsend_POST	1526641654177	1526641654554	OK	 
REQUEST	Create Claim	1		TX037_CMC_CheckAndSend_Checkandsend_POST Redirect 1	1526641654555	1526641655626	OK	 
REQUEST	Create Claim	1		TX037_CMC_CheckAndSend_Checkandsend_POST Redirect 2	1526641655627	1526641656905	OK	 
REQUEST	Create Claim	1		TX037_CMC_CheckAndSend_Checkandsend_POST Redirect 3	1526641656906	1526641657062	OK	 
REQUEST	Create Claim	1		TX038_CMC_CardDetail_SubmitCardDetail	1526641660072	1526641660511	OK	 
REQUEST	Create Claim	1		TX038_CMC_CardDetail_SubmitCardDetail Redirect 1	1526641660512	1526641660620	OK	 
REQUEST	Create Claim	1		TX039_CMC_CardDetail_ConfirmCardDetail	1526641663620	1526641663838	OK	 
REQUEST	Create Claim	1		TX039_CMC_CardDetail_ConfirmCardDetail Redirect 1	1526641663839	1526641663939	OK	 
REQUEST	Create Claim	1		TX039_CMC_CardDetail_ConfirmCardDetail Redirect 2	1526641663939	1526641667300	OK	 
REQUEST	Create Claim	1		TX039_CMC_CardDetail_ConfirmCardDetail Redirect 3	1526641667301	1526641667545	OK	 
USER	Create Claim	1	END	1526641522169	1526641670541
