RUN	uk.gov.hmcts.reform.cmc.performance.simulations.CreateDefendantSimulation		createdefendantsimulation	1527176223770	 	2.0
USER	Create Defendant Response	1	START	1527176224409	1527176224409
REQUEST	Create Defendant Response	1		TX01_CMC_Def_LandingPage	1527176224442	1527176224535	OK	 
REQUEST	Create Defendant Response	1		TX02_CMC_Def_Login_ClaimNumber	1527176227569	1527176227831	OK	 
REQUEST	Create Defendant Response	1		TX02_CMC_Def_Login_ClaimNumber Redirect 1	1527176227838	1527176227855	OK	 
REQUEST	Create Defendant Response	1		TX02_CMC_Def_Login_ClaimNumber Redirect 2	1527176227857	1527176227873	OK	 
REQUEST	Create Defendant Response	1		TX02_CMC_Def_Login_ClaimNumber Redirect 3	1527176227874	1527176228082	OK	 
REQUEST	Create Defendant Response	1		TX03_CMC_Def_Login_LoginPage	1527176231087	1527176231171	OK	 
REQUEST	Create Defendant Response	1		TX04_CMC_Def_FirstContact_ClaimSummary	1527176234185	1527176234246	OK	 
REQUEST	Create Defendant Response	1		TX05_CMC_Def_Login_Receiver	1527176237249	1527176237304	OK	 
REQUEST	Create Defendant Response	1		request_71	1527176240294	1527176240373	OK	 
REQUEST	Create Defendant Response	1		TX034_CMC_ClaimDetail_Reason_GET	1527176243381	1527176243492	OK	 
REQUEST	Create Defendant Response	1		request_99	1527176246489	1527176246572	OK	 
REQUEST	Create Defendant Response	1		request_113	1527176249584	1527176249667	OK	 
REQUEST	Create Defendant Response	1		address	1527176252660	1527176252718	OK	 
REQUEST	Create Defendant Response	1		DOB	1527176255731	1527176255788	OK	 
REQUEST	Create Defendant Response	1		Mobile	1527176258773	1527176258825	OK	 
REQUEST	Create Defendant Response	1		request_169	1527176261829	1527176261934	OK	 
REQUEST	Create Defendant Response	1		MoreTimeRequest	1527176261943	1527176261988	OK	 
REQUEST	Create Defendant Response	1		responseType_Post	1527176264989	1527176265033	OK	 
REQUEST	Create Defendant Response	1		request_242	1527176268023	1527176268085	OK	 
REQUEST	Create Defendant Response	1		request_242	1527176268088	1527176268129	OK	 
REQUEST	Create Defendant Response	1		request_271	1527176271145	1527176271238	OK	 
REQUEST	Create Defendant Response	1		request_285	1527176271241	1527176271297	OK	 
REQUEST	Create Defendant Response	1		request_299	1527176274292	1527176274340	OK	 
REQUEST	Create Defendant Response	1		request_313	1527176277340	1527176277392	OK	 
REQUEST	Create Defendant Response	1		request_327	1527176280381	1527176280460	OK	 
REQUEST	Create Defendant Response	1		free-mediation	1527176280461	1527176280503	OK	 
REQUEST	Create Defendant Response	1		request_356	1527176283508	1527176283583	OK	 
REQUEST	Create Defendant Response	1		request_370	1527176283587	1527176283627	OK	 
REQUEST	Create Defendant Response	1		TX035_CMC_ClaimDetail_Timeline_POST	1527176286629	1527176286693	KO	css((input[name='_csrf'],Some(value))).find.exists, found nothing
USER	Create Defendant Response	1	END	1527176224409	1527176289688
