RUN	uk.gov.hmcts.reform.cmc.performance.simulations.CreateDefendantSimulation		createdefendantsimulation	1527176032993	 	2.0
USER	Create Defendant Response	1	START	1527176033673	1527176033673
REQUEST	Create Defendant Response	1		TX01_CMC_Def_LandingPage	1527176033710	1527176033837	OK	 
REQUEST	Create Defendant Response	1		TX02_CMC_Def_Login_ClaimNumber	1527176036873	1527176037066	OK	 
REQUEST	Create Defendant Response	1		TX02_CMC_Def_Login_ClaimNumber Redirect 1	1527176037071	1527176037109	OK	 
REQUEST	Create Defendant Response	1		TX02_CMC_Def_Login_ClaimNumber Redirect 2	1527176037111	1527176037155	OK	 
REQUEST	Create Defendant Response	1		TX02_CMC_Def_Login_ClaimNumber Redirect 3	1527176037159	1527176037487	OK	 
REQUEST	Create Defendant Response	1		TX03_CMC_Def_Login_LoginPage	1527176040504	1527176040570	OK	 
REQUEST	Create Defendant Response	1		TX04_CMC_Def_FirstContact_ClaimSummary	1527176043586	1527176043646	OK	 
REQUEST	Create Defendant Response	1		TX05_CMC_Def_Login_Receiver	1527176046646	1527176046715	OK	 
REQUEST	Create Defendant Response	1		request_71	1527176049711	1527176049818	OK	 
REQUEST	Create Defendant Response	1		TX034_CMC_ClaimDetail_Reason_GET	1527176052819	1527176052930	OK	 
REQUEST	Create Defendant Response	1		request_99	1527176055931	1527176056010	OK	 
REQUEST	Create Defendant Response	1		request_113	1527176059009	1527176059104	OK	 
REQUEST	Create Defendant Response	1		address	1527176062108	1527176062160	OK	 
REQUEST	Create Defendant Response	1		DOB	1527176065158	1527176065214	OK	 
REQUEST	Create Defendant Response	1		Mobile	1527176068224	1527176068287	OK	 
REQUEST	Create Defendant Response	1		request_169	1527176071286	1527176071382	OK	 
REQUEST	Create Defendant Response	1		MoreTimeRequest	1527176071394	1527176071450	OK	 
REQUEST	Create Defendant Response	1		responseType_Post	1527176074431	1527176074499	OK	 
REQUEST	Create Defendant Response	1		request_242	1527176077513	1527176077603	OK	 
REQUEST	Create Defendant Response	1		request_242	1527176077606	1527176077658	OK	 
REQUEST	Create Defendant Response	1		request_271	1527176080670	1527176080761	OK	 
REQUEST	Create Defendant Response	1		request_285	1527176080765	1527176080819	OK	 
REQUEST	Create Defendant Response	1		request_299	1527176083790	1527176083841	OK	 
REQUEST	Create Defendant Response	1		request_313	1527176086858	1527176086915	OK	 
REQUEST	Create Defendant Response	1		request_327	1527176089904	1527176090038	OK	 
REQUEST	Create Defendant Response	1		free-mediation	1527176090041	1527176090105	OK	 
REQUEST	Create Defendant Response	1		request_356	1527176093108	1527176093222	OK	 
REQUEST	Create Defendant Response	1		request_370	1527176093224	1527176093268	KO	css((input[name='_csrf'],Some(value))).find.exists, found nothing
REQUEST	Create Defendant Response	1		TX035_CMC_ClaimDetail_Timeline_POST	1527176096276	1527176096320	KO	css((input[name='_csrf'],Some(value))).find.exists, found nothing
USER	Create Defendant Response	1	END	1527176033673	1527176099324
