RUN	uk.gov.hmcts.reform.cmc.performance.simulations.CreateClaimSimulation		createclaimsimulation	1520380336083	 	2.0
USER	Create Claim	1	START	1520380336568	1520380336568
REQUEST	Create Claim	1		Trigger login	1520380336590	1520380336880	OK	 
REQUEST	Create Claim	1		Trigger login Redirect 1	1520380336912	1520380336995	OK	 
REQUEST	Create Claim	1		Trigger login Redirect 2	1520380336997	1520380337428	OK	 
REQUEST	Create Claim	1		Login - submit	1520380342454	1520380342917	OK	 
REQUEST	Create Claim	1		Login - submit Redirect 1	1520380342920	1520380343534	OK	 
REQUEST	Create Claim	1		Login - submit Redirect 2	1520380343536	1520380344329	OK	 
REQUEST	Create Claim	1		request_21	1520380354337	1520380354656	OK	 
REQUEST	Create Claim	1		Eligibility start	1520380357658	1520380357908	OK	 
REQUEST	Create Claim	1		Eligibility - claim value GET	1520380359907	1520380360394	OK	 
REQUEST	Create Claim	1		Eligibility - claim value POST	1520380360404	1520380360938	OK	 
REQUEST	Create Claim	1		Eligibility - claim value POST Redirect 1	1520380360940	1520380361277	OK	 
REQUEST	Create Claim	1		Eligibility - help with fees POST	1520380361282	1520380361759	OK	 
REQUEST	Create Claim	1		Eligibility - help with fees POST Redirect 1	1520380361761	1520380362099	OK	 
REQUEST	Create Claim	1		Eligibility - claimant address POST	1520380362103	1520380362563	OK	 
REQUEST	Create Claim	1		Eligibility - claimant address POST Redirect 1	1520380362565	1520380362913	OK	 
REQUEST	Create Claim	1		Eligibility - defendant address POST	1520380362919	1520380363385	OK	 
REQUEST	Create Claim	1		Eligibility - defendant address POST Redirect 1	1520380363392	1520380363678	OK	 
REQUEST	Create Claim	1		Eligibility - over 18 POST	1520380363681	1520380364219	OK	 
REQUEST	Create Claim	1		Eligibility - over 18 POST Redirect 1	1520380364220	1520380364586	OK	 
REQUEST	Create Claim	1		Eligibility - single claimant POST	1520380364590	1520380364984	OK	 
REQUEST	Create Claim	1		Eligibility - single claimant POST Redirect 1	1520380364987	1520380365273	OK	 
REQUEST	Create Claim	1		Eligibility - single defendant POST	1520380365279	1520380365660	OK	 
REQUEST	Create Claim	1		Eligibility - single defendant POST Redirect 1	1520380365662	1520380365963	OK	 
REQUEST	Create Claim	1		Eligibility - government department POST	1520380365968	1520380366472	OK	 
REQUEST	Create Claim	1		Eligibility - government department POST Redirect 1	1520380366474	1520380366755	OK	 
REQUEST	Create Claim	1		Eligibility - tenancy deposit POST	1520380366760	1520380367160	OK	 
REQUEST	Create Claim	1		Eligibility - tenancy deposit POST Redirect 1	1520380367162	1520380367349	OK	 
REQUEST	Create Claim	1		Task list - GET	1520380367352	1520380367739	OK	 
REQUEST	Create Claim	1		Resolving this dispute - GET	1520380369687	1520380370024	OK	 
REQUEST	Create Claim	1		Resolving this dispute - POST	1520380371028	1520380371426	OK	 
REQUEST	Create Claim	1		Resolving this dispute - POST Redirect 1	1520380371428	1520380371828	OK	 
REQUEST	Create Claim	1		Completing claim - GET	1520380373828	1520380374187	OK	 
REQUEST	Create Claim	1		Completing claim - POST	1520380376189	1520380376705	OK	 
REQUEST	Create Claim	1		Completing claim - POST Redirect 1	1520380376706	1520380377038	OK	 
REQUEST	Create Claim	1		Party type selection - GET	1520380379039	1520380379408	OK	 
REQUEST	Create Claim	1		Party type selection - POST	1520380381409	1520380381934	OK	 
REQUEST	Create Claim	1		Party type selection - POST Redirect 1	1520380381935	1520380382414	OK	 
REQUEST	Create Claim	1		Your details - POST	1520380385408	1520380386234	OK	 
REQUEST	Create Claim	1		Your details - POST Redirect 1	1520380386235	1520380386576	OK	 
REQUEST	Create Claim	1		Date of birth - POST	1520380388578	1520380389103	OK	 
REQUEST	Create Claim	1		Date of birth - POST Redirect 1	1520380389105	1520380389444	OK	 
REQUEST	Create Claim	1		Mobile number - POST	1520380391448	1520380391915	OK	 
REQUEST	Create Claim	1		Mobile number - POST Redirect 1	1520380391916	1520380392306	OK	 
REQUEST	Create Claim	1		Party type selection - GET	1520380393319	1520380393744	OK	 
REQUEST	Create Claim	1		Party type selection - POST	1520380395739	1520380396269	OK	 
REQUEST	Create Claim	1		Party type selection - POST Redirect 1	1520380396272	1520380396610	OK	 
REQUEST	Create Claim	1		Their details - POST	1520380399608	1520380400367	OK	 
REQUEST	Create Claim	1		Their details - POST Redirect 1	1520380400369	1520380400705	OK	 
REQUEST	Create Claim	1		Email address - POST	1520380402709	1520380403235	OK	 
REQUEST	Create Claim	1		Email address - POST Redirect 1	1520380403237	1520380403538	OK	 
REQUEST	Create Claim	1		Amount - GET	1520380405537	1520380405839	OK	 
REQUEST	Create Claim	1		Amount - POST	1520380407838	1520380408273	OK	 
REQUEST	Create Claim	1		Amount - POST Redirect 1	1520380408275	1520380408539	OK	 
REQUEST	Create Claim	1		Interest - POST	1520380411539	1520380412039	OK	 
REQUEST	Create Claim	1		Interest - POST Redirect 1	1520380412041	1520380412752	OK	 
REQUEST	Create Claim	1		Fees - POST	1520380414760	1520380415055	OK	 
REQUEST	Create Claim	1		Fees - POST Redirect 1	1520380415057	1520380415626	OK	 
REQUEST	Create Claim	1		Total - POST	1520380417628	1520380417979	OK	 
REQUEST	Create Claim	1		Total - POST Redirect 1	1520380417981	1520380418305	OK	 
REQUEST	Create Claim	1		Reason - GET	1520380419299	1520380419612	OK	 
REQUEST	Create Claim	1		Reason - POST	1520380421609	1520380422114	OK	 
REQUEST	Create Claim	1		Reason - POST Redirect 1	1520380422123	1520380422416	OK	 
REQUEST	Create Claim	1		Check and send - GET	1520380424430	1520380425086	OK	 
REQUEST	Create Claim	1		request_438	1520380430078	1520380430473	OK	 
REQUEST	Create Claim	1		request_438 Redirect 1	1520380430475	1520380431702	OK	 
REQUEST	Create Claim	1		request_438 Redirect 2	1520380431703	1520380432317	OK	 
REQUEST	Create Claim	1		request_438 Redirect 3	1520380432318	1520380432633	OK	 
REQUEST	Create Claim	1		request_451	1520380437630	1520380438153	OK	 
REQUEST	Create Claim	1		request_451 Redirect 1	1520380438155	1520380438257	OK	 
REQUEST	Create Claim	1		request_462	1520380443269	1520380443476	OK	 
REQUEST	Create Claim	1		request_462 Redirect 1	1520380443478	1520380443681	OK	 
REQUEST	Create Claim	1		request_462 Redirect 2	1520380443682	1520380445731	OK	 
REQUEST	Create Claim	1		request_462 Redirect 3	1520380445733	1520380445941	OK	 
USER	Create Claim	1	END	1520380336568	1520380450941
