RUN	uk.gov.hmcts.reform.cmc.performance.simulations.CreateClaimSimulation		createclaimsimulation	1520380579605	 	2.0
USER	Create Claim	1	START	1520380580075	1520380580075
REQUEST	Create Claim	1		Trigger login	1520380580101	1520380580364	OK	 
REQUEST	Create Claim	1		Trigger login Redirect 1	1520380580399	1520380580481	OK	 
REQUEST	Create Claim	1		Trigger login Redirect 2	1520380580483	1520380580866	OK	 
REQUEST	Create Claim	1		Login - submit	1520380585896	1520380586331	OK	 
REQUEST	Create Claim	1		Login - submit Redirect 1	1520380586334	1520380586946	OK	 
REQUEST	Create Claim	1		Login - submit Redirect 2	1520380586949	1520380587425	OK	 
REQUEST	Create Claim	1		request_21	1520380597431	1520380597765	OK	 
REQUEST	Create Claim	1		Eligibility start	1520380600760	1520380601110	OK	 
REQUEST	Create Claim	1		Eligibility - claim value GET	1520380603109	1520380603427	OK	 
REQUEST	Create Claim	1		Eligibility - claim value POST	1520380603436	1520380603945	OK	 
REQUEST	Create Claim	1		Eligibility - claim value POST Redirect 1	1520380603947	1520380604397	OK	 
REQUEST	Create Claim	1		Eligibility - help with fees POST	1520380604403	1520380604867	OK	 
REQUEST	Create Claim	1		Eligibility - help with fees POST Redirect 1	1520380604869	1520380605211	OK	 
REQUEST	Create Claim	1		Eligibility - claimant address POST	1520380605215	1520380605685	OK	 
REQUEST	Create Claim	1		Eligibility - claimant address POST Redirect 1	1520380605688	1520380606033	OK	 
REQUEST	Create Claim	1		Eligibility - defendant address POST	1520380606037	1520380606503	OK	 
REQUEST	Create Claim	1		Eligibility - defendant address POST Redirect 1	1520380606506	1520380606843	OK	 
REQUEST	Create Claim	1		Eligibility - over 18 POST	1520380606848	1520380607323	OK	 
REQUEST	Create Claim	1		Eligibility - over 18 POST Redirect 1	1520380607325	1520380607673	OK	 
REQUEST	Create Claim	1		Eligibility - single claimant POST	1520380607677	1520380608143	OK	 
REQUEST	Create Claim	1		Eligibility - single claimant POST Redirect 1	1520380608145	1520380608451	OK	 
REQUEST	Create Claim	1		Eligibility - single defendant POST	1520380608455	1520380608882	OK	 
REQUEST	Create Claim	1		Eligibility - single defendant POST Redirect 1	1520380608884	1520380609168	OK	 
REQUEST	Create Claim	1		Eligibility - government department POST	1520380609172	1520380609576	OK	 
REQUEST	Create Claim	1		Eligibility - government department POST Redirect 1	1520380609578	1520380609885	OK	 
REQUEST	Create Claim	1		Eligibility - tenancy deposit POST	1520380609889	1520380610396	OK	 
REQUEST	Create Claim	1		Eligibility - tenancy deposit POST Redirect 1	1520380610398	1520380610535	OK	 
REQUEST	Create Claim	1		Task list - GET	1520380610538	1520380610840	OK	 
REQUEST	Create Claim	1		Resolving this dispute - GET	1520380612801	1520380613161	OK	 
REQUEST	Create Claim	1		Resolving this dispute - POST	1520380614161	1520380614695	OK	 
REQUEST	Create Claim	1		Resolving this dispute - POST Redirect 1	1520380614698	1520380615036	OK	 
REQUEST	Create Claim	1		Completing claim - GET	1520380617042	1520380617496	OK	 
REQUEST	Create Claim	1		Completing claim - POST	1520380619490	1520380620021	OK	 
REQUEST	Create Claim	1		Completing claim - POST Redirect 1	1520380620023	1520380620468	OK	 
REQUEST	Create Claim	1		Party type selection - GET	1520380622480	1520380622926	OK	 
REQUEST	Create Claim	1		Party type selection - POST	1520380624920	1520380625449	OK	 
REQUEST	Create Claim	1		Party type selection - POST Redirect 1	1520380625452	1520380625849	OK	 
REQUEST	Create Claim	1		Your details - POST	1520380628851	1520380629647	OK	 
REQUEST	Create Claim	1		Your details - POST Redirect 1	1520380629648	1520380629988	OK	 
REQUEST	Create Claim	1		Date of birth - POST	1520380631990	1520380632514	OK	 
REQUEST	Create Claim	1		Date of birth - POST Redirect 1	1520380632516	1520380632958	OK	 
REQUEST	Create Claim	1		Mobile number - POST	1520380634960	1520380635586	OK	 
REQUEST	Create Claim	1		Mobile number - POST Redirect 1	1520380635588	1520380636030	OK	 
REQUEST	Create Claim	1		Party type selection - GET	1520380637031	1520380637361	OK	 
REQUEST	Create Claim	1		Party type selection - POST	1520380639360	1520380639787	OK	 
REQUEST	Create Claim	1		Party type selection - POST Redirect 1	1520380639789	1520380640134	OK	 
REQUEST	Create Claim	1		Their details - POST	1520380643129	1520380643881	OK	 
REQUEST	Create Claim	1		Their details - POST Redirect 1	1520380643883	1520380644189	OK	 
REQUEST	Create Claim	1		Email address - POST	1520380646200	1520380646634	OK	 
REQUEST	Create Claim	1		Email address - POST Redirect 1	1520380646636	1520380647086	OK	 
REQUEST	Create Claim	1		Amount - GET	1520380649082	1520380649408	OK	 
REQUEST	Create Claim	1		Amount - POST	1520380651409	1520380651972	OK	 
REQUEST	Create Claim	1		Amount - POST Redirect 1	1520380651974	1520380652313	OK	 
REQUEST	Create Claim	1		Interest - POST	1520380655310	1520380655761	OK	 
REQUEST	Create Claim	1		Interest - POST Redirect 1	1520380655763	1520380656508	OK	 
REQUEST	Create Claim	1		Fees - POST	1520380658521	1520380658837	OK	 
REQUEST	Create Claim	1		Fees - POST Redirect 1	1520380658838	1520380659376	OK	 
REQUEST	Create Claim	1		Total - POST	1520380661371	1520380661691	OK	 
REQUEST	Create Claim	1		Total - POST Redirect 1	1520380661692	1520380662022	OK	 
REQUEST	Create Claim	1		Reason - GET	1520380663020	1520380663337	OK	 
REQUEST	Create Claim	1		Reason - POST	1520380665340	1520380665902	OK	 
REQUEST	Create Claim	1		Reason - POST Redirect 1	1520380665904	1520380666246	OK	 
REQUEST	Create Claim	1		Check and send - GET	1520380668241	1520380668916	OK	 
REQUEST	Create Claim	1		request_438	1520380673920	1520380674296	OK	 
REQUEST	Create Claim	1		request_438 Redirect 1	1520380674298	1520380675730	OK	 
REQUEST	Create Claim	1		request_438 Redirect 2	1520380675731	1520380676549	OK	 
REQUEST	Create Claim	1		request_438 Redirect 3	1520380676550	1520380676971	OK	 
REQUEST	Create Claim	1		request_451	1520380681973	1520380682646	OK	 
REQUEST	Create Claim	1		request_451 Redirect 1	1520380682648	1520380682897	OK	 
REQUEST	Create Claim	1		request_462	1520380687901	1520380688134	OK	 
REQUEST	Create Claim	1		request_462 Redirect 1	1520380688136	1520380688273	OK	 
REQUEST	Create Claim	1		request_462 Redirect 2	1520380688275	1520380690372	OK	 
REQUEST	Create Claim	1		request_462 Redirect 3	1520380690375	1520380690608	OK	 
REQUEST	Create Claim	1		request_474	1520380695610	1520380695923	OK	 
REQUEST	Create Claim	1		request_474 Redirect 1	1520380695925	1520380695995	OK	 
REQUEST	Create Claim	1		request_474 Redirect 2	1520380695997	1520380696075	OK	 
REQUEST	Create Claim	1		request_474 Redirect 3	1520380696076	1520380696453	OK	 
USER	Create Claim	1	END	1520380580075	1520380701451
