RUN	uk.gov.hmcts.reform.cmc.performance.simulations.CreateClaimSimulation		createclaimsimulation	1520374297437	 	2.0
USER	Create Claim	1	START	1520374297926	1520374297926
REQUEST	Create Claim	1		Trigger login	1520374297955	1520374298289	OK	 
REQUEST	Create Claim	1		Trigger login Redirect 1	1520374298321	1520374298395	OK	 
REQUEST	Create Claim	1		Trigger login Redirect 2	1520374298397	1520374298797	OK	 
REQUEST	Create Claim	1		Login - submit	1520374303834	1520374304293	OK	 
REQUEST	Create Claim	1		Login - submit Redirect 1	1520374304296	1520374304893	OK	 
REQUEST	Create Claim	1		Login - submit Redirect 2	1520374304896	1520374305351	OK	 
REQUEST	Create Claim	1		request_21	1520374315348	1520374315549	OK	 
REQUEST	Create Claim	1		Eligibility start	1520374318548	1520374318733	OK	 
REQUEST	Create Claim	1		Eligibility - claim value GET	1520374320737	1520374321233	OK	 
REQUEST	Create Claim	1		Eligibility - claim value POST	1520374321239	1520374321703	OK	 
REQUEST	Create Claim	1		Eligibility - claim value POST Redirect 1	1520374321705	1520374322114	OK	 
REQUEST	Create Claim	1		Eligibility - help with fees POST	1520374322118	1520374322624	OK	 
REQUEST	Create Claim	1		Eligibility - help with fees POST Redirect 1	1520374322626	1520374322972	OK	 
REQUEST	Create Claim	1		Eligibility - claimant address POST	1520374322976	1520374323546	OK	 
REQUEST	Create Claim	1		Eligibility - claimant address POST Redirect 1	1520374323549	1520374323885	OK	 
REQUEST	Create Claim	1		Eligibility - defendant address POST	1520374323889	1520374324343	OK	 
REQUEST	Create Claim	1		Eligibility - defendant address POST Redirect 1	1520374324345	1520374324656	OK	 
REQUEST	Create Claim	1		Eligibility - over 18 POST	1520374324662	1520374325120	OK	 
REQUEST	Create Claim	1		Eligibility - over 18 POST Redirect 1	1520374325122	1520374325542	OK	 
REQUEST	Create Claim	1		Eligibility - single claimant POST	1520374325546	1520374326002	OK	 
REQUEST	Create Claim	1		Eligibility - single claimant POST Redirect 1	1520374326004	1520374326456	OK	 
REQUEST	Create Claim	1		Eligibility - single defendant POST	1520374326461	1520374327028	OK	 
REQUEST	Create Claim	1		Eligibility - single defendant POST Redirect 1	1520374327030	1520374327482	OK	 
REQUEST	Create Claim	1		Eligibility - government department POST	1520374327487	1520374327950	OK	 
REQUEST	Create Claim	1		Eligibility - government department POST Redirect 1	1520374327952	1520374328288	OK	 
REQUEST	Create Claim	1		Eligibility - tenancy deposit POST	1520374328292	1520374328769	OK	 
REQUEST	Create Claim	1		Eligibility - tenancy deposit POST Redirect 1	1520374328771	1520374328899	OK	 
REQUEST	Create Claim	1		Task list - GET	1520374328902	1520374329223	OK	 
REQUEST	Create Claim	1		Resolving this dispute - GET	1520374331188	1520374331534	OK	 
REQUEST	Create Claim	1		Resolving this dispute - POST	1520374332538	1520374332967	OK	 
REQUEST	Create Claim	1		Resolving this dispute - POST Redirect 1	1520374332970	1520374333269	OK	 
REQUEST	Create Claim	1		Completing claim - GET	1520374335267	1520374335717	OK	 
REQUEST	Create Claim	1		Completing claim - POST	1520374337716	1520374338498	OK	 
REQUEST	Create Claim	1		Completing claim - POST Redirect 1	1520374338500	1520374338932	OK	 
REQUEST	Create Claim	1		Party type selection - GET	1520374340929	1520374341328	OK	 
REQUEST	Create Claim	1		Party type selection - POST	1520374343337	1520374343718	OK	 
REQUEST	Create Claim	1		Party type selection - POST Redirect 1	1520374343720	1520374344185	OK	 
REQUEST	Create Claim	1		Your details - POST	1520374347188	1520374347918	OK	 
REQUEST	Create Claim	1		Your details - POST Redirect 1	1520374347920	1520374348259	OK	 
REQUEST	Create Claim	1		Date of birth - POST	1520374350257	1520374350683	OK	 
REQUEST	Create Claim	1		Date of birth - POST Redirect 1	1520374350685	1520374351021	OK	 
REQUEST	Create Claim	1		Mobile number - POST	1520374353016	1520374353549	OK	 
REQUEST	Create Claim	1		Mobile number - POST Redirect 1	1520374353551	1520374353992	OK	 
REQUEST	Create Claim	1		Party type selection - GET	1520374354987	1520374355289	OK	 
REQUEST	Create Claim	1		Party type selection - POST	1520374357299	1520374357647	OK	 
REQUEST	Create Claim	1		Party type selection - POST Redirect 1	1520374357648	1520374358100	OK	 
REQUEST	Create Claim	1		Their details - POST	1520374361097	1520374361845	OK	 
REQUEST	Create Claim	1		Their details - POST Redirect 1	1520374361847	1520374362152	OK	 
REQUEST	Create Claim	1		Email address - POST	1520374364147	1520374364713	OK	 
REQUEST	Create Claim	1		Email address - POST Redirect 1	1520374364715	1520374365056	OK	 
REQUEST	Create Claim	1		Amount - GET	1520374367068	1520374367415	OK	 
REQUEST	Create Claim	1		Amount - POST	1520374369418	1520374369833	OK	 
REQUEST	Create Claim	1		Amount - POST Redirect 1	1520374369834	1520374370140	OK	 
REQUEST	Create Claim	1		Interest - POST	1520374373137	1520374373620	OK	 
REQUEST	Create Claim	1		Interest - POST Redirect 1	1520374373622	1520374374368	OK	 
REQUEST	Create Claim	1		Fees - POST	1520374376367	1520374376796	OK	 
REQUEST	Create Claim	1		Fees - POST Redirect 1	1520374376798	1520374377442	OK	 
REQUEST	Create Claim	1		Total - POST	1520374379439	1520374379766	OK	 
REQUEST	Create Claim	1		Total - POST Redirect 1	1520374379768	1520374380104	OK	 
REQUEST	Create Claim	1		Reason - GET	1520374381106	1520374381405	OK	 
REQUEST	Create Claim	1		Reason - POST	1520374383417	1520374383965	OK	 
REQUEST	Create Claim	1		Reason - POST Redirect 1	1520374383966	1520374384381	OK	 
REQUEST	Create Claim	1		Check and send - GET	1520374386378	1520374386873	OK	 
REQUEST	Create Claim	1		request_438	1520374391867	1520374392260	OK	 
REQUEST	Create Claim	1		request_438 Redirect 1	1520374392262	1520374394205	OK	 
REQUEST	Create Claim	1		request_438 Redirect 2	1520374394206	1520374394819	OK	 
REQUEST	Create Claim	1		request_438 Redirect 3	1520374394821	1520374395243	KO	css((input[name='_csrf'],Some(value))).find.exists, found nothing
REQUEST	Create Claim	1		request_451	1520374400248	1520374400335	KO	status.find.in(200,304,201,202,203,204,205,206,207,208,209), but actually found 403
USER	Create Claim	1	END	1520374297926	1520374400338
