RUN	uk.gov.hmcts.reform.cmc.performance.simulations.CreateClaimSimulation		createclaimsimulation	1520433237588	 	2.0
USER	Create Claim	1	START	1520433238054	1520433238054
REQUEST	Create Claim	1		TX01_CMC_Login_LandingLoginPage	1520433238083	1520433238230	OK	 
REQUEST	Create Claim	1		TX01_CMC_Login_LandingLoginPage Redirect 1	1520433238263	1520433238306	OK	 
REQUEST	Create Claim	1		TX01_CMC_Login_LandingLoginPage Redirect 2	1520433238308	1520433238487	OK	 
REQUEST	Create Claim	1		TX02_CMC_Login_SubmitLogin	1520433253516	1520433253911	OK	 
REQUEST	Create Claim	1		TX02_CMC_Login_SubmitLogin Redirect 1	1520433253914	1520433254421	OK	 
REQUEST	Create Claim	1		TX02_CMC_Login_SubmitLogin Redirect 2	1520433254424	1520433255077	OK	 
REQUEST	Create Claim	1		TX03_CMC_Eligibility_MakeNewClaim	1520433270077	1520433270217	OK	 
REQUEST	Create Claim	1		TX04_CMC_Eligibility_FindoutEligibilityPage	1520433285219	1520433285472	OK	 
REQUEST	Create Claim	1		TX05_CMC_Eligibility_TotalAmountYouAreclaiming	1520433300469	1520433300728	OK	 
REQUEST	Create Claim	1		TX06_CMC_Eligibility_TotalAmountYouAreclaiming	1520433315729	1520433316168	OK	 
REQUEST	Create Claim	1		TX06_CMC_Eligibility_TotalAmountYouAreclaiming Redirect 1	1520433316171	1520433316504	OK	 
REQUEST	Create Claim	1		TX07_CMC_Eligibility_HelpWithCourtyFees	1520433331509	1520433332449	OK	 
REQUEST	Create Claim	1		TX07_CMC_Eligibility_HelpWithCourtyFees Redirect 1	1520433332451	1520433332827	OK	 
REQUEST	Create Claim	1		TX08_CMC_Eligibility_ClaimantAddress	1520433347829	1520433348323	OK	 
REQUEST	Create Claim	1		TX08_CMC_Eligibility_ClaimantAddress Redirect 1	1520433348325	1520433348891	OK	 
REQUEST	Create Claim	1		TX09_CMC_Eligibility_DefendantAddress	1520433363889	1520433364400	OK	 
REQUEST	Create Claim	1		TX09_CMC_Eligibility_DefendantAddress Redirect 1	1520433364402	1520433364844	OK	 
REQUEST	Create Claim	1		TX010_CMC_Eligibility_Over18	1520433379849	1520433380272	OK	 
REQUEST	Create Claim	1		TX010_CMC_Eligibility_Over18 Redirect 1	1520433380274	1520433380604	OK	 
REQUEST	Create Claim	1		TX011_CMC_Eligibility_SingleClaimant	1520433395609	1520433396043	OK	 
REQUEST	Create Claim	1		TX011_CMC_Eligibility_SingleClaimant Redirect 1	1520433396044	1520433396480	OK	 
REQUEST	Create Claim	1		TX012_CMC_Eligibility_SingleDefendant	1520433411479	1520433412016	OK	 
REQUEST	Create Claim	1		TX012_CMC_Eligibility_SingleDefendant Redirect 1	1520433412018	1520433412363	OK	 
REQUEST	Create Claim	1		TX013_CMC_Eligibility_GovernmentDepartment	1520433427357	1520433427792	OK	 
REQUEST	Create Claim	1		TX013_CMC_Eligibility_GovernmentDepartment Redirect 1	1520433427794	1520433428132	OK	 
REQUEST	Create Claim	1		TX014_CMC_Eligibility_TenancyDeposit	1520433443140	1520433443965	OK	 
REQUEST	Create Claim	1		TX014_CMC_Eligibility_TenancyDeposit Redirect 1	1520433443967	1520433444501	OK	 
REQUEST	Create Claim	1		TX015_CMC_ResolvingThisDispute_Tasklist	1520433459498	1520433459967	OK	 
REQUEST	Create Claim	1		TX016_CMC_ResolvingThisDispute_ResolvingThisDispute-GET	1520433474969	1520433475685	OK	 
REQUEST	Create Claim	1		TX017_CMC_ResolvingThisDispute_ResolvingThisDispute-POST	1520433490687	1520433491149	OK	 
REQUEST	Create Claim	1		TX017_CMC_ResolvingThisDispute_ResolvingThisDispute-POST Redirect 1	1520433491152	1520433491433	OK	 
REQUEST	Create Claim	1		TX018_CMC_Completingclaim_CompletingClaim-GET	1520433506429	1520433507167	OK	 
REQUEST	Create Claim	1		TX019_CMC_Completingclaim_CompletingClaim-POST	1520433522179	1520433522572	OK	 
REQUEST	Create Claim	1		TX019_CMC_Completingclaim_CompletingClaim-POST Redirect 1	1520433522574	1520433522886	OK	 
REQUEST	Create Claim	1		TX020_CMC_YourDetail_PartyTypeSelection-GET	1520433537888	1520433538630	OK	 
REQUEST	Create Claim	1		TX021_CMC_YourDetail_PartyTypeSelection-POST	1520433553617	1520433554150	OK	 
REQUEST	Create Claim	1		TX021_CMC_YourDetail_PartyTypeSelection-POST Redirect 1	1520433554151	1520433554512	OK	 
REQUEST	Create Claim	1		TX022_CMC_YourDetail_YourDetails-POST	1520433569520	1520433570332	OK	 
REQUEST	Create Claim	1		TX022_CMC_YourDetail_YourDetails-POST Redirect 1	1520433570333	1520433570662	OK	 
REQUEST	Create Claim	1		TX023_CMC_YourDetail_DateOfBirth-POST	1520433585668	1520433586203	OK	 
REQUEST	Create Claim	1		TX023_CMC_YourDetail_DateOfBirth-POST Redirect 1	1520433586205	1520433586632	OK	 
REQUEST	Create Claim	1		TX024_CMC_YourDetail_AddPhoneNumber-POST	1520433601629	1520433601968	OK	 
REQUEST	Create Claim	1		TX024_CMC_YourDetail_AddPhoneNumber-POST Redirect 1	1520433601969	1520433602247	OK	 
REQUEST	Create Claim	1		TX025_CMC_TheirDetail_PartyTypeSelection_GET	1520433617257	1520433617546	OK	 
REQUEST	Create Claim	1		TX026_CMC_TheirDetail_PartyTypeSelection_POST	1520433632549	1520433633100	OK	 
REQUEST	Create Claim	1		TX026_CMC_TheirDetail_PartyTypeSelection_POST Redirect 1	1520433633102	1520433633442	OK	 
REQUEST	Create Claim	1		TX027_CMC_TheirDetail_TheirDetails_POST	1520433648428	1520433649107	OK	 
REQUEST	Create Claim	1		TX027_CMC_TheirDetail_TheirDetails_POST Redirect 1	1520433649108	1520433649394	OK	 
REQUEST	Create Claim	1		TX028_CMC_TheirDetail_EmailAddress_POST	1520433664400	1520433664862	OK	 
REQUEST	Create Claim	1		TX028_CMC_TheirDetail_EmailAddress_POST Redirect 1	1520433664863	1520433665189	OK	 
REQUEST	Create Claim	1		TX029_CMC_ClaimAmout_ClaimAmount_GET	1520433680188	1520433680544	OK	 
REQUEST	Create Claim	1		TX030_CMC_ClaimAmout_ClaimAmount_POST	1520433695548	1520433695970	OK	 
REQUEST	Create Claim	1		TX030_CMC_ClaimAmout_ClaimAmount_POST Redirect 1	1520433695972	1520433696314	OK	 
REQUEST	Create Claim	1		TX031_CMC_ClaimAmout_Interest_POST	1520433711317	1520433711745	OK	 
REQUEST	Create Claim	1		TX031_CMC_ClaimAmout_Interest_POST Redirect 1	1520433711747	1520433712372	OK	 
REQUEST	Create Claim	1		TX032_CMC_ClaimAmout_Fees_POST	1520433727367	1520433727717	OK	 
REQUEST	Create Claim	1		TX032_CMC_ClaimAmout_Fees_POST Redirect 1	1520433727719	1520433728245	OK	 
REQUEST	Create Claim	1		TX033_CMC_ClaimAmout_TotalAmount_POST	1520433743249	1520433743591	OK	 
REQUEST	Create Claim	1		TX033_CMC_ClaimAmout_TotalAmount_POST Redirect 1	1520433743593	1520433743911	OK	 
REQUEST	Create Claim	1		TX034_CMC_ClaimDetail_Reason_GET	1520433758919	1520433759377	OK	 
REQUEST	Create Claim	1		TX035_CMC_ClaimDetail_Reason_POST	1520433774379	1520433774828	OK	 
REQUEST	Create Claim	1		TX035_CMC_ClaimDetail_Reason_POST Redirect 1	1520433774830	1520433775160	OK	 
REQUEST	Create Claim	1		TX036_CMC_CheckAndSend_Checkandsend_GET	1520433790159	1520433790744	OK	 
REQUEST	Create Claim	1		TX037_CMC_CheckAndSend_Checkandsend_POST	1520433805749	1520433806158	OK	 
REQUEST	Create Claim	1		TX037_CMC_CheckAndSend_Checkandsend_POST Redirect 1	1520433806159	1520433807695	OK	 
REQUEST	Create Claim	1		TX037_CMC_CheckAndSend_Checkandsend_POST Redirect 2	1520433807697	1520433808104	OK	 
REQUEST	Create Claim	1		TX037_CMC_CheckAndSend_Checkandsend_POST Redirect 3	1520433808105	1520433808425	OK	 
REQUEST	Create Claim	1		TX038_CMC_CardDetail_SubmitCardDetail	1520433823420	1520433823874	OK	 
REQUEST	Create Claim	1		TX038_CMC_CardDetail_SubmitCardDetail Redirect 1	1520433823875	1520433823991	OK	 
REQUEST	Create Claim	1		TX039_CMC_CardDetail_ConfirmCardDetail	1520433838987	1520433839179	OK	 
REQUEST	Create Claim	1		TX039_CMC_CardDetail_ConfirmCardDetail Redirect 1	1520433839181	1520433839262	OK	 
REQUEST	Create Claim	1		TX039_CMC_CardDetail_ConfirmCardDetail Redirect 2	1520433839264	1520433842102	OK	 
REQUEST	Create Claim	1		TX039_CMC_CardDetail_ConfirmCardDetail Redirect 3	1520433842103	1520433842241	OK	 
REQUEST	Create Claim	1		TX050_CMC_Logout	1520433857248	1520433857463	OK	 
REQUEST	Create Claim	1		TX050_CMC_Logout Redirect 1	1520433857465	1520433857510	OK	 
REQUEST	Create Claim	1		TX050_CMC_Logout Redirect 2	1520433857512	1520433857555	OK	 
REQUEST	Create Claim	1		TX050_CMC_Logout Redirect 3	1520433857557	1520433857724	OK	 
USER	Create Claim	1	END	1520433238054	1520433872718
