RUN	uk.gov.hmcts.reform.cmc.performance.simulations.CreateClaimSimulation		createclaimsimulation	1519941011144	 	2.0
USER	Create Claim	1	START	1519941011685	1519941011685
REQUEST	Create Claim	1		Trigger login	1519941011709	1519941012078	OK	 
REQUEST	Create Claim	1		Trigger login Redirect 1	1519941012108	1519941012155	OK	 
REQUEST	Create Claim	1		Trigger login Redirect 2	1519941012159	1519941012606	OK	 
REQUEST	Create Claim	1		Login - submit	1519941017637	1519941018211	OK	 
REQUEST	Create Claim	1		Make a new money claim	1519941028210	1519941028263	OK	 
REQUEST	Create Claim	1		Make a new money claim Redirect 1	1519941028266	1519941028549	OK	 
REQUEST	Create Claim	1		Eligibility start	1519941028552	1519941028589	OK	 
REQUEST	Create Claim	1		Eligibility start Redirect 1	1519941028591	1519941028777	OK	 
REQUEST	Create Claim	1		Find out if you can use this service	1519941030772	1519941030825	OK	 
REQUEST	Create Claim	1		Find out if you can use this service Redirect 1	1519941030827	1519941031028	OK	 
REQUEST	Create Claim	1		Eligibility - Total amount you’re claiming	1519941033032	1519941033156	OK	 
REQUEST	Create Claim	1		Eligibility - help with fees POST	1519941035150	1519941035271	OK	 
REQUEST	Create Claim	1		Eligibility - claimant address POST	1519941037282	1519941037412	OK	 
REQUEST	Create Claim	1		Eligibility - defendant address POST	1519941039411	1519941039551	OK	 
REQUEST	Create Claim	1		Eligibility - over 18 POST	1519941041550	1519941041675	OK	 
REQUEST	Create Claim	1		Eligibility - PERSONAL_CLAIM claimant POST	1519941043682	1519941043944	OK	 
REQUEST	Create Claim	1		Eligibility - single defendant POST	1519941045943	1519941046028	OK	 
REQUEST	Create Claim	1		Eligibility - government department POST	1519941048022	1519941048165	OK	 
REQUEST	Create Claim	1		Eligibility - tenancy deposit POST	1519941050172	1519941050292	OK	 
REQUEST	Create Claim	1		Eligible Continue	1519941052290	1519941052466	OK	 
REQUEST	Create Claim	1		Task list - GET	1519941054472	1519941054602	OK	 
REQUEST	Create Claim	1		Task list - GET Redirect 1	1519941054605	1519941054781	OK	 
REQUEST	Create Claim	1		Resolving this dispute - GET	1519941056782	1519941056827	OK	 
REQUEST	Create Claim	1		Resolving this dispute - GET Redirect 1	1519941056829	1519941056995	OK	 
REQUEST	Create Claim	1		Resolving this dispute - POST	1519941057990	1519941058107	OK	 
REQUEST	Create Claim	1		Completing claim - GET	1519941060112	1519941060157	OK	 
REQUEST	Create Claim	1		Completing claim - GET Redirect 1	1519941060159	1519941060338	OK	 
REQUEST	Create Claim	1		Completing claim - POST	1519941062340	1519941062483	OK	 
REQUEST	Create Claim	1		Party type selection - GET	1519941064482	1519941064529	OK	 
REQUEST	Create Claim	1		Party type selection - GET Redirect 1	1519941064531	1519941064685	OK	 
REQUEST	Create Claim	1		Party type selection - POST	1519941066690	1519941066815	OK	 
REQUEST	Create Claim	1		Your details - POST	1519941069811	1519941069940	OK	 
REQUEST	Create Claim	1		Date of birth - POST	1519941071953	1519941072088	OK	 
REQUEST	Create Claim	1		Mobile number - POST	1519941074092	1519941074251	OK	 
REQUEST	Create Claim	1		Party type selection - GET	1519941075239	1519941075317	OK	 
REQUEST	Create Claim	1		Party type selection - GET Redirect 1	1519941075318	1519941075515	OK	 
REQUEST	Create Claim	1		Party type selection - POST	1519941077522	1519941077632	OK	 
REQUEST	Create Claim	1		Their details - POST	1519941080632	1519941080742	OK	 
REQUEST	Create Claim	1		Email address - POST	1519941082742	1519941083197	OK	 
REQUEST	Create Claim	1		Amount - GET	1519941085190	1519941085239	OK	 
REQUEST	Create Claim	1		Amount - GET Redirect 1	1519941085241	1519941085487	OK	 
REQUEST	Create Claim	1		Amount - POST	1519941087492	1519941087617	OK	 
REQUEST	Create Claim	1		Interest - POST	1519941090622	1519941090867	OK	 
REQUEST	Create Claim	1		Fees - POST	1519941092862	1519941092991	OK	 
REQUEST	Create Claim	1		Total - POST	1519941095000	1519941095128	OK	 
REQUEST	Create Claim	1		Reason - GET	1519941096130	1519941096178	OK	 
REQUEST	Create Claim	1		Reason - GET Redirect 1	1519941096180	1519941096352	OK	 
REQUEST	Create Claim	1		Reason - POST	1519941098352	1519941098477	OK	 
REQUEST	Create Claim	1		Check and send - GET	1519941100482	1519941100595	OK	 
REQUEST	Create Claim	1		Check and send - GET Redirect 1	1519941100597	1519941100778	OK	 
USER	Create Claim	1	END	1519941011685	1519941102782
