RUN	uk.gov.hmcts.reform.cmc.performance.simulations.CreateClaimSimulation		createclaimsimulation	1519855123607	 	2.0
USER	Create Claim	1	START	1519855124085	1519855124085
REQUEST	Create Claim	1		Trigger login	1519855124116	1519855124296	OK	 
REQUEST	Create Claim	1		Trigger login Redirect 1	1519855124327	1519855124364	OK	 
REQUEST	Create Claim	1		Trigger login Redirect 2	1519855124367	1519855124741	OK	 
REQUEST	Create Claim	1		govuk-template.css?0.23.0 Redirect 2	1519855124903	1519855125242	OK	 
REQUEST	Create Claim	1		gov.uk_logotype_crown_invert_trans.png?0.23.0 Redirect 2	1519855124910	1519855125306	OK	 
REQUEST	Create Claim	1		govuk-template.js?0.23.0 Redirect 2	1519855125262	1519855125332	OK	 
REQUEST	Create Claim	1		govuk-template-print.css?0.23.0 Redirect 2	1519855124904	1519855125342	OK	 
REQUEST	Create Claim	1		details.polyfill.js Redirect 2	1519855125308	1519855125476	OK	 
REQUEST	Create Claim	1		selection-buttons.js Redirect 2	1519855125348	1519855125544	OK	 
REQUEST	Create Claim	1		shim-links-with-button-role.js Redirect 2	1519855125479	1519855125624	OK	 
REQUEST	Create Claim	1		show-hide-content.js Redirect 2	1519855125547	1519855125696	OK	 
REQUEST	Create Claim	1		favicon.ico?0.23.0 Redirect 2	1519855124907	1519855125697	OK	 
REQUEST	Create Claim	1		application.js Redirect 2	1519855125627	1519855125728	OK	 
REQUEST	Create Claim	1		application.css Redirect 2	1519855124909	1519855126085	OK	 
REQUEST	Create Claim	1		jquery-1.11.3.js Redirect 2	1519855125336	1519855126569	OK	 
REQUEST	Create Claim	1		fonts.css?0.23.0 Redirect 2	1519855124906	1519855126702	OK	 
REQUEST	Create Claim	1		Login - submit	1519855127797	1519855128273	OK	 
REQUEST	Create Claim	1		Login - submit Redirect 1	1519855128275	1519855128886	OK	 
REQUEST	Create Claim	1		Login - submit Redirect 2	1519855128889	1519855129311	KO	regex(Make a money claim).find.exists, found nothing
USER	Create Claim	1	END	1519855124085	1519855130315
