RUN	uk.gov.hmcts.reform.cmc.performance.simulations.CreateClaimSimulation		createclaimsimulation	1526642533723	 	2.0
USER	Create Claim	1	START	1526642534359	1526642534359
REQUEST	Create Claim	1		TX01_CMC_Login_LandingLoginPage	1526642534390	1526642534497	OK	 
REQUEST	Create Claim	1		TX01_CMC_Login_LandingLoginPage Redirect 1	1526642534524	1526642534553	OK	 
REQUEST	Create Claim	1		TX01_CMC_Login_LandingLoginPage Redirect 2	1526642534555	1526642534773	OK	 
REQUEST	Create Claim	1		TX02_CMC_Login_SubmitLogin	1526642537814	1526642538144	OK	 
REQUEST	Create Claim	1		TX02_CMC_Login_SubmitLogin Redirect 1	1526642538146	1526642539215	OK	 
REQUEST	Create Claim	1		TX02_CMC_Login_SubmitLogin Redirect 2	1526642539219	1526642539457	OK	 
REQUEST	Create Claim	1		TX05_CMC_Eligibility_TotalAmountYouAreclaiming_GET	1526642542454	1526642542646	OK	 
REQUEST	Create Claim	1		TX06_CMC_Eligibility_TotalAmountYouAreclaiming_POST	1526642545644	1526642545835	OK	 
REQUEST	Create Claim	1		TX06_CMC_Eligibility_TotalAmountYouAreclaiming_POST Redirect 1	1526642545837	1526642546037	OK	 
REQUEST	Create Claim	1		TX07_CMC_Eligibility_HelpWithCourtyFees	1526642549043	1526642549282	OK	 
REQUEST	Create Claim	1		TX07_CMC_Eligibility_HelpWithCourtyFees Redirect 1	1526642549285	1526642549482	OK	 
REQUEST	Create Claim	1		TX08_CMC_Eligibility_ClaimantAddress	1526642552485	1526642552670	OK	 
REQUEST	Create Claim	1		TX08_CMC_Eligibility_ClaimantAddress Redirect 1	1526642552671	1526642552857	OK	 
REQUEST	Create Claim	1		TX09_CMC_Eligibility_DefendantAddress	1526642555857	1526642556048	OK	 
REQUEST	Create Claim	1		TX09_CMC_Eligibility_DefendantAddress Redirect 1	1526642556049	1526642556236	OK	 
REQUEST	Create Claim	1		TX010_CMC_Eligibility_Over18	1526642559233	1526642559427	OK	 
REQUEST	Create Claim	1		TX010_CMC_Eligibility_Over18 Redirect 1	1526642559430	1526642559627	OK	 
REQUEST	Create Claim	1		TX010_CMC_Eligibility_DefendantAge	1526642562626	1526642562812	OK	 
REQUEST	Create Claim	1		TX010_CMC_Eligibility_DefendantAge Redirect 1	1526642562815	1526642563005	OK	 
REQUEST	Create Claim	1		TX011_CMC_Eligibility_SingleClaimant	1526642566016	1526642566217	OK	 
REQUEST	Create Claim	1		TX011_CMC_Eligibility_SingleClaimant Redirect 1	1526642566221	1526642566422	OK	 
REQUEST	Create Claim	1		TX012_CMC_Eligibility_SingleDefendant	1526642569417	1526642569623	OK	 
REQUEST	Create Claim	1		TX012_CMC_Eligibility_SingleDefendant Redirect 1	1526642569626	1526642569831	OK	 
REQUEST	Create Claim	1		TX013_CMC_Eligibility_GovernmentDepartment	1526642572827	1526642573037	OK	 
REQUEST	Create Claim	1		TX013_CMC_Eligibility_GovernmentDepartment Redirect 1	1526642573041	1526642573239	OK	 
REQUEST	Create Claim	1		TX014_CMC_Eligibility_TenancyDeposit	1526642576236	1526642576425	OK	 
REQUEST	Create Claim	1		TX014_CMC_Eligibility_TenancyDeposit Redirect 1	1526642576427	1526642576615	OK	 
REQUEST	Create Claim	1		TX015_CMC_ResolvingThisDispute_Tasklist	1526642579618	1526642579967	OK	 
REQUEST	Create Claim	1		TX016_CMC_ResolvingThisDispute_ResolvingThisDispute-GET	1526642582975	1526642583240	OK	 
REQUEST	Create Claim	1		TX017_CMC_ResolvingThisDispute_ResolvingThisDispute-POST	1526642586249	1526642586662	OK	 
REQUEST	Create Claim	1		TX017_CMC_ResolvingThisDispute_ResolvingThisDispute-POST Redirect 1	1526642586665	1526642586952	OK	 
REQUEST	Create Claim	1		TX018_CMC_Completingclaim_CompletingClaim-GET	1526642589944	1526642590263	OK	 
REQUEST	Create Claim	1		TX019_CMC_Completingclaim_CompletingClaim-POST	1526642593258	1526642593637	OK	 
REQUEST	Create Claim	1		TX019_CMC_Completingclaim_CompletingClaim-POST Redirect 1	1526642593640	1526642593896	OK	 
REQUEST	Create Claim	1		TX020_CMC_YourDetail_PartyTypeSelection-GET	1526642596907	1526642597188	OK	 
REQUEST	Create Claim	1		TX021_CMC_YourDetail_PartyTypeSelection-POST	1526642600186	1526642600579	OK	 
REQUEST	Create Claim	1		TX021_CMC_YourDetail_PartyTypeSelection-POST Redirect 1	1526642600581	1526642600919	OK	 
REQUEST	Create Claim	1		TX022_CMC_YourDetail_YourDetails-POST	1526642603915	1526642604468	OK	 
REQUEST	Create Claim	1		TX022_CMC_YourDetail_YourDetails-POST Redirect 1	1526642604469	1526642604776	OK	 
REQUEST	Create Claim	1		TX023_CMC_YourDetail_DateOfBirth-POST	1526642607775	1526642608120	OK	 
REQUEST	Create Claim	1		TX023_CMC_YourDetail_DateOfBirth-POST Redirect 1	1526642608121	1526642608408	OK	 
REQUEST	Create Claim	1		TX024_CMC_YourDetail_AddPhoneNumber-POST	1526642611415	1526642611786	OK	 
REQUEST	Create Claim	1		TX024_CMC_YourDetail_AddPhoneNumber-POST Redirect 1	1526642611787	1526642612061	OK	 
REQUEST	Create Claim	1		TX025_CMC_TheirDetail_PartyTypeSelection_GET	1526642615054	1526642615340	OK	 
REQUEST	Create Claim	1		TX026_CMC_TheirDetail_PartyTypeSelection_POST	1526642618335	1526642618706	OK	 
REQUEST	Create Claim	1		TX026_CMC_TheirDetail_PartyTypeSelection_POST Redirect 1	1526642618707	1526642618972	OK	 
REQUEST	Create Claim	1		TX027_CMC_TheirDetail_TheirDetails_POST	1526642621984	1526642622439	OK	 
REQUEST	Create Claim	1		TX027_CMC_TheirDetail_TheirDetails_POST Redirect 1	1526642622441	1526642622756	OK	 
REQUEST	Create Claim	1		TX028_CMC_TheirDetail_EmailAddress_POST	1526642625746	1526642626106	OK	 
REQUEST	Create Claim	1		TX028_CMC_TheirDetail_EmailAddress_POST Redirect 1	1526642626108	1526642626408	OK	 
REQUEST	Create Claim	1		TX029_CMC_ClaimAmout_ClaimAmount_GET	1526642629426	1526642629730	OK	 
REQUEST	Create Claim	1		TX030_CMC_ClaimAmout_ClaimAmount_POST	1526642632726	1526642633127	OK	 
REQUEST	Create Claim	1		TX030_CMC_ClaimAmout_ClaimAmount_POST Redirect 1	1526642633131	1526642633402	OK	 
REQUEST	Create Claim	1		TX031_CMC_ClaimAmout_Interest_POST	1526642636396	1526642636724	OK	 
REQUEST	Create Claim	1		TX031_CMC_ClaimAmout_Interest_POST Redirect 1	1526642636725	1526642637702	OK	 
REQUEST	Create Claim	1		TX033_CMC_ClaimAmout_TotalAmount_POST	1526642640706	1526642640974	OK	 
REQUEST	Create Claim	1		TX033_CMC_ClaimAmout_TotalAmount_POST Redirect 1	1526642640976	1526642641262	OK	 
REQUEST	Create Claim	1		TX034_CMC_ClaimDetail_Reason_GET	1526642644264	1526642644581	OK	 
REQUEST	Create Claim	1		TX035_CMC_ClaimDetail_Reason_POST	1526642647594	1526642648039	OK	 
REQUEST	Create Claim	1		TX035_CMC_ClaimDetail_Reason_POST Redirect 1	1526642648041	1526642648318	OK	 
REQUEST	Create Claim	1		TX035_CMC_ClaimDetail_Timeline_POST	1526642651308	1526642651693	OK	 
REQUEST	Create Claim	1		TX035_CMC_ClaimDetail_Timeline_POST Redirect 1	1526642651693	1526642651985	OK	 
REQUEST	Create Claim	1		TX035.1_CMC_ClaimDetail_Timeline_Evidence_POST	1526642654995	1526642655386	OK	 
REQUEST	Create Claim	1		TX035.1_CMC_ClaimDetail_Timeline_Evidence_POST Redirect 1	1526642655387	1526642655673	OK	 
REQUEST	Create Claim	1		TX036_CMC_CheckAndSend_Checkandsend_GET	1526642658678	1526642659038	OK	 
REQUEST	Create Claim	1		TX037_CMC_CheckAndSend_Checkandsend_POST	1526642662023	1526642662293	OK	 
REQUEST	Create Claim	1		TX037_CMC_CheckAndSend_Checkandsend_POST Redirect 1	1526642662294	1526642663480	OK	 
REQUEST	Create Claim	1		TX037_CMC_CheckAndSend_Checkandsend_POST Redirect 2	1526642663481	1526642664710	OK	 
REQUEST	Create Claim	1		TX037_CMC_CheckAndSend_Checkandsend_POST Redirect 3	1526642664712	1526642664913	OK	 
REQUEST	Create Claim	1		TX038_CMC_CardDetail_SubmitCardDetail	1526642667921	1526642668209	OK	 
REQUEST	Create Claim	1		TX038_CMC_CardDetail_SubmitCardDetail Redirect 1	1526642668210	1526642668365	OK	 
REQUEST	Create Claim	1		TX039_CMC_CardDetail_ConfirmCardDetail	1526642671377	1526642671630	OK	 
REQUEST	Create Claim	1		TX039_CMC_CardDetail_ConfirmCardDetail Redirect 1	1526642671632	1526642671760	OK	 
REQUEST	Create Claim	1		TX039_CMC_CardDetail_ConfirmCardDetail Redirect 2	1526642671761	1526642673785	OK	 
REQUEST	Create Claim	1		TX039_CMC_CardDetail_ConfirmCardDetail Redirect 3	1526642673786	1526642674001	OK	 
USER	Create Claim	1	END	1526642534359	1526642676997
