RUN	uk.gov.hmcts.reform.cmc.performance.simulations.CreateClaimSimulation		createclaimsimulation	1520282062719	 	2.0
USER	Create Claim	1	START	1520282063404	1520282063404
REQUEST	Create Claim	1		Trigger login	1520282063429	1520282063634	OK	 
REQUEST	Create Claim	1		Trigger login Redirect 1	1520282063666	1520282063731	OK	 
REQUEST	Create Claim	1		Trigger login Redirect 2	1520282063733	1520282064030	OK	 
REQUEST	Create Claim	1		Login - submit	1520282069055	1520282069488	OK	 
REQUEST	Create Claim	1		Login - submit Redirect 1	1520282069490	1520282070204	OK	 
REQUEST	Create Claim	1		Login - submit Redirect 2	1520282070207	1520282070750	OK	 
REQUEST	Create Claim	1		Make a new money claim	1520282080762	1520282080907	OK	 
REQUEST	Create Claim	1		Eligibility start	1520282080911	1520282081060	OK	 
REQUEST	Create Claim	1		Find out if you can use this service	1520282083049	1520282083342	OK	 
REQUEST	Create Claim	1		Eligibility - Total amount you’re claiming	1520282085348	1520282085460	OK	 
REQUEST	Create Claim	1		Eligibility - help with fees POST	1520282087459	1520282087569	OK	 
REQUEST	Create Claim	1		Eligibility - claimant address POST	1520282089568	1520282089684	OK	 
REQUEST	Create Claim	1		Eligibility - defendant address POST	1520282091689	1520282091802	OK	 
REQUEST	Create Claim	1		Eligibility - over 18 POST	1520282093798	1520282093926	OK	 
REQUEST	Create Claim	1		Eligibility - PERSONAL_CLAIM claimant POST	1520282095937	1520282096059	OK	 
REQUEST	Create Claim	1		Eligibility - single defendant POST	1520282098058	1520282098150	OK	 
REQUEST	Create Claim	1		Eligibility - government department POST	1520282100148	1520282100236	OK	 
REQUEST	Create Claim	1		Eligibility - tenancy deposit POST	1520282102240	1520282102321	OK	 
REQUEST	Create Claim	1		Eligible Continue	1520282104318	1520282104461	OK	 
REQUEST	Create Claim	1		Task list - GET	1520282106457	1520282106756	OK	 
REQUEST	Create Claim	1		Resolving this dispute - GET	1520282108769	1520282109157	OK	 
REQUEST	Create Claim	1		Resolving this dispute - POST	1520282110160	1520282110652	OK	 
REQUEST	Create Claim	1		Resolving this dispute - POST Redirect 1	1520282110654	1520282110960	OK	 
REQUEST	Create Claim	1		Completing claim - GET	1520282112957	1520282113314	OK	 
REQUEST	Create Claim	1		Completing claim - POST	1520282115319	1520282115773	OK	 
REQUEST	Create Claim	1		Completing claim - POST Redirect 1	1520282115775	1520282116081	OK	 
REQUEST	Create Claim	1		Party type selection - GET	1520282118069	1520282118435	OK	 
REQUEST	Create Claim	1		Party type selection - POST	1520282120449	1520282120893	OK	 
REQUEST	Create Claim	1		Party type selection - POST Redirect 1	1520282120894	1520282121266	OK	 
REQUEST	Create Claim	1		Your details - POST	1520282124258	1520282124966	OK	 
REQUEST	Create Claim	1		Your details - POST Redirect 1	1520282124968	1520282125223	OK	 
REQUEST	Create Claim	1		Date of birth - POST	1520282127218	1520282127650	OK	 
REQUEST	Create Claim	1		Date of birth - POST Redirect 1	1520282127652	1520282127958	OK	 
REQUEST	Create Claim	1		Mobile number - POST	1520282129968	1520282130417	OK	 
REQUEST	Create Claim	1		Mobile number - POST Redirect 1	1520282130419	1520282130857	OK	 
REQUEST	Create Claim	1		Party type selection - GET	1520282131859	1520282132189	OK	 
REQUEST	Create Claim	1		Party type selection - POST	1520282134188	1520282134718	OK	 
REQUEST	Create Claim	1		Party type selection - POST Redirect 1	1520282134720	1520282135056	OK	 
REQUEST	Create Claim	1		Their details - POST	1520282138049	1520282138646	OK	 
REQUEST	Create Claim	1		Email address - POST	1520282140658	1520282141006	OK	 
REQUEST	Create Claim	1		Amount - GET	1520282143008	1520282143391	OK	 
REQUEST	Create Claim	1		Amount - POST	1520282145388	1520282145878	OK	 
REQUEST	Create Claim	1		Amount - POST Redirect 1	1520282145880	1520282146223	OK	 
REQUEST	Create Claim	1		Interest - POST	1520282149219	1520282149668	OK	 
REQUEST	Create Claim	1		Interest - POST Redirect 1	1520282149670	1520282150411	OK	 
REQUEST	Create Claim	1		Fees - POST	1520282152408	1520282152740	OK	 
REQUEST	Create Claim	1		Fees - POST Redirect 1	1520282152742	1520282153178	OK	 
REQUEST	Create Claim	1		Total - POST	1520282155190	1520282155606	OK	 
REQUEST	Create Claim	1		Total - POST Redirect 1	1520282155608	1520282155959	OK	 
REQUEST	Create Claim	1		Reason - GET	1520282156958	1520282157202	OK	 
REQUEST	Create Claim	1		Reason - POST	1520282159199	1520282159594	OK	 
REQUEST	Create Claim	1		Reason - POST Redirect 1	1520282159596	1520282159938	OK	 
REQUEST	Create Claim	1		Check and send - GET	1520282161939	1520282162264	OK	 
REQUEST	Create Claim	1		Check and send - GET Redirect 1	1520282162266	1520282162572	OK	 
USER	Create Claim	1	END	1520282063404	1520282164580
