RUN	uk.gov.hmcts.reform.cmc.performance.simulations.CreateClaimSimulation		createclaimsimulation	1519936401329	 	2.0
USER	Create Claim	1	START	1519936402027	1519936402027
REQUEST	Create Claim	1		Trigger login	1519936402058	1519936402792	OK	 
REQUEST	Create Claim	1		Trigger login Redirect 1	1519936402814	1519936402857	OK	 
REQUEST	Create Claim	1		Trigger login Redirect 2	1519936402859	1519936403332	OK	 
REQUEST	Create Claim	1		Login - submit	1519936408362	1519936408852	OK	 
REQUEST	Create Claim	1		Login - submit Redirect 1	1519936408854	1519936409552	OK	 
REQUEST	Create Claim	1		Login - submit Redirect 2	1519936409554	1519936410175	OK	 
REQUEST	Create Claim	1		Make a new money claim	1519936420177	1519936420483	OK	 
REQUEST	Create Claim	1		Eligibility start	1519936420486	1519936420603	OK	 
REQUEST	Create Claim	1		Find out if you can use this service	1519936422595	1519936422897	OK	 
REQUEST	Create Claim	1		Eligibility - Total amount you’re claiming	1519936424907	1519936425073	OK	 
REQUEST	Create Claim	1		Eligibility - help with fees POST	1519936427077	1519936427193	OK	 
REQUEST	Create Claim	1		Eligibility - claimant address POST	1519936429197	1519936429311	OK	 
REQUEST	Create Claim	1		Eligibility - defendant address POST	1519936431306	1519936431556	OK	 
REQUEST	Create Claim	1		Eligibility - over 18 POST	1519936433555	1519936433668	OK	 
REQUEST	Create Claim	1		Eligibility - PERSONAL_CLAIM claimant POST	1519936435667	1519936435799	OK	 
REQUEST	Create Claim	1		Eligibility - single defendant POST	1519936437807	1519936437952	OK	 
REQUEST	Create Claim	1		Eligibility - government department POST	1519936439955	1519936440092	OK	 
REQUEST	Create Claim	1		Eligibility - tenancy deposit POST	1519936442087	1519936442232	OK	 
REQUEST	Create Claim	1		Eligible Continue	1519936444225	1519936444406	OK	 
REQUEST	Create Claim	1		Task list - GET	1519936446415	1519936446813	OK	 
REQUEST	Create Claim	1		Resolving this dispute - GET	1519936448815	1519936449229	OK	 
REQUEST	Create Claim	1		Resolving this dispute - POST	1519936450227	1519936450754	OK	 
REQUEST	Create Claim	1		Resolving this dispute - POST Redirect 1	1519936450756	1519936451074	OK	 
REQUEST	Create Claim	1		Completing claim - GET	1519936453075	1519936453376	OK	 
REQUEST	Create Claim	1		Completing claim - POST	1519936455376	1519936455799	OK	 
REQUEST	Create Claim	1		Completing claim - POST Redirect 1	1519936455801	1519936456125	OK	 
REQUEST	Create Claim	1		Party type selection - GET	1519936458137	1519936458548	OK	 
REQUEST	Create Claim	1		Party type selection - POST	1519936460537	1519936460818	OK	 
REQUEST	Create Claim	1		Party type selection - POST Redirect 1	1519936460819	1519936461073	OK	 
REQUEST	Create Claim	1		Your details - POST	1519936464085	1519936464845	OK	 
REQUEST	Create Claim	1		Your details - POST Redirect 1	1519936464846	1519936465153	OK	 
REQUEST	Create Claim	1		Date of birth - POST	1519936467148	1519936467542	OK	 
REQUEST	Create Claim	1		Date of birth - POST Redirect 1	1519936467543	1519936467842	OK	 
REQUEST	Create Claim	1		Mobile number - POST	1519936469845	1519936470373	OK	 
REQUEST	Create Claim	1		Mobile number - POST Redirect 1	1519936470375	1519936470761	OK	 
REQUEST	Create Claim	1		Party type selection - GET	1519936471756	1519936472042	OK	 
REQUEST	Create Claim	1		Party type selection - POST	1519936474034	1519936474601	OK	 
REQUEST	Create Claim	1		Party type selection - POST Redirect 1	1519936474603	1519936475487	OK	 
REQUEST	Create Claim	1		Their details - POST	1519936478497	1519936479511	OK	 
REQUEST	Create Claim	1		Email address - POST	1519936481507	1519936481895	OK	 
REQUEST	Create Claim	1		Amount - GET	1519936483906	1519936484252	OK	 
REQUEST	Create Claim	1		Amount - POST	1519936486247	1519936486707	OK	 
REQUEST	Create Claim	1		Amount - POST Redirect 1	1519936486708	1519936487015	OK	 
REQUEST	Create Claim	1		Interest - POST	1519936490017	1519936490496	OK	 
REQUEST	Create Claim	1		Interest - POST Redirect 1	1519936490497	1519936491112	OK	 
REQUEST	Create Claim	1		Fees - POST	1519936493105	1519936493466	OK	 
REQUEST	Create Claim	1		Fees - POST Redirect 1	1519936493467	1519936493877	OK	 
REQUEST	Create Claim	1		Total - POST	1519936495885	1519936496231	OK	 
REQUEST	Create Claim	1		Total - POST Redirect 1	1519936496232	1519936496539	OK	 
REQUEST	Create Claim	1		Reason - GET	1519936497547	1519936497838	OK	 
REQUEST	Create Claim	1		Reason - POST	1519936499835	1519936500326	OK	 
REQUEST	Create Claim	1		Reason - POST Redirect 1	1519936500327	1519936500635	OK	 
REQUEST	Create Claim	1		Check and send - GET	1519936502635	1519936502990	OK	 
REQUEST	Create Claim	1		Check and send - GET Redirect 1	1519936502991	1519936503297	OK	 
USER	Create Claim	1	END	1519936402027	1519936505298
