RUN	uk.gov.hmcts.reform.cmc.performance.simulations.CreateClaimSimulation		createclaimsimulation	1519937150531	 	2.0
USER	Create Claim	1	START	1519937150989	1519937150989
REQUEST	Create Claim	1		Trigger login	1519937151018	1519937151264	OK	 
REQUEST	Create Claim	1		Trigger login Redirect 1	1519937151287	1519937151322	OK	 
REQUEST	Create Claim	1		Trigger login Redirect 2	1519937151324	1519937151707	OK	 
REQUEST	Create Claim	1		Login - submit	1519937156748	1519937157551	OK	 
REQUEST	Create Claim	1		Login - submit Redirect 1	1519937157554	1519937158371	OK	 
REQUEST	Create Claim	1		Login - submit Redirect 2	1519937158373	1519937158896	OK	 
REQUEST	Create Claim	1		Make a new money claim	1519937168900	1519937169024	OK	 
REQUEST	Create Claim	1		Eligibility start	1519937169025	1519937169172	OK	 
REQUEST	Create Claim	1		Find out if you can use this service	1519937171168	1519937171479	OK	 
REQUEST	Create Claim	1		Eligibility - Total amount you’re claiming	1519937173480	1519937173608	OK	 
REQUEST	Create Claim	1		Eligibility - help with fees POST	1519937175612	1519937175741	OK	 
REQUEST	Create Claim	1		Eligibility - claimant address POST	1519937177741	1519937178167	OK	 
REQUEST	Create Claim	1		Eligibility - defendant address POST	1519937180168	1519937180293	OK	 
REQUEST	Create Claim	1		Eligibility - over 18 POST	1519937182291	1519937182420	OK	 
REQUEST	Create Claim	1		Eligibility - PERSONAL_CLAIM claimant POST	1519937184431	1519937184550	OK	 
REQUEST	Create Claim	1		Eligibility - single defendant POST	1519937186550	1519937186674	OK	 
REQUEST	Create Claim	1		Eligibility - government department POST	1519937188670	1519937188788	OK	 
REQUEST	Create Claim	1		Eligibility - tenancy deposit POST	1519937190799	1519937190906	OK	 
REQUEST	Create Claim	1		Eligible Continue	1519937192900	1519937193079	OK	 
REQUEST	Create Claim	1		Task list - GET	1519937195080	1519937195544	OK	 
REQUEST	Create Claim	1		Resolving this dispute - GET	1519937197538	1519937197899	OK	 
REQUEST	Create Claim	1		Resolving this dispute - POST	1519937198911	1519937199434	OK	 
REQUEST	Create Claim	1		Resolving this dispute - POST Redirect 1	1519937199435	1519937199742	OK	 
REQUEST	Create Claim	1		Completing claim - GET	1519937201741	1519937202099	OK	 
REQUEST	Create Claim	1		Completing claim - POST	1519937204101	1519937204656	OK	 
REQUEST	Create Claim	1		Completing claim - POST Redirect 1	1519937204658	1519937204963	OK	 
REQUEST	Create Claim	1		Party type selection - GET	1519937206960	1519937207320	OK	 
REQUEST	Create Claim	1		Party type selection - POST	1519937209321	1519937209776	OK	 
REQUEST	Create Claim	1		Party type selection - POST Redirect 1	1519937209778	1519937210083	OK	 
REQUEST	Create Claim	1		Your details - POST	1519937213080	1519937213769	OK	 
REQUEST	Create Claim	1		Your details - POST Redirect 1	1519937213771	1519937214077	OK	 
REQUEST	Create Claim	1		Date of birth - POST	1519937216081	1519937216536	OK	 
REQUEST	Create Claim	1		Date of birth - POST Redirect 1	1519937216537	1519937216841	OK	 
REQUEST	Create Claim	1		Mobile number - POST	1519937218840	1519937219300	OK	 
REQUEST	Create Claim	1		Mobile number - POST Redirect 1	1519937219301	1519937219608	OK	 
REQUEST	Create Claim	1		Party type selection - GET	1519937220620	1519937220939	OK	 
REQUEST	Create Claim	1		Party type selection - POST	1519937222931	1519937223397	OK	 
REQUEST	Create Claim	1		Party type selection - POST Redirect 1	1519937223398	1519937223705	OK	 
REQUEST	Create Claim	1		Their details - POST	1519937226700	1519937227391	OK	 
REQUEST	Create Claim	1		Email address - POST	1519937229398	1519937229746	OK	 
REQUEST	Create Claim	1		Amount - GET	1519937231739	1519937232099	OK	 
REQUEST	Create Claim	1		Amount - POST	1519937234108	1519937234968	OK	 
REQUEST	Create Claim	1		Amount - POST Redirect 1	1519937234970	1519937235377	OK	 
REQUEST	Create Claim	1		Interest - POST	1519937238381	1519937239065	OK	 
REQUEST	Create Claim	1		Interest - POST Redirect 1	1519937239066	1519937239782	OK	 
REQUEST	Create Claim	1		Fees - POST	1519937241778	1519937242032	OK	 
REQUEST	Create Claim	1		Fees - POST Redirect 1	1519937242034	1519937242444	OK	 
REQUEST	Create Claim	1		Total - POST	1519937244441	1519937244696	OK	 
REQUEST	Create Claim	1		Total - POST Redirect 1	1519937244698	1519937245005	OK	 
REQUEST	Create Claim	1		Reason - GET	1519937246010	1519937246564	OK	 
REQUEST	Create Claim	1		Reason - POST	1519937248558	1519937249100	OK	 
REQUEST	Create Claim	1		Reason - POST Redirect 1	1519937249101	1519937249408	OK	 
REQUEST	Create Claim	1		Check and send - GET	1519937251420	1519937251763	OK	 
REQUEST	Create Claim	1		Check and send - GET Redirect 1	1519937251765	1519937252580	OK	 
USER	Create Claim	1	END	1519937150989	1519937254581
