RUN	uk.gov.hmcts.reform.cmc.performance.simulations.CreateClaimSimulation		createclaimsimulation	1519940091716	 	2.0
USER	Create Claim	1	START	1519940092175	1519940092175
REQUEST	Create Claim	1		Trigger login	1519940092199	1519940092445	OK	 
REQUEST	Create Claim	1		Trigger login Redirect 1	1519940092466	1519940092508	OK	 
REQUEST	Create Claim	1		Trigger login Redirect 2	1519940092510	1519940092899	OK	 
USER	Create Claim	2	START	1519940094295	1519940094295
REQUEST	Create Claim	2		Trigger login	1519940094295	1519940094420	OK	 
REQUEST	Create Claim	2		Trigger login Redirect 1	1519940094421	1519940094458	OK	 
REQUEST	Create Claim	2		Trigger login Redirect 2	1519940094460	1519940094725	OK	 
REQUEST	Create Claim	1		Login - submit	1519940097932	1519940098418	OK	 
REQUEST	Create Claim	2		Login - submit	1519940099755	1519940100364	OK	 
REQUEST	Create Claim	1		Make a new money claim	1519940108415	1519940108471	OK	 
REQUEST	Create Claim	1		Make a new money claim Redirect 1	1519940108472	1519940108623	OK	 
REQUEST	Create Claim	1		Eligibility start	1519940108624	1519940108665	OK	 
REQUEST	Create Claim	1		Eligibility start Redirect 1	1519940108666	1519940108836	OK	 
REQUEST	Create Claim	2		Make a new money claim	1519940110354	1519940110424	OK	 
REQUEST	Create Claim	2		Make a new money claim Redirect 1	1519940110425	1519940110604	OK	 
REQUEST	Create Claim	2		Eligibility start	1519940110605	1519940110646	OK	 
REQUEST	Create Claim	2		Eligibility start Redirect 1	1519940110647	1519940110841	OK	 
REQUEST	Create Claim	1		Find out if you can use this service	1519940110836	1519940110891	OK	 
REQUEST	Create Claim	1		Find out if you can use this service Redirect 1	1519940110892	1519940111041	OK	 
REQUEST	Create Claim	2		Find out if you can use this service	1519940112845	1519940112893	OK	 
REQUEST	Create Claim	2		Find out if you can use this service Redirect 1	1519940112894	1519940113032	OK	 
REQUEST	Create Claim	1		Eligibility - Total amount you’re claiming	1519940113048	1519940113153	OK	 
REQUEST	Create Claim	2		Eligibility - Total amount you’re claiming	1519940115035	1519940115168	OK	 
REQUEST	Create Claim	1		Eligibility - help with fees POST	1519940115155	1519940115260	OK	 
REQUEST	Create Claim	2		Eligibility - help with fees POST	1519940117164	1519940117319	OK	 
REQUEST	Create Claim	1		Eligibility - claimant address POST	1519940117255	1519940117358	OK	 
REQUEST	Create Claim	2		Eligibility - claimant address POST	1519940119325	1519940119437	OK	 
REQUEST	Create Claim	1		Eligibility - defendant address POST	1519940119355	1519940119438	OK	 
REQUEST	Create Claim	1		Eligibility - over 18 POST	1519940121444	1519940121585	OK	 
REQUEST	Create Claim	2		Eligibility - defendant address POST	1519940121435	1519940121585	OK	 
REQUEST	Create Claim	2		Eligibility - over 18 POST	1519940123585	1519940123671	OK	 
REQUEST	Create Claim	1		Eligibility - PERSONAL_CLAIM claimant POST	1519940123585	1519940123705	OK	 
REQUEST	Create Claim	2		Eligibility - PERSONAL_CLAIM claimant POST	1519940125676	1519940125799	OK	 
REQUEST	Create Claim	1		Eligibility - single defendant POST	1519940125705	1519940125830	OK	 
REQUEST	Create Claim	2		Eligibility - single defendant POST	1519940127794	1519940127903	OK	 
REQUEST	Create Claim	1		Eligibility - government department POST	1519940127835	1519940127935	OK	 
REQUEST	Create Claim	2		Eligibility - government department POST	1519940129915	1519940130002	OK	 
REQUEST	Create Claim	1		Eligibility - tenancy deposit POST	1519940129935	1519940130038	OK	 
REQUEST	Create Claim	2		Eligibility - tenancy deposit POST	1519940132006	1519940132109	OK	 
REQUEST	Create Claim	1		Eligible Continue	1519940132035	1519940132199	OK	 
REQUEST	Create Claim	2		Eligible Continue	1519940134094	1519940134235	OK	 
REQUEST	Create Claim	1		Task list - GET	1519940134205	1519940134256	OK	 
REQUEST	Create Claim	1		Task list - GET Redirect 1	1519940134257	1519940134392	OK	 
REQUEST	Create Claim	2		Task list - GET	1519940136245	1519940136292	OK	 
REQUEST	Create Claim	2		Task list - GET Redirect 1	1519940136293	1519940136435	OK	 
REQUEST	Create Claim	1		Resolving this dispute - GET	1519940136395	1519940136460	OK	 
REQUEST	Create Claim	1		Resolving this dispute - GET Redirect 1	1519940136461	1519940136594	OK	 
REQUEST	Create Claim	1		Resolving this dispute - POST	1519940137594	1519940137665	OK	 
REQUEST	Create Claim	2		Resolving this dispute - GET	1519940138434	1519940138480	OK	 
REQUEST	Create Claim	2		Resolving this dispute - GET Redirect 1	1519940138481	1519940138604	OK	 
REQUEST	Create Claim	2		Resolving this dispute - POST	1519940139605	1519940139676	OK	 
REQUEST	Create Claim	1		Completing claim - GET	1519940139665	1519940139735	OK	 
REQUEST	Create Claim	1		Completing claim - GET Redirect 1	1519940139737	1519940139870	OK	 
REQUEST	Create Claim	2		Completing claim - GET	1519940141674	1519940141800	OK	 
REQUEST	Create Claim	1		Completing claim - POST	1519940141865	1519940141942	OK	 
REQUEST	Create Claim	2		Completing claim - GET Redirect 1	1519940141801	1519940141975	OK	 
REQUEST	Create Claim	1		Party type selection - GET	1519940143955	1519940144010	OK	 
REQUEST	Create Claim	2		Completing claim - POST	1519940143984	1519940144066	OK	 
REQUEST	Create Claim	1		Party type selection - GET Redirect 1	1519940144012	1519940144184	OK	 
REQUEST	Create Claim	2		Party type selection - GET	1519940146064	1519940146110	OK	 
REQUEST	Create Claim	2		Party type selection - GET Redirect 1	1519940146111	1519940146252	OK	 
REQUEST	Create Claim	1		Party type selection - POST	1519940146185	1519940146285	OK	 
REQUEST	Create Claim	2		Party type selection - POST	1519940148255	1519940148346	OK	 
REQUEST	Create Claim	1		Your details - POST	1519940149285	1519940149368	OK	 
REQUEST	Create Claim	2		Your details - POST	1519940151345	1519940151441	OK	 
REQUEST	Create Claim	1		Date of birth - POST	1519940151365	1519940151475	OK	 
REQUEST	Create Claim	2		Date of birth - POST	1519940153445	1519940153529	OK	 
REQUEST	Create Claim	1		Mobile number - POST	1519940153476	1519940153562	OK	 
REQUEST	Create Claim	1		Party type selection - GET	1519940154554	1519940154644	OK	 
REQUEST	Create Claim	1		Party type selection - GET Redirect 1	1519940154645	1519940154791	OK	 
REQUEST	Create Claim	2		Mobile number - POST	1519940155526	1519940155599	OK	 
REQUEST	Create Claim	2		Party type selection - GET	1519940156595	1519940156642	OK	 
REQUEST	Create Claim	2		Party type selection - GET Redirect 1	1519940156643	1519940156790	OK	 
REQUEST	Create Claim	1		Party type selection - POST	1519940156795	1519940156878	OK	 
REQUEST	Create Claim	2		Party type selection - POST	1519940158795	1519940158872	OK	 
REQUEST	Create Claim	1		Their details - POST	1519940159885	1519940159963	OK	 
REQUEST	Create Claim	2		Their details - POST	1519940161875	1519940161966	OK	 
REQUEST	Create Claim	1		Email address - POST	1519940161965	1519940162038	OK	 
REQUEST	Create Claim	2		Email address - POST	1519940163965	1519940164052	OK	 
REQUEST	Create Claim	1		Amount - GET	1519940164033	1519940164084	OK	 
REQUEST	Create Claim	1		Amount - GET Redirect 1	1519940164085	1519940164238	OK	 
REQUEST	Create Claim	2		Amount - GET	1519940166055	1519940166103	OK	 
REQUEST	Create Claim	2		Amount - GET Redirect 1	1519940166104	1519940166267	OK	 
REQUEST	Create Claim	1		Amount - POST	1519940166245	1519940166325	OK	 
REQUEST	Create Claim	2		Amount - POST	1519940168263	1519940168354	OK	 
REQUEST	Create Claim	1		Interest - POST	1519940169326	1519940169415	OK	 
REQUEST	Create Claim	2		Interest - POST	1519940171356	1519940171438	OK	 
REQUEST	Create Claim	1		Fees - POST	1519940171415	1519940171487	OK	 
REQUEST	Create Claim	2		Fees - POST	1519940173435	1519940173532	OK	 
REQUEST	Create Claim	1		Total - POST	1519940173485	1519940173569	OK	 
REQUEST	Create Claim	1		Reason - GET	1519940174566	1519940174633	OK	 
REQUEST	Create Claim	1		Reason - GET Redirect 1	1519940174634	1519940174885	OK	 
REQUEST	Create Claim	2		Total - POST	1519940175536	1519940175644	OK	 
REQUEST	Create Claim	2		Reason - GET	1519940176645	1519940176693	OK	 
REQUEST	Create Claim	2		Reason - GET Redirect 1	1519940176694	1519940176837	OK	 
REQUEST	Create Claim	1		Reason - POST	1519940176895	1519940177002	OK	 
REQUEST	Create Claim	2		Reason - POST	1519940178835	1519940178940	OK	 
REQUEST	Create Claim	1		Check and send - GET	1519940178995	1519940179044	OK	 
REQUEST	Create Claim	1		Check and send - GET Redirect 1	1519940179046	1519940179289	OK	 
REQUEST	Create Claim	2		Check and send - GET	1519940180945	1519940181002	OK	 
USER	Create Claim	1	END	1519940092175	1519940181294
REQUEST	Create Claim	2		Check and send - GET Redirect 1	1519940181003	1519940181297	OK	 
USER	Create Claim	2	END	1519940094295	1519940183294
