RUN	uk.gov.hmcts.reform.cmc.performance.simulations.CreateClaimSimulation		createclaimsimulation	1520285749355	 	2.0
USER	Create Claim	1	START	1520285749834	1520285749834
REQUEST	Create Claim	1		Trigger login	1520285749861	1520285750184	OK	 
REQUEST	Create Claim	1		Trigger login Redirect 1	1520285750214	1520285750301	OK	 
REQUEST	Create Claim	1		Trigger login Redirect 2	1520285750305	1520285750705	OK	 
REQUEST	Create Claim	1		Login - submit	1520285755730	1520285756124	OK	 
REQUEST	Create Claim	1		Login - submit Redirect 1	1520285756128	1520285756727	OK	 
REQUEST	Create Claim	1		Login - submit Redirect 2	1520285756730	1520285756929	OK	 
REQUEST	Create Claim	1		Eligibility start	1520285766935	1520285767130	OK	 
REQUEST	Create Claim	1		Eligibility - claim value GET	1520285769133	1520285769566	OK	 
REQUEST	Create Claim	1		Eligibility - claim value POST	1520285769572	1520285770143	OK	 
REQUEST	Create Claim	1		Eligibility - claim value POST Redirect 1	1520285770145	1520285770485	OK	 
REQUEST	Create Claim	1		Eligibility - help with fees POST	1520285770492	1520285770962	OK	 
REQUEST	Create Claim	1		Eligibility - help with fees POST Redirect 1	1520285770964	1520285771299	OK	 
REQUEST	Create Claim	1		Eligibility - claimant address POST	1520285771303	1520285771781	OK	 
REQUEST	Create Claim	1		Eligibility - claimant address POST Redirect 1	1520285771783	1520285772090	OK	 
REQUEST	Create Claim	1		Eligibility - defendant address POST	1520285772093	1520285772600	OK	 
REQUEST	Create Claim	1		Eligibility - defendant address POST Redirect 1	1520285772603	1520285772908	OK	 
REQUEST	Create Claim	1		Eligibility - over 18 POST	1520285772912	1520285773419	OK	 
REQUEST	Create Claim	1		Eligibility - over 18 POST Redirect 1	1520285773421	1520285773757	OK	 
REQUEST	Create Claim	1		Eligibility - single claimant POST	1520285773761	1520285774239	OK	 
REQUEST	Create Claim	1		Eligibility - single claimant POST Redirect 1	1520285774242	1520285774547	OK	 
REQUEST	Create Claim	1		Eligibility - single defendant POST	1520285774551	1520285775059	OK	 
REQUEST	Create Claim	1		Eligibility - single defendant POST Redirect 1	1520285775061	1520285775401	OK	 
REQUEST	Create Claim	1		Eligibility - government department POST	1520285775405	1520285775878	OK	 
REQUEST	Create Claim	1		Eligibility - government department POST Redirect 1	1520285775880	1520285776219	OK	 
REQUEST	Create Claim	1		Eligibility - tenancy deposit POST	1520285776224	1520285776696	OK	 
REQUEST	Create Claim	1		Eligibility - tenancy deposit POST Redirect 1	1520285776698	1520285776844	OK	 
REQUEST	Create Claim	1		Task list - GET	1520285776847	1520285777248	OK	 
REQUEST	Create Claim	1		Resolving this dispute - GET	1520285779205	1520285779619	OK	 
REQUEST	Create Claim	1		Resolving this dispute - POST	1520285780626	1520285781101	OK	 
REQUEST	Create Claim	1		Resolving this dispute - POST Redirect 1	1520285781103	1520285781441	OK	 
REQUEST	Create Claim	1		Completing claim - GET	1520285783435	1520285783763	OK	 
REQUEST	Create Claim	1		Completing claim - POST	1520285785775	1520285786137	OK	 
REQUEST	Create Claim	1		Completing claim - POST Redirect 1	1520285786139	1520285786456	OK	 
REQUEST	Create Claim	1		Party type selection - GET	1520285788456	1520285788813	OK	 
REQUEST	Create Claim	1		Party type selection - POST	1520285790816	1520285791340	OK	 
REQUEST	Create Claim	1		Party type selection - POST Redirect 1	1520285791342	1520285791690	OK	 
REQUEST	Create Claim	1		Your details - POST	1520285794676	1520285795436	OK	 
REQUEST	Create Claim	1		Your details - POST Redirect 1	1520285795437	1520285795743	OK	 
REQUEST	Create Claim	1		Date of birth - POST	1520285797754	1520285798304	OK	 
REQUEST	Create Claim	1		Date of birth - POST Redirect 1	1520285798306	1520285798611	OK	 
REQUEST	Create Claim	1		Mobile number - POST	1520285800604	1520285801069	OK	 
REQUEST	Create Claim	1		Mobile number - POST Redirect 1	1520285801071	1520285801376	OK	 
REQUEST	Create Claim	1		Party type selection - GET	1520285802383	1520285802708	OK	 
REQUEST	Create Claim	1		Party type selection - POST	1520285804705	1520285805165	OK	 
REQUEST	Create Claim	1		Party type selection - POST Redirect 1	1520285805167	1520285805505	OK	 
REQUEST	Create Claim	1		Their details - POST	1520285808515	1520285809261	OK	 
REQUEST	Create Claim	1		Their details - POST Redirect 1	1520285809263	1520285809569	OK	 
REQUEST	Create Claim	1		Email address - POST	1520285811565	1520285812128	OK	 
REQUEST	Create Claim	1		Email address - POST Redirect 1	1520285812130	1520285812539	OK	 
REQUEST	Create Claim	1		Amount - GET	1520285814536	1520285814955	OK	 
REQUEST	Create Claim	1		Amount - POST	1520285816966	1520285817415	OK	 
REQUEST	Create Claim	1		Amount - POST Redirect 1	1520285817417	1520285817793	OK	 
REQUEST	Create Claim	1		Interest - POST	1520285820794	1520285821242	OK	 
REQUEST	Create Claim	1		Interest - POST Redirect 1	1520285821246	1520285821892	OK	 
REQUEST	Create Claim	1		Fees - POST	1520285823895	1520285824212	OK	 
REQUEST	Create Claim	1		Fees - POST Redirect 1	1520285824214	1520285824621	OK	 
REQUEST	Create Claim	1		Total - POST	1520285826625	1520285826883	OK	 
REQUEST	Create Claim	1		Total - POST Redirect 1	1520285826885	1520285827333	OK	 
REQUEST	Create Claim	1		Reason - GET	1520285828323	1520285828763	OK	 
REQUEST	Create Claim	1		Reason - POST	1520285830764	1520285831276	OK	 
REQUEST	Create Claim	1		Reason - POST Redirect 1	1520285831278	1520285831620	OK	 
REQUEST	Create Claim	1		Check and send - GET	1520285833616	1520285834320	OK	 
USER	Create Claim	1	END	1520285749834	1520285836326
