RUN	uk.gov.hmcts.reform.cmc.performance.simulations.CreateClaimSimulation		createclaimsimulation	1519939688180	 	2.0
USER	Create Claim	1	START	1519939688689	1519939688689
REQUEST	Create Claim	1		Trigger login	1519939688719	1519939689016	OK	 
REQUEST	Create Claim	1		Trigger login Redirect 1	1519939689038	1519939689089	OK	 
REQUEST	Create Claim	1		Trigger login Redirect 2	1519939689091	1519939689523	OK	 
REQUEST	Create Claim	1		Login - submit	1519939694552	1519939695074	OK	 
REQUEST	Create Claim	1		Make a new money claim	1519939705075	1519939705137	OK	 
REQUEST	Create Claim	1		Make a new money claim Redirect 1	1519939705139	1519939705332	OK	 
REQUEST	Create Claim	1		Eligibility start	1519939705334	1519939705378	OK	 
REQUEST	Create Claim	1		Eligibility start Redirect 1	1519939705380	1519939705556	OK	 
REQUEST	Create Claim	1		Find out if you can use this service	1519939707553	1519939707632	OK	 
REQUEST	Create Claim	1		Find out if you can use this service Redirect 1	1519939707633	1519939707812	OK	 
REQUEST	Create Claim	1		Eligibility - Total amount you’re claiming	1519939709817	1519939709942	OK	 
REQUEST	Create Claim	1		Eligibility - help with fees POST	1519939711944	1519939712082	OK	 
REQUEST	Create Claim	1		Eligibility - claimant address POST	1519939714084	1519939714204	OK	 
REQUEST	Create Claim	1		Eligibility - defendant address POST	1519939716206	1519939716290	OK	 
REQUEST	Create Claim	1		Eligibility - over 18 POST	1519939718285	1519939718396	OK	 
REQUEST	Create Claim	1		Eligibility - PERSONAL_CLAIM claimant POST	1519939720395	1519939720508	OK	 
REQUEST	Create Claim	1		Eligibility - single defendant POST	1519939722515	1519939722638	OK	 
REQUEST	Create Claim	1		Eligibility - government department POST	1519939724635	1519939724764	OK	 
REQUEST	Create Claim	1		Eligibility - tenancy deposit POST	1519939726774	1519939726902	OK	 
REQUEST	Create Claim	1		Eligible Continue	1519939728904	1519939729171	OK	 
REQUEST	Create Claim	1		Task list - GET	1519939731165	1519939731238	OK	 
REQUEST	Create Claim	1		Task list - GET Redirect 1	1519939731239	1519939731416	OK	 
REQUEST	Create Claim	1		Resolving this dispute - GET	1519939733423	1519939733470	OK	 
REQUEST	Create Claim	1		Resolving this dispute - GET Redirect 1	1519939733472	1519939733776	OK	 
REQUEST	Create Claim	1		Resolving this dispute - POST	1519939734774	1519939734876	OK	 
REQUEST	Create Claim	1		Completing claim - GET	1519939736875	1519939736938	OK	 
REQUEST	Create Claim	1		Completing claim - GET Redirect 1	1519939736940	1519939737130	OK	 
REQUEST	Create Claim	1		Completing claim - POST	1519939739124	1519939739239	OK	 
REQUEST	Create Claim	1		Party type selection - GET	1519939741246	1519939741633	OK	 
REQUEST	Create Claim	1		Party type selection - GET Redirect 1	1519939741635	1519939741940	OK	 
REQUEST	Create Claim	1		Party type selection - POST	1519939743945	1519939744073	OK	 
REQUEST	Create Claim	1		Your details - POST	1519939747075	1519939747192	OK	 
REQUEST	Create Claim	1		Date of birth - POST	1519939749195	1519939749320	OK	 
REQUEST	Create Claim	1		Mobile number - POST	1519939751315	1519939751435	OK	 
REQUEST	Create Claim	1		Party type selection - GET	1519939752445	1519939752524	OK	 
REQUEST	Create Claim	1		Party type selection - GET Redirect 1	1519939752525	1519939752733	OK	 
REQUEST	Create Claim	1		Party type selection - POST	1519939754735	1519939754870	OK	 
REQUEST	Create Claim	1		Their details - POST	1519939757864	1519939757981	OK	 
REQUEST	Create Claim	1		Email address - POST	1519939759984	1519939760124	OK	 
REQUEST	Create Claim	1		Amount - GET	1519939762125	1519939762201	OK	 
REQUEST	Create Claim	1		Amount - GET Redirect 1	1519939762202	1519939762389	OK	 
REQUEST	Create Claim	1		Amount - POST	1519939764382	1519939764508	OK	 
REQUEST	Create Claim	1		Interest - POST	1519939767515	1519939767641	OK	 
REQUEST	Create Claim	1		Fees - POST	1519939769634	1519939769755	OK	 
REQUEST	Create Claim	1		Total - POST	1519939771764	1519939771885	OK	 
REQUEST	Create Claim	1		Reason - GET	1519939772884	1519939772935	OK	 
REQUEST	Create Claim	1		Reason - GET Redirect 1	1519939772936	1519939773172	OK	 
REQUEST	Create Claim	1		Reason - POST	1519939775174	1519939775296	OK	 
REQUEST	Create Claim	1		Check and send - GET	1519939777293	1519939777348	OK	 
REQUEST	Create Claim	1		Check and send - GET Redirect 1	1519939777349	1519939777710	OK	 
USER	Create Claim	1	END	1519939688689	1519939779716
