RUN	uk.gov.hmcts.reform.cmc.performance.simulations.CreateDefendantSimulation		createdefendantsimulation	1527601648445	 	2.0
USER	Create Defendant Response	1	START	1527601649056	1527601649056
REQUEST	Create Defendant Response	1		TX01_CMC_Def_LandingPage	1527601649091	1527601649203	OK	 
REQUEST	Create Defendant Response	1		TX02_CMC_Def_Login_ClaimNumber	1527601652249	1527601652490	OK	 
REQUEST	Create Defendant Response	1		TX02_CMC_Def_Login_ClaimNumber Redirect 1	1527601652494	1527601652693	OK	 
REQUEST	Create Defendant Response	1		TX03_CMC_Def_Login_LoginPage	1527601655690	1527601655743	KO	regex(Claim details).find.exists, found nothing
REQUEST	Create Defendant Response	1		TX04_CMC_Def_FirstContact_ClaimSummary	1527601658763	1527601658817	KO	regex(Claim details).find.exists, found nothing
REQUEST	Create Defendant Response	1		TX05_CMC_Def_Login_Receiver	1527601661801	1527601661851	KO	css((.form-group>input[name='upliftToken'],Some(value))).find.exists, found nothing
GROUP	Failed to build request TX06_CMC_Def_Login_As_Defendant: No attribute named 'continue' is defined 	1527601664878
REQUEST	Create Defendant Response	1		TX07_CMC_Def_Response_dashBoard	1527601667869	1527601668012	KO	regex(Your money claims account).find.exists, found nothing
REQUEST	Create Defendant Response	1		TX08_CMC_Def_Response_Case_TaskList_Get	1527601670994	1527601671039	KO	regex(Respond to a money claim).find.exists, found nothing
REQUEST	Create Defendant Response	1		Response_YourDetails_Get	1527601674044	1527601674090	OK	 
REQUEST	Create Defendant Response	1		Response_YourDetails_Post	1527601677110	1527601677171	KO	regex(Confirm your details).find.exists, found nothing
REQUEST	Create Defendant Response	1		Response_DOB	1527601680165	1527601680213	KO	regex(Enter your date of birth).find.exists, found nothing
REQUEST	Create Defendant Response	1		Response_Mobile	1527601683212	1527601683313	KO	regex(Add a contact number).find.exists, found nothing
REQUEST	Create Defendant Response	1		Response_MoreTimeRequest_Get	1527601686306	1527601686353	OK	 
REQUEST	Create Defendant Response	1		Response_MoreTimeRequest_Post	1527601686370	1527601686417	KO	regex(Do you want more time to respond?).find.exists, found nothing
REQUEST	Create Defendant Response	1		Response_ResponseType_Get	1527601689405	1527601689453	OK	 
REQUEST	Create Defendant Response	1		Response_ResponseType_Post	1527601689456	1527601689495	KO	regex(How do you respond to the claim?).find.exists, found nothing
REQUEST	Create Defendant Response	1		Response_Reject_All_Of_Claim_Get	1527601692524	1527601692570	OK	 
REQUEST	Create Defendant Response	1		Response_Reject_All_Of_Claim_Post	1527601692573	1527601692618	KO	regex(Why do you reject the claim?).find.exists, found nothing
REQUEST	Create Defendant Response	1		Response_Your_Defence_Post_Get	1527601695587	1527601695629	OK	 
REQUEST	Create Defendant Response	1		Response_Your_Defence_Post	1527601695632	1527601695669	KO	regex(Why do you disagree with the claim?).find.exists, found nothing
REQUEST	Create Defendant Response	1		Response_TimeLine	1527601698682	1527601698729	KO	regex(Add your timeline of events).find.exists, found nothing
REQUEST	Create Defendant Response	1		Response_Evidence	1527601701717	1527601701763	KO	regex(List your evidence).find.exists, found nothing
REQUEST	Create Defendant Response	1		Response_Free_Mediation_Get	1527601704774	1527601704820	OK	 
REQUEST	Create Defendant Response	1		Response_Free_Mediation_Post	1527601704823	1527601704862	KO	regex(Free mediation).find.exists, found nothing
REQUEST	Create Defendant Response	1		Response_CheckAndSend_Get	1527601707854	1527601707905	OK	 
REQUEST	Create Defendant Response	1		Response_CheckAndSend_Post	1527601707907	1527601707947	KO	regex(Check your answers before submitting your response).find.exists, found nothing
USER	Create Defendant Response	1	END	1527601649056	1527601710957
