RUN	uk.gov.hmcts.reform.cmc.performance.simulations.CreateDefendantSimulation		createdefendantsimulation	1527677471002	 	2.0
USER	Create Defendant Response	1	START	1527677471635	1527677471635
REQUEST	Create Defendant Response	1		TX01_CMC_Def_LandingPage_Get	1527677471676	1527677471794	OK	 
REQUEST	Create Defendant Response	1		TX01_CMC_Def_LandingPage_Post	1527677474820	1527677474839	OK	 
REQUEST	Create Defendant Response	1		TX01_CMC_Def_LandingPage_Post Redirect 1	1527677474844	1527677474869	OK	 
REQUEST	Create Defendant Response	1		TX02_CMC_Def_Login_ClaimNumber	1527677477876	1527677477969	OK	 
REQUEST	Create Defendant Response	1		TX02_CMC_Def_Login_ClaimNumber Redirect 1	1527677477970	1527677477987	OK	 
REQUEST	Create Defendant Response	1		TX02_CMC_Def_Login_ClaimNumber Redirect 2	1527677477988	1527677478004	OK	 
REQUEST	Create Defendant Response	1		TX02_CMC_Def_Login_ClaimNumber Redirect 3	1527677478005	1527677478256	OK	 
REQUEST	Create Defendant Response	1		TX03_CMC_Def_Login_LoginPage	1527677481260	1527677481310	OK	 
REQUEST	Create Defendant Response	1		TX04_CMC_Def_FirstContact_ClaimSummary	1527677484310	1527677484363	OK	 
REQUEST	Create Defendant Response	1		TX05_CMC_Def_Login_Receiver_Get	1527677487378	1527677487397	OK	 
REQUEST	Create Defendant Response	1		TX05_CMC_Def_Login_Receiver_Get Redirect 1	1527677487399	1527677487416	OK	 
REQUEST	Create Defendant Response	1		TX05_CMC_Def_Login_Receiver_Get Redirect 2	1527677487419	1527677487513	OK	 
REQUEST	Create Defendant Response	1		TX06_CMC_Def_Login_As_Defendant	1527677490496	1527677490863	OK	 
REQUEST	Create Defendant Response	1		TX06_CMC_Def_Login_As_Defendant Redirect 1	1527677490866	1527677492238	OK	 
REQUEST	Create Defendant Response	1		TX06_CMC_Def_Login_As_Defendant Redirect 2	1527677492240	1527677492616	KO	css((input[name='_csrf'],Some(value))).find.exists, found nothing
REQUEST	Create Defendant Response	1		TX07_CMC_Def_Response_dashBoard	1527677495620	1527677495993	OK	 
REQUEST	Create Defendant Response	1		TX08_CMC_Def_Response_Case_TaskList_Get	1527677499007	1527677499527	OK	 
REQUEST	Create Defendant Response	1		Response_YourDetails_Get	1527677502529	1527677503167	OK	 
REQUEST	Create Defendant Response	1		Response_YourDetails_Post	1527677506165	1527677506246	KO	css((input[name='_csrf'],Some(value))).find.exists, found nothing
REQUEST	Create Defendant Response	1		Response_DOB	1527677509247	1527677509281	KO	css((input[name='_csrf'],Some(value))).find.exists, found nothing
REQUEST	Create Defendant Response	1		Response_Mobile	1527677512276	1527677512305	KO	css((input[name='_csrf'],Some(value))).find.exists, found nothing
REQUEST	Create Defendant Response	1		Response_MoreTimeRequest_Get	1527677515321	1527677515993	OK	 
REQUEST	Create Defendant Response	1		Response_MoreTimeRequest_Post	1527677515996	1527677516025	KO	css((input[name='_csrf'],Some(value))).find.exists, found nothing
REQUEST	Create Defendant Response	1		Response_ResponseType_Get	1527677519008	1527677519586	OK	 
REQUEST	Create Defendant Response	1		Response_ResponseType_Post	1527677519590	1527677519623	KO	css((input[name='_csrf'],Some(value))).find.exists, found nothing
REQUEST	Create Defendant Response	1		Response_Reject_All_Of_Claim_Get	1527677522627	1527677523015	OK	 
REQUEST	Create Defendant Response	1		Response_Reject_All_Of_Claim_Post	1527677523017	1527677523047	KO	css((input[name='_csrf'],Some(value))).find.exists, found nothing
REQUEST	Create Defendant Response	1		Response_Your_Defence_Post_Get	1527677526049	1527677526492	OK	 
REQUEST	Create Defendant Response	1		Response_Your_Defence_Post	1527677526495	1527677526523	KO	css((input[name='_csrf'],Some(value))).find.exists, found nothing
REQUEST	Create Defendant Response	1		Response_TimeLine	1527677529520	1527677529550	KO	css((input[name='_csrf'],Some(value))).find.exists, found nothing
REQUEST	Create Defendant Response	1		Response_Evidence	1527677532556	1527677532584	KO	css((input[name='_csrf'],Some(value))).find.exists, found nothing
REQUEST	Create Defendant Response	1		Response_Free_Mediation_Get	1527677535590	1527677536088	OK	 
REQUEST	Create Defendant Response	1		Response_Free_Mediation_Post	1527677536092	1527677536121	KO	css((input[name='_csrf'],Some(value))).find.exists, found nothing
REQUEST	Create Defendant Response	1		Response_CheckAndSend_Get	1527677539111	1527677539657	OK	 
REQUEST	Create Defendant Response	1		Response_CheckAndSend_Post	1527677539661	1527677539691	KO	css((input[name='_csrf'],Some(value))).find.exists, found nothing
USER	Create Defendant Response	1	END	1527677471635	1527677542702
