RUN	uk.gov.hmcts.reform.cmc.performance.simulations.CreateClaimSimulation		createclaimsimulation	1520370963050	 	2.0
USER	Create Claim	1	START	1520370963617	1520370963617
REQUEST	Create Claim	1		Trigger login	1520370963642	1520370963853	OK	 
REQUEST	Create Claim	1		Trigger login Redirect 1	1520370963884	1520370963974	OK	 
REQUEST	Create Claim	1		Trigger login Redirect 2	1520370963976	1520370964240	OK	 
REQUEST	Create Claim	1		Login - submit	1520370969263	1520370969718	OK	 
REQUEST	Create Claim	1		Login - submit Redirect 1	1520370969720	1520370970127	OK	 
REQUEST	Create Claim	1		Login - submit Redirect 2	1520370970130	1520370970538	OK	 
REQUEST	Create Claim	1		request_21	1520370980546	1520370980737	OK	 
REQUEST	Create Claim	1		Eligibility start	1520370983735	1520370983951	OK	 
REQUEST	Create Claim	1		Eligibility - claim value GET	1520370985946	1520370986346	OK	 
REQUEST	Create Claim	1		Eligibility - claim value POST	1520370986355	1520370986818	OK	 
REQUEST	Create Claim	1		Eligibility - claim value POST Redirect 1	1520370986820	1520370987166	OK	 
REQUEST	Create Claim	1		Eligibility - help with fees POST	1520370987172	1520370987639	OK	 
REQUEST	Create Claim	1		Eligibility - help with fees POST Redirect 1	1520370987641	1520370987948	OK	 
REQUEST	Create Claim	1		Eligibility - claimant address POST	1520370987952	1520370988459	OK	 
REQUEST	Create Claim	1		Eligibility - claimant address POST Redirect 1	1520370988461	1520370988868	OK	 
REQUEST	Create Claim	1		Eligibility - defendant address POST	1520370988871	1520370989380	OK	 
REQUEST	Create Claim	1		Eligibility - defendant address POST Redirect 1	1520370989382	1520370989756	OK	 
REQUEST	Create Claim	1		Eligibility - over 18 POST	1520370989759	1520370990199	OK	 
REQUEST	Create Claim	1		Eligibility - over 18 POST Redirect 1	1520370990201	1520370990539	OK	 
REQUEST	Create Claim	1		Eligibility - single claimant POST	1520370990543	1520370991017	OK	 
REQUEST	Create Claim	1		Eligibility - single claimant POST Redirect 1	1520370991019	1520370991363	OK	 
REQUEST	Create Claim	1		Eligibility - single defendant POST	1520370991367	1520370991837	OK	 
REQUEST	Create Claim	1		Eligibility - single defendant POST Redirect 1	1520370991839	1520370992186	OK	 
REQUEST	Create Claim	1		Eligibility - government department POST	1520370992190	1520370992655	OK	 
REQUEST	Create Claim	1		Eligibility - government department POST Redirect 1	1520370992657	1520370992981	OK	 
REQUEST	Create Claim	1		Eligibility - tenancy deposit POST	1520370992985	1520370993476	OK	 
REQUEST	Create Claim	1		Eligibility - tenancy deposit POST Redirect 1	1520370993478	1520370993709	OK	 
REQUEST	Create Claim	1		Task list - GET	1520370993713	1520370994123	OK	 
REQUEST	Create Claim	1		Resolving this dispute - GET	1520370996096	1520370996487	OK	 
REQUEST	Create Claim	1		Resolving this dispute - POST	1520370997485	1520370997982	OK	 
REQUEST	Create Claim	1		Resolving this dispute - POST Redirect 1	1520370997985	1520370998319	OK	 
REQUEST	Create Claim	1		Completing claim - GET	1520371000315	1520371000748	OK	 
REQUEST	Create Claim	1		Completing claim - POST	1520371002756	1520371003204	OK	 
REQUEST	Create Claim	1		Completing claim - POST Redirect 1	1520371003207	1520371003645	OK	 
REQUEST	Create Claim	1		Party type selection - GET	1520371005647	1520371006005	OK	 
REQUEST	Create Claim	1		Party type selection - POST	1520371008006	1520371008529	OK	 
REQUEST	Create Claim	1		Party type selection - POST Redirect 1	1520371008530	1520371009015	OK	 
REQUEST	Create Claim	1		Your details - POST	1520371012015	1520371012728	OK	 
REQUEST	Create Claim	1		Your details - POST Redirect 1	1520371012730	1520371013070	OK	 
REQUEST	Create Claim	1		Date of birth - POST	1520371015067	1520371015594	OK	 
REQUEST	Create Claim	1		Date of birth - POST Redirect 1	1520371015596	1520371015895	OK	 
REQUEST	Create Claim	1		Mobile number - POST	1520371017895	1520371018463	OK	 
REQUEST	Create Claim	1		Mobile number - POST Redirect 1	1520371018464	1520371018805	OK	 
REQUEST	Create Claim	1		Party type selection - GET	1520371019816	1520371020171	OK	 
REQUEST	Create Claim	1		Party type selection - POST	1520371022165	1520371022661	OK	 
REQUEST	Create Claim	1		Party type selection - POST Redirect 1	1520371022663	1520371022990	OK	 
REQUEST	Create Claim	1		Their details - POST	1520371025985	1520371026655	OK	 
REQUEST	Create Claim	1		Their details - POST Redirect 1	1520371026656	1520371026963	OK	 
REQUEST	Create Claim	1		Email address - POST	1520371028977	1520371029520	OK	 
REQUEST	Create Claim	1		Email address - POST Redirect 1	1520371029522	1520371029831	OK	 
REQUEST	Create Claim	1		Amount - GET	1520371031825	1520371032227	OK	 
REQUEST	Create Claim	1		Amount - POST	1520371034225	1520371034743	OK	 
REQUEST	Create Claim	1		Amount - POST Redirect 1	1520371034745	1520371035053	OK	 
REQUEST	Create Claim	1		Interest - POST	1520371038065	1520371038635	OK	 
REQUEST	Create Claim	1		Interest - POST Redirect 1	1520371038636	1520371039353	OK	 
REQUEST	Create Claim	1		Fees - POST	1520371041357	1520371041787	OK	 
REQUEST	Create Claim	1		Fees - POST Redirect 1	1520371041788	1520371042462	OK	 
REQUEST	Create Claim	1		Total - POST	1520371044456	1520371044780	OK	 
REQUEST	Create Claim	1		Total - POST Redirect 1	1520371044782	1520371045220	OK	 
REQUEST	Create Claim	1		Reason - GET	1520371046215	1520371046520	OK	 
REQUEST	Create Claim	1		Reason - POST	1520371048525	1520371048979	OK	 
REQUEST	Create Claim	1		Reason - POST Redirect 1	1520371048981	1520371049419	OK	 
REQUEST	Create Claim	1		Check and send - GET	1520371051426	1520371051990	OK	 
REQUEST	Create Claim	1		request_438	1520371056984	1520371057377	KO	regex(Check your answers before submitting your claim).find.exists, found nothing
REQUEST	Create Claim	1		request_451	1520371062374	1520371062792	KO	status.find.in(200,304,201,202,203,204,205,206,207,208,209), but actually found 403
USER	Create Claim	1	END	1520370963617	1520371062795
