RUN	uk.gov.hmcts.reform.cmc.performance.simulations.CreateClaimSimulation		createclaimsimulation	1526638201712	 	2.0
USER	Create Claim	1	START	1526638202455	1526638202455
REQUEST	Create Claim	1		TX01_CMC_Login_LandingLoginPage	1526638202496	1526638202594	OK	 
REQUEST	Create Claim	1		TX01_CMC_Login_LandingLoginPage Redirect 1	1526638202616	1526638202713	OK	 
REQUEST	Create Claim	1		TX01_CMC_Login_LandingLoginPage Redirect 2	1526638202714	1526638203016	OK	 
REQUEST	Create Claim	1		TX02_CMC_Login_SubmitLogin	1526638206063	1526638206424	OK	 
REQUEST	Create Claim	1		TX02_CMC_Login_SubmitLogin Redirect 1	1526638206426	1526638207434	OK	 
REQUEST	Create Claim	1		TX02_CMC_Login_SubmitLogin Redirect 2	1526638207437	1526638207728	OK	 
REQUEST	Create Claim	1		TX05_CMC_Eligibility_TotalAmountYouAreclaiming_GET	1526638210726	1526638210963	OK	 
REQUEST	Create Claim	1		TX06_CMC_Eligibility_TotalAmountYouAreclaiming_POST	1526638213966	1526638214158	OK	 
REQUEST	Create Claim	1		TX06_CMC_Eligibility_TotalAmountYouAreclaiming_POST Redirect 1	1526638214160	1526638214329	OK	 
REQUEST	Create Claim	1		TX07_CMC_Eligibility_HelpWithCourtyFees	1526638217327	1526638217522	OK	 
REQUEST	Create Claim	1		TX07_CMC_Eligibility_HelpWithCourtyFees Redirect 1	1526638217524	1526638217717	KO	regex(Do you have an address in the UK).find.exists, found nothing
REQUEST	Create Claim	1		TX08_CMC_Eligibility_ClaimantAddress	1526638220722	1526638220915	OK	 
REQUEST	Create Claim	1		TX08_CMC_Eligibility_ClaimantAddress Redirect 1	1526638220917	1526638221118	KO	regex(Does the person or organisation you’re claiming against have an address in England or Wales?).find.exists, found nothing
REQUEST	Create Claim	1		TX09_CMC_Eligibility_DefendantAddress	1526638224126	1526638224315	OK	 
REQUEST	Create Claim	1		TX09_CMC_Eligibility_DefendantAddress Redirect 1	1526638224318	1526638224547	OK	 
REQUEST	Create Claim	1		TX010_CMC_Eligibility_Over18	1526638227539	1526638227740	OK	 
REQUEST	Create Claim	1		TX010_CMC_Eligibility_Over18 Redirect 1	1526638227743	1526638227924	OK	 
REQUEST	Create Claim	1		TX010_CMC_Eligibility_DefendantAge	1526638230927	1526638231113	OK	 
REQUEST	Create Claim	1		TX010_CMC_Eligibility_DefendantAge Redirect 1	1526638231116	1526638231304	OK	 
REQUEST	Create Claim	1		TX011_CMC_Eligibility_SingleClaimant	1526638234308	1526638234508	OK	 
REQUEST	Create Claim	1		TX011_CMC_Eligibility_SingleClaimant Redirect 1	1526638234511	1526638234716	OK	 
REQUEST	Create Claim	1		TX012_CMC_Eligibility_SingleDefendant	1526638237707	1526638237977	OK	 
REQUEST	Create Claim	1		TX012_CMC_Eligibility_SingleDefendant Redirect 1	1526638237980	1526638238177	OK	 
REQUEST	Create Claim	1		TX013_CMC_Eligibility_GovernmentDepartment	1526638241189	1526638241412	OK	 
REQUEST	Create Claim	1		TX013_CMC_Eligibility_GovernmentDepartment Redirect 1	1526638241415	1526638241621	OK	 
REQUEST	Create Claim	1		TX014_CMC_Eligibility_TenancyDeposit	1526638244627	1526638244825	OK	 
REQUEST	Create Claim	1		TX014_CMC_Eligibility_TenancyDeposit Redirect 1	1526638244827	1526638245008	OK	 
REQUEST	Create Claim	1		TX015_CMC_ResolvingThisDispute_Tasklist	1526638248005	1526638248439	OK	 
REQUEST	Create Claim	1		TX016_CMC_ResolvingThisDispute_ResolvingThisDispute-GET	1526638251437	1526638251699	OK	 
REQUEST	Create Claim	1		TX017_CMC_ResolvingThisDispute_ResolvingThisDispute-POST	1526638254689	1526638255243	OK	 
REQUEST	Create Claim	1		TX017_CMC_ResolvingThisDispute_ResolvingThisDispute-POST Redirect 1	1526638255245	1526638255542	OK	 
REQUEST	Create Claim	1		TX018_CMC_Completingclaim_CompletingClaim-GET	1526638258556	1526638258905	OK	 
REQUEST	Create Claim	1		TX019_CMC_Completingclaim_CompletingClaim-POST	1526638261906	1526638262385	OK	 
REQUEST	Create Claim	1		TX019_CMC_Completingclaim_CompletingClaim-POST Redirect 1	1526638262389	1526638262675	OK	 
REQUEST	Create Claim	1		TX020_CMC_YourDetail_PartyTypeSelection-GET	1526638265676	1526638266026	OK	 
REQUEST	Create Claim	1		TX021_CMC_YourDetail_PartyTypeSelection-POST	1526638269027	1526638269457	OK	 
REQUEST	Create Claim	1		TX021_CMC_YourDetail_PartyTypeSelection-POST Redirect 1	1526638269460	1526638269781	OK	 
REQUEST	Create Claim	1		TX022_CMC_YourDetail_YourDetails-POST	1526638272775	1526638274161	OK	 
REQUEST	Create Claim	1		TX022_CMC_YourDetail_YourDetails-POST Redirect 1	1526638274163	1526638274465	OK	 
REQUEST	Create Claim	1		TX023_CMC_YourDetail_DateOfBirth-POST	1526638277466	1526638277876	OK	 
REQUEST	Create Claim	1		TX023_CMC_YourDetail_DateOfBirth-POST Redirect 1	1526638277879	1526638278163	OK	 
REQUEST	Create Claim	1		TX024_CMC_YourDetail_AddPhoneNumber-POST	1526638281178	1526638281614	OK	 
REQUEST	Create Claim	1		TX024_CMC_YourDetail_AddPhoneNumber-POST Redirect 1	1526638281616	1526638281911	OK	 
REQUEST	Create Claim	1		TX025_CMC_TheirDetail_PartyTypeSelection_GET	1526638284908	1526638285197	OK	 
REQUEST	Create Claim	1		TX026_CMC_TheirDetail_PartyTypeSelection_POST	1526638288198	1526638288605	OK	 
REQUEST	Create Claim	1		TX026_CMC_TheirDetail_PartyTypeSelection_POST Redirect 1	1526638288607	1526638288921	OK	 
REQUEST	Create Claim	1		TX027_CMC_TheirDetail_TheirDetails_POST	1526638291924	1526638292466	OK	 
REQUEST	Create Claim	1		TX027_CMC_TheirDetail_TheirDetails_POST Redirect 1	1526638292468	1526638292771	OK	 
REQUEST	Create Claim	1		TX028_CMC_TheirDetail_EmailAddress_POST	1526638295773	1526638296190	OK	 
REQUEST	Create Claim	1		TX028_CMC_TheirDetail_EmailAddress_POST Redirect 1	1526638296192	1526638296494	OK	 
REQUEST	Create Claim	1		TX029_CMC_ClaimAmout_ClaimAmount_GET	1526638299486	1526638299837	OK	 
REQUEST	Create Claim	1		TX030_CMC_ClaimAmout_ClaimAmount_POST	1526638302851	1526638303285	OK	 
REQUEST	Create Claim	1		TX030_CMC_ClaimAmout_ClaimAmount_POST Redirect 1	1526638303286	1526638303580	OK	 
REQUEST	Create Claim	1		TX031_CMC_ClaimAmout_Interest_POST	1526638306564	1526638306909	OK	 
REQUEST	Create Claim	1		TX031_CMC_ClaimAmout_Interest_POST Redirect 1	1526638306911	1526638307915	OK	 
REQUEST	Create Claim	1		TX033_CMC_ClaimAmout_TotalAmount_POST	1526638310934	1526638311271	OK	 
REQUEST	Create Claim	1		TX033_CMC_ClaimAmout_TotalAmount_POST Redirect 1	1526638311273	1526638311586	OK	 
REQUEST	Create Claim	1		TX034_CMC_ClaimDetail_Reason_GET	1526638314578	1526638314900	OK	 
REQUEST	Create Claim	1		TX035_CMC_ClaimDetail_Reason_POST	1526638317894	1526638318305	OK	 
REQUEST	Create Claim	1		TX035_CMC_ClaimDetail_Reason_POST Redirect 1	1526638318306	1526638318586	OK	 
REQUEST	Create Claim	1		TX035_CMC_ClaimDetail_Timeline_POST	1526638321601	1526638322024	OK	 
REQUEST	Create Claim	1		TX035_CMC_ClaimDetail_Timeline_POST Redirect 1	1526638322025	1526638322295	OK	 
REQUEST	Create Claim	1		TX035.1_CMC_ClaimDetail_Timeline_Evidence_POST	1526638325286	1526638325697	OK	 
REQUEST	Create Claim	1		TX035.1_CMC_ClaimDetail_Timeline_Evidence_POST Redirect 1	1526638325700	1526638326023	OK	 
REQUEST	Create Claim	1		TX036_CMC_CheckAndSend_Checkandsend_GET	1526638329024	1526638329497	OK	 
REQUEST	Create Claim	1		TX037_CMC_CheckAndSend_Checkandsend_POST	1526638332509	1526638332846	OK	 
REQUEST	Create Claim	1		TX037_CMC_CheckAndSend_Checkandsend_POST Redirect 1	1526638332848	1526638334070	OK	 
REQUEST	Create Claim	1		TX037_CMC_CheckAndSend_Checkandsend_POST Redirect 2	1526638334071	1526638335405	OK	 
REQUEST	Create Claim	1		TX037_CMC_CheckAndSend_Checkandsend_POST Redirect 3	1526638335407	1526638335585	OK	 
REQUEST	Create Claim	1		TX038_CMC_CardDetail_SubmitCardDetail	1526638338583	1526638338935	OK	 
REQUEST	Create Claim	1		TX038_CMC_CardDetail_SubmitCardDetail Redirect 1	1526638338936	1526638339056	OK	 
REQUEST	Create Claim	1		TX039_CMC_CardDetail_ConfirmCardDetail	1526638342046	1526638342218	OK	 
REQUEST	Create Claim	1		TX039_CMC_CardDetail_ConfirmCardDetail Redirect 1	1526638342220	1526638342338	OK	 
REQUEST	Create Claim	1		TX039_CMC_CardDetail_ConfirmCardDetail Redirect 2	1526638342340	1526638345144	OK	 
REQUEST	Create Claim	1		TX039_CMC_CardDetail_ConfirmCardDetail Redirect 3	1526638345146	1526638345457	OK	 
USER	Create Claim	1	END	1526638202455	1526638348467
