RUN	uk.gov.hmcts.reform.cmc.performance.simulations.CreateClaimSimulation		createclaimsimulation	1520377757080	 	2.0
USER	Create Claim	1	START	1520377757581	1520377757581
REQUEST	Create Claim	1		Trigger login	1520377757605	1520377757928	OK	 
REQUEST	Create Claim	1		Trigger login Redirect 1	1520377757961	1520377758049	OK	 
REQUEST	Create Claim	1		Trigger login Redirect 2	1520377758052	1520377758463	OK	 
REQUEST	Create Claim	1		Login - submit	1520377763489	1520377763885	OK	 
REQUEST	Create Claim	1		Login - submit Redirect 1	1520377763888	1520377764398	OK	 
REQUEST	Create Claim	1		Login - submit Redirect 2	1520377764402	1520377765045	OK	 
REQUEST	Create Claim	1		request_21	1520377775044	1520377775316	OK	 
REQUEST	Create Claim	1		Eligibility start	1520377778312	1520377778496	OK	 
REQUEST	Create Claim	1		Eligibility - claim value GET	1520377780503	1520377780915	OK	 
REQUEST	Create Claim	1		Eligibility - claim value POST	1520377780924	1520377781395	OK	 
REQUEST	Create Claim	1		Eligibility - claim value POST Redirect 1	1520377781397	1520377781736	OK	 
REQUEST	Create Claim	1		Eligibility - help with fees POST	1520377781740	1520377782214	OK	 
REQUEST	Create Claim	1		Eligibility - help with fees POST Redirect 1	1520377782217	1520377782552	OK	 
REQUEST	Create Claim	1		Eligibility - claimant address POST	1520377782556	1520377783035	OK	 
REQUEST	Create Claim	1		Eligibility - claimant address POST Redirect 1	1520377783037	1520377783379	OK	 
REQUEST	Create Claim	1		Eligibility - defendant address POST	1520377783384	1520377783852	OK	 
REQUEST	Create Claim	1		Eligibility - defendant address POST Redirect 1	1520377783856	1520377784189	OK	 
REQUEST	Create Claim	1		Eligibility - over 18 POST	1520377784194	1520377784673	OK	 
REQUEST	Create Claim	1		Eligibility - over 18 POST Redirect 1	1520377784675	1520377785011	OK	 
REQUEST	Create Claim	1		Eligibility - single claimant POST	1520377785015	1520377785493	OK	 
REQUEST	Create Claim	1		Eligibility - single claimant POST Redirect 1	1520377785494	1520377785801	OK	 
REQUEST	Create Claim	1		Eligibility - single defendant POST	1520377785803	1520377786312	OK	 
REQUEST	Create Claim	1		Eligibility - single defendant POST Redirect 1	1520377786314	1520377786653	OK	 
REQUEST	Create Claim	1		Eligibility - government department POST	1520377786658	1520377787117	OK	 
REQUEST	Create Claim	1		Eligibility - government department POST Redirect 1	1520377787120	1520377787475	OK	 
REQUEST	Create Claim	1		Eligibility - tenancy deposit POST	1520377787479	1520377787950	OK	 
REQUEST	Create Claim	1		Eligibility - tenancy deposit POST Redirect 1	1520377787952	1520377788095	OK	 
REQUEST	Create Claim	1		Task list - GET	1520377788097	1520377788493	OK	 
REQUEST	Create Claim	1		Resolving this dispute - GET	1520377790453	1520377790853	OK	 
REQUEST	Create Claim	1		Resolving this dispute - POST	1520377791863	1520377792353	OK	 
REQUEST	Create Claim	1		Resolving this dispute - POST Redirect 1	1520377792355	1520377792792	OK	 
REQUEST	Create Claim	1		Completing claim - GET	1520377794795	1520377795120	OK	 
REQUEST	Create Claim	1		Completing claim - POST	1520377797114	1520377797530	OK	 
REQUEST	Create Claim	1		Completing claim - POST Redirect 1	1520377797532	1520377797913	OK	 
REQUEST	Create Claim	1		Party type selection - GET	1520377799914	1520377800272	OK	 
REQUEST	Create Claim	1		Party type selection - POST	1520377802272	1520377802594	OK	 
REQUEST	Create Claim	1		Party type selection - POST Redirect 1	1520377802596	1520377802937	OK	 
REQUEST	Create Claim	1		Your details - POST	1520377805934	1520377806792	OK	 
REQUEST	Create Claim	1		Your details - POST Redirect 1	1520377806794	1520377807100	OK	 
REQUEST	Create Claim	1		Date of birth - POST	1520377809113	1520377809659	OK	 
REQUEST	Create Claim	1		Date of birth - POST Redirect 1	1520377809661	1520377809969	OK	 
REQUEST	Create Claim	1		Mobile number - POST	1520377811974	1520377812424	OK	 
REQUEST	Create Claim	1		Mobile number - POST Redirect 1	1520377812425	1520377812708	OK	 
REQUEST	Create Claim	1		Party type selection - GET	1520377813693	1520377814064	OK	 
REQUEST	Create Claim	1		Party type selection - POST	1520377816074	1520377816417	OK	 
REQUEST	Create Claim	1		Party type selection - POST Redirect 1	1520377816419	1520377816732	OK	 
REQUEST	Create Claim	1		Their details - POST	1520377819733	1520377820513	OK	 
REQUEST	Create Claim	1		Their details - POST Redirect 1	1520377820515	1520377820823	OK	 
REQUEST	Create Claim	1		Email address - POST	1520377822823	1520377823221	OK	 
REQUEST	Create Claim	1		Email address - POST Redirect 1	1520377823223	1520377823484	OK	 
REQUEST	Create Claim	1		Amount - GET	1520377825483	1520377825880	OK	 
REQUEST	Create Claim	1		Amount - POST	1520377827883	1520377828341	OK	 
REQUEST	Create Claim	1		Amount - POST Redirect 1	1520377828342	1520377828638	OK	 
REQUEST	Create Claim	1		Interest - POST	1520377831632	1520377832084	OK	 
REQUEST	Create Claim	1		Interest - POST Redirect 1	1520377832086	1520377832842	OK	 
REQUEST	Create Claim	1		Fees - POST	1520377834842	1520377835158	OK	 
REQUEST	Create Claim	1		Fees - POST Redirect 1	1520377835160	1520377835801	OK	 
REQUEST	Create Claim	1		Total - POST	1520377837802	1520377838126	OK	 
REQUEST	Create Claim	1		Total - POST Redirect 1	1520377838128	1520377838456	OK	 
REQUEST	Create Claim	1		Reason - GET	1520377839464	1520377839765	OK	 
REQUEST	Create Claim	1		Reason - POST	1520377841763	1520377842225	OK	 
REQUEST	Create Claim	1		Reason - POST Redirect 1	1520377842226	1520377842560	OK	 
REQUEST	Create Claim	1		Check and send - GET	1520377844554	1520377845233	OK	 
REQUEST	Create Claim	1		request_438	1520377850242	1520377850622	OK	 
REQUEST	Create Claim	1		request_438 Redirect 1	1520377850623	1520377852465	OK	 
REQUEST	Create Claim	1		request_438 Redirect 2	1520377852466	1520377853077	OK	 
REQUEST	Create Claim	1		request_438 Redirect 3	1520377853078	1520377853705	OK	 
REQUEST	Create Claim	1		request_451	1520377858706	1520377858769	KO	status.find.in(200,304,201,202,203,204,205,206,207,208,209), but actually found 418
USER	Create Claim	1	END	1520377757581	1520377863774
