RUN	uk.gov.hmcts.reform.cmc.performance.simulations.CreateClaimSimulation		createclaimsimulation	1520411791826	 	2.0
USER	Create Claim	1	START	1520411792302	1520411792302
REQUEST	Create Claim	1		Trigger login	1520411792330	1520411792481	OK	 
REQUEST	Create Claim	1		Trigger login Redirect 1	1520411792520	1520411792577	OK	 
REQUEST	Create Claim	1		Trigger login Redirect 2	1520411792580	1520411792787	OK	 
REQUEST	Create Claim	1		Login - submit	1520411797819	1520411798276	OK	 
REQUEST	Create Claim	1		Login - submit Redirect 1	1520411798278	1520411798789	OK	 
REQUEST	Create Claim	1		Login - submit Redirect 2	1520411798792	1520411799310	OK	 
REQUEST	Create Claim	1		request_21	1520411809303	1520411809430	OK	 
REQUEST	Create Claim	1		Eligibility start	1520411812444	1520411812570	OK	 
REQUEST	Create Claim	1		Eligibility - claim value GET	1520411814563	1520411814867	OK	 
REQUEST	Create Claim	1		Eligibility - claim value POST	1520411814874	1520411815378	OK	 
REQUEST	Create Claim	1		Eligibility - claim value POST Redirect 1	1520411815380	1520411815698	OK	 
REQUEST	Create Claim	1		Eligibility - help with fees POST	1520411815702	1520411816094	OK	 
REQUEST	Create Claim	1		Eligibility - help with fees POST Redirect 1	1520411816096	1520411816406	OK	 
REQUEST	Create Claim	1		Eligibility - claimant address POST	1520411816410	1520411816811	OK	 
REQUEST	Create Claim	1		Eligibility - claimant address POST Redirect 1	1520411816813	1520411817131	OK	 
REQUEST	Create Claim	1		Eligibility - defendant address POST	1520411817136	1520411817492	OK	 
REQUEST	Create Claim	1		Eligibility - defendant address POST Redirect 1	1520411817495	1520411817690	OK	 
REQUEST	Create Claim	1		Eligibility - over 18 POST	1520411817694	1520411818040	OK	 
REQUEST	Create Claim	1		Eligibility - over 18 POST Redirect 1	1520411818043	1520411818361	OK	 
REQUEST	Create Claim	1		Eligibility - single claimant POST	1520411818365	1520411818756	OK	 
REQUEST	Create Claim	1		Eligibility - single claimant POST Redirect 1	1520411818759	1520411819065	OK	 
REQUEST	Create Claim	1		Eligibility - single defendant POST	1520411819069	1520411819473	OK	 
REQUEST	Create Claim	1		Eligibility - single defendant POST Redirect 1	1520411819475	1520411819691	OK	 
REQUEST	Create Claim	1		Eligibility - government department POST	1520411819695	1520411820088	OK	 
REQUEST	Create Claim	1		Eligibility - government department POST Redirect 1	1520411820090	1520411820406	OK	 
REQUEST	Create Claim	1		Eligibility - tenancy deposit POST	1520411820411	1520411820804	OK	 
REQUEST	Create Claim	1		Eligibility - tenancy deposit POST Redirect 1	1520411820806	1520411820905	OK	 
REQUEST	Create Claim	1		Task list - GET	1520411820909	1520411821113	OK	 
REQUEST	Create Claim	1		Resolving this dispute - GET	1520411823072	1520411823376	OK	 
REQUEST	Create Claim	1		Resolving this dispute - POST	1520411824384	1520411824799	OK	 
REQUEST	Create Claim	1		Resolving this dispute - POST Redirect 1	1520411824802	1520411825116	OK	 
REQUEST	Create Claim	1		Completing claim - GET	1520411827113	1520411827469	OK	 
REQUEST	Create Claim	1		Completing claim - POST	1520411829482	1520411829918	OK	 
REQUEST	Create Claim	1		Completing claim - POST Redirect 1	1520411829920	1520411830238	OK	 
REQUEST	Create Claim	1		Party type selection - GET	1520411832223	1520411832593	OK	 
REQUEST	Create Claim	1		Party type selection - POST	1520411834603	1520411835039	OK	 
REQUEST	Create Claim	1		Party type selection - POST Redirect 1	1520411835040	1520411835371	OK	 
REQUEST	Create Claim	1		Your details - POST	1520411838372	1520411838994	OK	 
REQUEST	Create Claim	1		Your details - POST Redirect 1	1520411838996	1520411839238	OK	 
REQUEST	Create Claim	1		Date of birth - POST	1520411841233	1520411841592	OK	 
REQUEST	Create Claim	1		Date of birth - POST Redirect 1	1520411841594	1520411841798	OK	 
REQUEST	Create Claim	1		Mobile number - POST	1520411843802	1520411844152	OK	 
REQUEST	Create Claim	1		Mobile number - POST Redirect 1	1520411844153	1520411844460	OK	 
REQUEST	Create Claim	1		Party type selection - GET	1520411845460	1520411845792	OK	 
REQUEST	Create Claim	1		Party type selection - POST	1520411847792	1520411848248	OK	 
REQUEST	Create Claim	1		Party type selection - POST Redirect 1	1520411848249	1520411848482	OK	 
REQUEST	Create Claim	1		Their details - POST	1520411851493	1520411852242	OK	 
REQUEST	Create Claim	1		Their details - POST Redirect 1	1520411852243	1520411852550	OK	 
REQUEST	Create Claim	1		Email address - POST	1520411854553	1520411855007	OK	 
REQUEST	Create Claim	1		Email address - POST Redirect 1	1520411855008	1520411855274	OK	 
REQUEST	Create Claim	1		Amount - GET	1520411857263	1520411857523	OK	 
REQUEST	Create Claim	1		Amount - POST	1520411859533	1520411859871	OK	 
REQUEST	Create Claim	1		Amount - POST Redirect 1	1520411859873	1520411860068	OK	 
REQUEST	Create Claim	1		Interest - POST	1520411863063	1520411863506	OK	 
REQUEST	Create Claim	1		Interest - POST Redirect 1	1520411863508	1520411864234	OK	 
REQUEST	Create Claim	1		Fees - POST	1520411866234	1520411866578	OK	 
REQUEST	Create Claim	1		Fees - POST Redirect 1	1520411866579	1520411867194	OK	 
REQUEST	Create Claim	1		Total - POST	1520411869194	1520411869445	OK	 
REQUEST	Create Claim	1		Total - POST Redirect 1	1520411869453	1520411869765	OK	 
REQUEST	Create Claim	1		Reason - GET	1520411870764	1520411871085	OK	 
REQUEST	Create Claim	1		Reason - POST	1520411873094	1520411873540	OK	 
REQUEST	Create Claim	1		Reason - POST Redirect 1	1520411873542	1520411873862	OK	 
REQUEST	Create Claim	1		Check and send - GET	1520411875864	1520411876320	OK	 
REQUEST	Create Claim	1		request_438	1520411881322	1520411881631	OK	 
REQUEST	Create Claim	1		request_438 Redirect 1	1520411881633	1520411882655	OK	 
REQUEST	Create Claim	1		request_438 Redirect 2	1520411882657	1520411883167	OK	 
REQUEST	Create Claim	1		request_438 Redirect 3	1520411883169	1520411883487	OK	 
REQUEST	Create Claim	1		request_451	1520411888474	1520411888902	OK	 
REQUEST	Create Claim	1		request_451 Redirect 1	1520411888904	1520411889133	OK	 
REQUEST	Create Claim	1		request_462	1520411894142	1520411894431	OK	 
REQUEST	Create Claim	1		request_462 Redirect 1	1520411894432	1520411894516	OK	 
REQUEST	Create Claim	1		request_462 Redirect 2	1520411894517	1520411896581	OK	 
REQUEST	Create Claim	1		request_462 Redirect 3	1520411896583	1520411896900	OK	 
REQUEST	Create Claim	1		request_474	1520411901891	1520411902020	OK	 
REQUEST	Create Claim	1		request_474 Redirect 1	1520411902021	1520411902064	OK	 
REQUEST	Create Claim	1		request_474 Redirect 2	1520411902066	1520411902109	OK	 
REQUEST	Create Claim	1		request_474 Redirect 3	1520411902111	1520411902269	OK	 
USER	Create Claim	1	END	1520411792302	1520411907273
