RUN	uk.gov.hmcts.reform.cmc.performance.simulations.CreateClaimSimulation		createclaimsimulation	1520413806646	 	2.0
USER	Create Claim	1	START	1520413807083	1520413807083
REQUEST	Create Claim	1		Trigger login	1520413807108	1520413807327	OK	 
REQUEST	Create Claim	1		Trigger login Redirect 1	1520413807359	1520413807422	OK	 
REQUEST	Create Claim	1		Trigger login Redirect 2	1520413807425	1520413807622	OK	 
REQUEST	Create Claim	1		Login - submit	1520413812658	1520413813114	OK	 
REQUEST	Create Claim	1		Login - submit Redirect 1	1520413813116	1520413813523	OK	 
REQUEST	Create Claim	1		Login - submit Redirect 2	1520413813525	1520413813950	OK	 
REQUEST	Create Claim	1		request_21	1520413823951	1520413824062	OK	 
REQUEST	Create Claim	1		Eligibility start	1520413827058	1520413827181	OK	 
REQUEST	Create Claim	1		Eligibility - claim value GET	1520413829188	1520413829443	OK	 
REQUEST	Create Claim	1		Eligibility - claim value POST	1520413829451	1520413829907	OK	 
REQUEST	Create Claim	1		Eligibility - claim value POST Redirect 1	1520413829909	1520413830217	OK	 
REQUEST	Create Claim	1		Eligibility - help with fees POST	1520413830222	1520413830625	OK	 
REQUEST	Create Claim	1		Eligibility - help with fees POST Redirect 1	1520413830626	1520413830934	OK	 
REQUEST	Create Claim	1		Eligibility - claimant address POST	1520413830939	1520413831343	OK	 
REQUEST	Create Claim	1		Eligibility - claimant address POST Redirect 1	1520413831345	1520413831659	OK	 
REQUEST	Create Claim	1		Eligibility - defendant address POST	1520413831663	1520413832059	OK	 
REQUEST	Create Claim	1		Eligibility - defendant address POST Redirect 1	1520413832060	1520413832280	OK	 
REQUEST	Create Claim	1		Eligibility - over 18 POST	1520413832284	1520413832675	OK	 
REQUEST	Create Claim	1		Eligibility - over 18 POST Redirect 1	1520413832678	1520413832905	OK	 
REQUEST	Create Claim	1		Eligibility - single claimant POST	1520413832909	1520413833285	OK	 
REQUEST	Create Claim	1		Eligibility - single claimant POST Redirect 1	1520413833287	1520413833595	OK	 
REQUEST	Create Claim	1		Eligibility - single defendant POST	1520413833598	1520413834002	OK	 
REQUEST	Create Claim	1		Eligibility - single defendant POST Redirect 1	1520413834004	1520413834321	OK	 
REQUEST	Create Claim	1		Eligibility - government department POST	1520413834325	1520413834719	OK	 
REQUEST	Create Claim	1		Eligibility - government department POST Redirect 1	1520413834721	1520413835045	OK	 
REQUEST	Create Claim	1		Eligibility - tenancy deposit POST	1520413835050	1520413835539	OK	 
REQUEST	Create Claim	1		Eligibility - tenancy deposit POST Redirect 1	1520413835541	1520413835743	OK	 
REQUEST	Create Claim	1		Task list - GET	1520413835745	1520413836057	OK	 
REQUEST	Create Claim	1		Resolving this dispute - GET	1520413838010	1520413838325	OK	 
REQUEST	Create Claim	1		Resolving this dispute - POST	1520413839331	1520413839707	OK	 
REQUEST	Create Claim	1		Resolving this dispute - POST Redirect 1	1520413839710	1520413840056	OK	 
REQUEST	Create Claim	1		Completing claim - GET	1520413842051	1520413842412	OK	 
REQUEST	Create Claim	1		Completing claim - POST	1520413844421	1520413844858	OK	 
REQUEST	Create Claim	1		Completing claim - POST Redirect 1	1520413844860	1520413845179	OK	 
REQUEST	Create Claim	1		Party type selection - GET	1520413847180	1520413847428	OK	 
REQUEST	Create Claim	1		Party type selection - POST	1520413849430	1520413849773	OK	 
REQUEST	Create Claim	1		Party type selection - POST Redirect 1	1520413849774	1520413850109	OK	 
REQUEST	Create Claim	1		Your details - POST	1520413853100	1520413853768	OK	 
REQUEST	Create Claim	1		Your details - POST Redirect 1	1520413853770	1520413854082	OK	 
REQUEST	Create Claim	1		Date of birth - POST	1520413856092	1520413856633	OK	 
REQUEST	Create Claim	1		Date of birth - POST Redirect 1	1520413856635	1520413856943	OK	 
REQUEST	Create Claim	1		Mobile number - POST	1520413858940	1520413859399	OK	 
REQUEST	Create Claim	1		Mobile number - POST Redirect 1	1520413859400	1520413859723	OK	 
REQUEST	Create Claim	1		Party type selection - GET	1520413860718	1520413861036	OK	 
REQUEST	Create Claim	1		Party type selection - POST	1520413863050	1520413863705	OK	 
REQUEST	Create Claim	1		Party type selection - POST Redirect 1	1520413863707	1520413864036	OK	 
REQUEST	Create Claim	1		Their details - POST	1520413867028	1520413867693	OK	 
REQUEST	Create Claim	1		Their details - POST Redirect 1	1520413867695	1520413868012	OK	 
REQUEST	Create Claim	1		Email address - POST	1520413870011	1520413870340	OK	 
REQUEST	Create Claim	1		Email address - POST Redirect 1	1520413870342	1520413870675	OK	 
REQUEST	Create Claim	1		Amount - GET	1520413872679	1520413873048	OK	 
REQUEST	Create Claim	1		Amount - POST	1520413875050	1520413875578	OK	 
REQUEST	Create Claim	1		Amount - POST Redirect 1	1520413875579	1520413875908	OK	 
REQUEST	Create Claim	1		Interest - POST	1520413878908	1520413879365	OK	 
REQUEST	Create Claim	1		Interest - POST Redirect 1	1520413879367	1520413880060	OK	 
REQUEST	Create Claim	1		Fees - POST	1520413882061	1520413882336	OK	 
REQUEST	Create Claim	1		Fees - POST Redirect 1	1520413882338	1520413882760	OK	 
REQUEST	Create Claim	1		Total - POST	1520413884760	1520413884999	OK	 
REQUEST	Create Claim	1		Total - POST Redirect 1	1520413885000	1520413885320	OK	 
REQUEST	Create Claim	1		Reason - GET	1520413886321	1520413886637	OK	 
REQUEST	Create Claim	1		Reason - POST	1520413888640	1520413889096	OK	 
REQUEST	Create Claim	1		Reason - POST Redirect 1	1520413889098	1520413889326	OK	 
REQUEST	Create Claim	1		Check and send - GET	1520413891321	1520413891768	OK	 
REQUEST	Create Claim	1		request_438	1520413896781	1520413897082	OK	 
REQUEST	Create Claim	1		request_438 Redirect 1	1520413897084	1520413898515	OK	 
REQUEST	Create Claim	1		request_438 Redirect 2	1520413898518	1520413899030	OK	 
REQUEST	Create Claim	1		request_438 Redirect 3	1520413899032	1520413899348	OK	 
REQUEST	Create Claim	1		request_451	1520413904342	1520413904660	OK	 
REQUEST	Create Claim	1		request_451 Redirect 1	1520413904662	1520413904864	OK	 
REQUEST	Create Claim	1		request_462	1520413909859	1520413910080	OK	 
REQUEST	Create Claim	1		request_462 Redirect 1	1520413910082	1520413910375	OK	 
REQUEST	Create Claim	1		request_462 Redirect 2	1520413910377	1520413912544	OK	 
REQUEST	Create Claim	1		request_462 Redirect 3	1520413912546	1520413912862	OK	 
REQUEST	Create Claim	1		request_474	1520413917870	1520413918074	OK	 
REQUEST	Create Claim	1		request_474 Redirect 1	1520413918076	1520413918129	OK	 
REQUEST	Create Claim	1		request_474 Redirect 2	1520413918131	1520413918195	OK	 
REQUEST	Create Claim	1		request_474 Redirect 3	1520413918196	1520413918381	OK	 
USER	Create Claim	1	END	1520413807083	1520413923382
