RUN	uk.gov.hmcts.reform.cmc.performance.simulations.CreateClaimSimulation		createclaimsimulation	1520373907037	 	2.0
USER	Create Claim	1	START	1520373907593	1520373907593
REQUEST	Create Claim	1		Trigger login	1520373907620	1520373907871	OK	 
REQUEST	Create Claim	1		Trigger login Redirect 1	1520373907904	1520373907959	OK	 
REQUEST	Create Claim	1		Trigger login Redirect 2	1520373907962	1520373908355	OK	 
REQUEST	Create Claim	1		Login - submit	1520373913389	1520373913827	OK	 
REQUEST	Create Claim	1		Login - submit Redirect 1	1520373913830	1520373914443	OK	 
REQUEST	Create Claim	1		Login - submit Redirect 2	1520373914445	1520373914889	OK	 
REQUEST	Create Claim	1		request_21	1520373924882	1520373925055	OK	 
REQUEST	Create Claim	1		Eligibility start	1520373928062	1520373928204	OK	 
REQUEST	Create Claim	1		Eligibility - claim value GET	1520373930203	1520373930549	OK	 
REQUEST	Create Claim	1		Eligibility - claim value POST	1520373930558	1520373931134	OK	 
REQUEST	Create Claim	1		Eligibility - claim value POST Redirect 1	1520373931136	1520373931591	OK	 
REQUEST	Create Claim	1		Eligibility - help with fees POST	1520373931596	1520373932055	OK	 
REQUEST	Create Claim	1		Eligibility - help with fees POST Redirect 1	1520373932057	1520373932364	OK	 
REQUEST	Create Claim	1		Eligibility - claimant address POST	1520373932368	1520373932874	OK	 
REQUEST	Create Claim	1		Eligibility - claimant address POST Redirect 1	1520373932876	1520373933489	OK	 
REQUEST	Create Claim	1		Eligibility - defendant address POST	1520373933493	1520373933924	OK	 
REQUEST	Create Claim	1		Eligibility - defendant address POST Redirect 1	1520373933927	1520373934346	OK	 
REQUEST	Create Claim	1		Eligibility - over 18 POST	1520373934350	1520373934820	OK	 
REQUEST	Create Claim	1		Eligibility - over 18 POST Redirect 1	1520373934821	1520373935159	OK	 
REQUEST	Create Claim	1		Eligibility - single claimant POST	1520373935163	1520373935639	OK	 
REQUEST	Create Claim	1		Eligibility - single claimant POST Redirect 1	1520373935641	1520373935978	OK	 
REQUEST	Create Claim	1		Eligibility - single defendant POST	1520373935982	1520373936407	OK	 
REQUEST	Create Claim	1		Eligibility - single defendant POST Redirect 1	1520373936409	1520373936807	OK	 
REQUEST	Create Claim	1		Eligibility - government department POST	1520373936811	1520373937278	OK	 
REQUEST	Create Claim	1		Eligibility - government department POST Redirect 1	1520373937279	1520373937617	OK	 
REQUEST	Create Claim	1		Eligibility - tenancy deposit POST	1520373937620	1520373938096	OK	 
REQUEST	Create Claim	1		Eligibility - tenancy deposit POST Redirect 1	1520373938098	1520373938242	OK	 
REQUEST	Create Claim	1		Task list - GET	1520373938245	1520373938639	OK	 
REQUEST	Create Claim	1		Resolving this dispute - GET	1520373940603	1520373940964	OK	 
REQUEST	Create Claim	1		Resolving this dispute - POST	1520373941963	1520373942499	OK	 
REQUEST	Create Claim	1		Resolving this dispute - POST Redirect 1	1520373942502	1520373942944	OK	 
REQUEST	Create Claim	1		Completing claim - GET	1520373944954	1520373945301	OK	 
REQUEST	Create Claim	1		Completing claim - POST	1520373947304	1520373947723	OK	 
REQUEST	Create Claim	1		Completing claim - POST Redirect 1	1520373947724	1520373948062	OK	 
REQUEST	Create Claim	1		Party type selection - GET	1520373950061	1520373950418	OK	 
REQUEST	Create Claim	1		Party type selection - POST	1520373952411	1520373952739	OK	 
REQUEST	Create Claim	1		Party type selection - POST Redirect 1	1520373952740	1520373953117	OK	 
REQUEST	Create Claim	1		Your details - POST	1520373956112	1520373956835	OK	 
REQUEST	Create Claim	1		Your details - POST Redirect 1	1520373956837	1520373957176	OK	 
REQUEST	Create Claim	1		Date of birth - POST	1520373959181	1520373959704	OK	 
REQUEST	Create Claim	1		Date of birth - POST Redirect 1	1520373959706	1520373959964	OK	 
REQUEST	Create Claim	1		Mobile number - POST	1520373961972	1520373962571	OK	 
REQUEST	Create Claim	1		Mobile number - POST Redirect 1	1520373962573	1520373962980	OK	 
REQUEST	Create Claim	1		Party type selection - GET	1520373963981	1520373964347	OK	 
REQUEST	Create Claim	1		Party type selection - POST	1520373966342	1520373966666	OK	 
REQUEST	Create Claim	1		Party type selection - POST Redirect 1	1520373966668	1520373967010	OK	 
REQUEST	Create Claim	1		Their details - POST	1520373970013	1520373970968	OK	 
REQUEST	Create Claim	1		Their details - POST Redirect 1	1520373970970	1520373971307	OK	 
REQUEST	Create Claim	1		Email address - POST	1520373973302	1520373973733	OK	 
REQUEST	Create Claim	1		Email address - POST Redirect 1	1520373973735	1520373974051	OK	 
REQUEST	Create Claim	1		Amount - GET	1520373976062	1520373976438	OK	 
REQUEST	Create Claim	1		Amount - POST	1520373978432	1520373978956	OK	 
REQUEST	Create Claim	1		Amount - POST Redirect 1	1520373978957	1520373979614	OK	 
REQUEST	Create Claim	1		Interest - POST	1520373982623	1520373983155	OK	 
REQUEST	Create Claim	1		Interest - POST Redirect 1	1520373983157	1520373983872	OK	 
REQUEST	Create Claim	1		Fees - POST	1520373985873	1520373986227	OK	 
REQUEST	Create Claim	1		Fees - POST Redirect 1	1520373986228	1520373986780	OK	 
REQUEST	Create Claim	1		Total - POST	1520373988782	1520373989095	OK	 
REQUEST	Create Claim	1		Total - POST Redirect 1	1520373989096	1520373989397	OK	 
REQUEST	Create Claim	1		Reason - GET	1520373990392	1520373990760	OK	 
REQUEST	Create Claim	1		Reason - POST	1520373992752	1520373993188	OK	 
REQUEST	Create Claim	1		Reason - POST Redirect 1	1520373993190	1520373993588	OK	 
REQUEST	Create Claim	1		Check and send - GET	1520373995594	1520373996115	OK	 
REQUEST	Create Claim	1		request_438	1520374001122	1520374001484	OK	 
REQUEST	Create Claim	1		request_438 Redirect 1	1520374001486	1520374003431	OK	 
REQUEST	Create Claim	1		request_438 Redirect 2	1520374003432	1520374004147	OK	 
REQUEST	Create Claim	1		request_438 Redirect 3	1520374004149	1520374004467	KO	css((input[name='_csrf'],Some(value))).find.exists, found nothing
REQUEST	Create Claim	1		request_451	1520374009472	1520374009540	KO	status.find.in(200,304,201,202,203,204,205,206,207,208,209), but actually found 403
USER	Create Claim	1	END	1520373907593	1520374009543
