RUN	uk.gov.hmcts.reform.cmc.performance.simulations.CreateClaimSimulation		createclaimsimulation	1519898518860	 	2.0
USER	Create Claim	1	START	1519898519682	1519898519682
REQUEST	Create Claim	1		Trigger login	1519898519711	1519898519998	OK	 
REQUEST	Create Claim	1		Trigger login Redirect 1	1519898520023	1519898520062	OK	 
REQUEST	Create Claim	1		Trigger login Redirect 2	1519898520064	1519898520405	OK	 
REQUEST	Create Claim	1		Login - submit	1519898521436	1519898521910	OK	 
REQUEST	Create Claim	1		Login - submit Redirect 1	1519898521911	1519898522832	OK	 
REQUEST	Create Claim	1		Login - submit Redirect 2	1519898522834	1519898523561	KO	regex(Make a money claim).find.exists, found nothing
REQUEST	Create Claim	1		Eligibility start	1519898533558	1519898533666	OK	 
REQUEST	Create Claim	1		Eligibility - tenancy deposit GET	1519898535668	1519898536044	OK	 
REQUEST	Create Claim	1		Eligibility - tenancy deposit POST	1519898536048	1519898536554	OK	 
REQUEST	Create Claim	1		Eligibility - tenancy deposit POST Redirect 1	1519898536555	1519898536687	KO	css((input[name='_csrf'],Some(value))).find.exists, found nothing
REQUEST	Create Claim	1		Eligibility - claim value POST	1519898536694	1519898537168	OK	 
REQUEST	Create Claim	1		Eligibility - claim value POST Redirect 1	1519898537170	1519898537479	OK	 
REQUEST	Create Claim	1		Eligibility - single claimant POST	1519898537482	1519898537886	OK	 
REQUEST	Create Claim	1		Eligibility - single defendant POST	1519898537891	1519898538192	OK	 
REQUEST	Create Claim	1		Eligibility - over 18 POST	1519898538195	1519898538501	OK	 
REQUEST	Create Claim	1		Eligibility - help with fees POST	1519898538504	1519898538907	OK	 
REQUEST	Create Claim	1		Eligibility - help with fees POST Redirect 1	1519898538909	1519898539224	OK	 
REQUEST	Create Claim	1		Eligibility - claimant address POST	1519898539227	1519898539627	OK	 
REQUEST	Create Claim	1		Eligibility - claimant address POST Redirect 1	1519898539628	1519898539935	OK	 
REQUEST	Create Claim	1		Eligibility - defendant address POST	1519898539939	1519898540446	OK	 
REQUEST	Create Claim	1		Eligibility - defendant address POST Redirect 1	1519898540447	1519898540753	OK	 
REQUEST	Create Claim	1		Eligibility - government department POST	1519898540756	1519898541060	KO	regex(You can use this service).find.exists, found nothing
REQUEST	Create Claim	1		Task list - GET	1519898541063	1519898541368	OK	 
REQUEST	Create Claim	1		Resolving this dispute - GET	1519898543349	1519898543621	OK	 
REQUEST	Create Claim	1		Resolving this dispute - POST	1519898544609	1519898545240	OK	 
REQUEST	Create Claim	1		Resolving this dispute - POST Redirect 1	1519898545241	1519898545566	OK	 
REQUEST	Create Claim	1		Completing claim - GET	1519898547570	1519898547921	OK	 
REQUEST	Create Claim	1		Completing claim - POST	1519898549920	1519898550378	OK	 
REQUEST	Create Claim	1		Completing claim - POST Redirect 1	1519898550380	1519898550686	OK	 
REQUEST	Create Claim	1		Party type selection - GET	1519898552690	1519898553042	OK	 
REQUEST	Create Claim	1		Party type selection - POST	1519898555040	1519898555396	OK	 
REQUEST	Create Claim	1		Party type selection - POST Redirect 1	1519898555397	1519898555806	OK	 
REQUEST	Create Claim	1		Your details - POST	1519898558809	1519898559390	OK	 
REQUEST	Create Claim	1		Date of birth - POST	1519898561400	1519898561746	OK	 
REQUEST	Create Claim	1		Mobile number - POST	1519898563750	1519898564101	OK	 
REQUEST	Create Claim	1		Party type selection - GET	1519898565089	1519898565432	OK	 
REQUEST	Create Claim	1		Party type selection - POST	1519898567439	1519898567716	OK	 
REQUEST	Create Claim	1		Party type selection - POST Redirect 1	1519898567717	1519898567962	OK	 
REQUEST	Create Claim	1		Their details - POST	1519898570960	1519898571475	OK	 
REQUEST	Create Claim	1		Email address - POST	1519898573469	1519898573724	OK	 
REQUEST	Create Claim	1		Amount - GET	1519898575728	1519898576184	OK	 
REQUEST	Create Claim	1		Amount - POST	1519898578178	1519898578742	OK	 
REQUEST	Create Claim	1		Amount - POST Redirect 1	1519898578743	1519898579052	OK	 
REQUEST	Create Claim	1		Interest - POST	1519898582059	1519898582531	OK	 
REQUEST	Create Claim	1		Interest - POST Redirect 1	1519898582532	1519898583147	OK	 
REQUEST	Create Claim	1		Fees - POST	1519898585160	1519898586011	OK	 
REQUEST	Create Claim	1		Fees - POST Redirect 1	1519898586012	1519898586447	OK	 
REQUEST	Create Claim	1		Total - POST	1519898588439	1519898588780	OK	 
REQUEST	Create Claim	1		Total - POST Redirect 1	1519898588781	1519898589090	OK	 
REQUEST	Create Claim	1		Reason - GET	1519898590090	1519898590418	OK	 
REQUEST	Create Claim	1		Reason - POST	1519898592430	1519898592977	OK	 
REQUEST	Create Claim	1		Reason - POST Redirect 1	1519898592978	1519898593284	OK	 
REQUEST	Create Claim	1		Check and send - GET	1519898595268	1519898595638	OK	 
REQUEST	Create Claim	1		Check and send - GET Redirect 1	1519898595639	1519898596049	OK	 
USER	Create Claim	1	END	1519898519682	1519898598061
